[0.008s] Invoking command in '/home/bayes/hssw/others/ros2project/test/cpp/bayes_workspace/src/build/test_cpp_demo': CMAKE_PREFIX_PATH=${CMAKE_PREFIX_PATH}:/home/bayes/hssw/others/ros2project/test/cpp/bayes_workspace/install/demo_python_pkg:/home/bayes/hssw/others/ros2project/test/python/workspace/install/demo_python_pkg:/opt/ros/humble /bin/cmake --build /home/bayes/hssw/others/ros2project/test/cpp/bayes_workspace/src/build/test_cpp_demo -- -j24 -l24
[0.051s] [35m[1mConsolidate compiler generated dependencies of target PersonNode[0m
[0.052s] [35m[1mConsolidate compiler generated dependencies of target WriteNode[0m
[0.063s] [ 33%] Built target bayes_test
[0.072s] [ 50%] [32mBuilding CXX object CMakeFiles/WriteNode.dir/src/WriteNode.cpp.o[0m
[0.075s] [ 66%] [32mBuilding CXX object CMakeFiles/PersonNode.dir/src/PersonNode.cpp.o[0m
[1.789s] [01m[K/home/bayes/hssw/others/ros2project/test/cpp/bayes_workspace/src/test_cpp_demo/src/WriteNode.cpp:[m[K In member function ‚Äò[01m[Kvirtual void WriteNode::eatfood(std::string)[m[K‚Äô:
[1.790s] [01m[K/home/bayes/hssw/others/ros2project/test/cpp/bayes_workspace/src/test_cpp_demo/src/WriteNode.cpp:10:33:[m[K [01;35m[Kwarning: [m[Kunused parameter ‚Äò[01m[Kfoodname[m[K‚Äô [[01;35m[K]8;;https://gcc.gnu.org/onlinedocs/gcc/Warning-Options.html#index-Wunused-parameter-Wunused-parameter]8;;[m[K]
[1.790s]    10 |     virtual void eatfood([01;35m[Kstring foodname[m[K)
[1.790s]       |                          [01;35m[K~~~~~~~^~~~~~~~[m[K
[2.131s] [ 83%] [32m[1mLinking CXX executable WriteNode[0m
[2.163s] [100%] [32m[1mLinking CXX executable PersonNode[0m
[2.199s] /bin/ld: CMakeFiles/WriteNode.dir/src/WriteNode.cpp.o: in function `WriteNode::WriteNode(std::__cxx11::basic_string<char, std::char_traits<char>, std::allocator<char> >, int)':
[2.199s] WriteNode.cpp:(.text._ZN9WriteNodeC2ENSt7__cxx1112basic_stringIcSt11char_traitsIcESaIcEEEi[_ZN9WriteNodeC5ENSt7__cxx1112basic_stringIcSt11char_traitsIcESaIcEEEi]+0x4c): undefined reference to `PersonNode::PersonNode(std::__cxx11::basic_string<char, std::char_traits<char>, std::allocator<char> >, int)'
[2.200s] /bin/ld: CMakeFiles/WriteNode.dir/src/WriteNode.cpp.o: in function `WriteNode::~WriteNode()':
[2.200s] WriteNode.cpp:(.text._ZN9WriteNodeD2Ev[_ZN9WriteNodeD5Ev]+0x26): undefined reference to `PersonNode::~PersonNode()'
[2.200s] /bin/ld: CMakeFiles/WriteNode.dir/src/WriteNode.cpp.o:(.data.rel.ro._ZTI9WriteNode[_ZTI9WriteNode]+0x10): undefined reference to `typeinfo for PersonNode'
[2.204s] collect2: error: ld returned 1 exit status
[2.206s] gmake[2]: *** [CMakeFiles/WriteNode.dir/build.make:151ÔºöWriteNode] ÈîôËØØ 1
[2.206s] gmake[1]: *** [CMakeFiles/Makefile2:193ÔºöCMakeFiles/WriteNode.dir/all] ÈîôËØØ 2
[2.206s] gmake[1]: *** Ê≠£Âú®Á≠âÂæÖÊú™ÂÆåÊàêÁöÑ‰ªªÂä°....
[2.246s] [100%] Built target PersonNode
[2.247s] gmake: *** [Makefile:146Ôºöall] ÈîôËØØ 2
[2.249s] Invoked command in '/home/bayes/hssw/others/ros2project/test/cpp/bayes_workspace/src/build/test_cpp_demo' returned '2': CMAKE_PREFIX_PATH=${CMAKE_PREFIX_PATH}:/home/bayes/hssw/others/ros2project/test/cpp/bayes_workspace/install/demo_python_pkg:/home/bayes/hssw/others/ros2project/test/python/workspace/install/demo_python_pkg:/opt/ros/humble /bin/cmake --build /home/bayes/hssw/others/ros2project/test/cpp/bayes_workspace/src/build/test_cpp_demo -- -j24 -l24
