[0.000000] (-) TimerEvent: {}
[0.000291] (demo_cpp_topic) JobQueued: {'identifier': 'demo_cpp_topic', 'dependencies': OrderedDict()}
[0.000365] (test_cpp_demo) JobQueued: {'identifier': 'test_cpp_demo', 'dependencies': OrderedDict()}
[0.000393] (demo_python_pkg) JobQueued: {'identifier': 'demo_python_pkg', 'dependencies': OrderedDict([('test_cpp_demo', '/home/bayes/hssw/others/ros2project/test/cpp/bayes_workspace/src/install/test_cpp_demo')])}
[0.000410] (test_cpp_demo) JobStarted: {'identifier': 'test_cpp_demo'}
[0.006644] (demo_cpp_topic) JobStarted: {'identifier': 'demo_cpp_topic'}
[0.014407] (test_cpp_demo) JobProgress: {'identifier': 'test_cpp_demo', 'progress': 'cmake'}
[0.017406] (test_cpp_demo) JobProgress: {'identifier': 'test_cpp_demo', 'progress': 'build'}
[0.017549] (test_cpp_demo) Command: {'cmd': ['/bin/cmake', '--build', '/home/bayes/hssw/others/ros2project/test/cpp/bayes_workspace/src/build/test_cpp_demo', '--', '-j24', '-l24'], 'cwd': '/home/bayes/hssw/others/ros2project/test/cpp/bayes_workspace/src/build/test_cpp_demo', 'env': OrderedDict([('LESSOPEN', '| /bin/lesspipe %s'), ('LANGUAGE', 'zh_CN:en'), ('USER', 'bayes'), ('SSH_CLIENT', '192.168.14.1 14201 22'), ('LC_TIME', 'zh_CN.UTF-8'), ('XDG_SESSION_TYPE', 'tty'), ('GIT_ASKPASS', '/home/bayes/.vscode-server/cli/servers/Stable-7adae6a56e34cb64d08899664b814cf620465925/server/extensions/git/dist/askpass.sh'), ('SHLVL', '1'), ('LD_LIBRARY_PATH', '/opt/ros/humble/opt/rviz_ogre_vendor/lib:/opt/ros/humble/lib/x86_64-linux-gnu:/opt/ros/humble/lib'), ('BROWSER', '/home/bayes/.vscode-server/cli/servers/Stable-7adae6a56e34cb64d08899664b814cf620465925/server/bin/helpers/browser.sh'), ('MOTD_SHOWN', 'pam'), ('HOME', '/home/bayes'), ('OLDPWD', '/home/bayes/hssw/others/ros2project/test/cpp/bayes_workspace'), ('TERM_PROGRAM_VERSION', '1.102.1'), ('VSCODE_IPC_HOOK_CLI', '/run/user/1000/vscode-ipc-401bdd36-dfb6-4825-9fb1-19484d52b4e2.sock'), ('ROS_PYTHON_VERSION', '3'), ('VSCODE_GIT_ASKPASS_MAIN', '/home/bayes/.vscode-server/cli/servers/Stable-7adae6a56e34cb64d08899664b814cf620465925/server/extensions/git/dist/askpass-main.js'), ('LC_MONETARY', 'zh_CN.UTF-8'), ('VSCODE_GIT_ASKPASS_NODE', '/home/bayes/.vscode-server/cli/servers/Stable-7adae6a56e34cb64d08899664b814cf620465925/server/node'), ('SSL_CERT_FILE', '/usr/lib/ssl/certs/ca-certificates.crt'), ('PYDEVD_DISABLE_FILE_VALIDATION', '1'), ('BUNDLED_DEBUGPY_PATH', '/home/bayes/.vscode-server/extensions/ms-python.debugpy-2025.10.0-linux-x64/bundled/libs/debugpy'), ('DBUS_SESSION_BUS_ADDRESS', 'unix:path=/run/user/1000/bus'), ('COLORTERM', 'truecolor'), ('COLCON_PREFIX_PATH', '/home/bayes/hssw/others/ros2project/test/python/workspace/src/install:/home/bayes/hssw/others/ros2project/test/python/workspace/install:/home/bayes/hssw/others/ros2project/test/cpp/bayes_workspace/src/install:/home/bayes/hssw/others/ros2project/test/cpp/bayes_workspace/install'), ('ROS_DISTRO', 'humble'), ('LOGNAME', 'bayes'), ('_', '/bin/colcon'), ('ROS_VERSION', '2'), ('XDG_SESSION_CLASS', 'user'), ('TERM', 'xterm-256color'), ('XDG_SESSION_ID', '5'), ('ROS_LOCALHOST_ONLY', '0'), ('PATH', '/bin:/usr/bin:/sbin:/usr/sbin:/usr/local/bin:/home/bayes/hssw/codes/arcode/rv1106b_rv1103b_linux/rv1106b_rv1103b_linux_ipc_v1.0.0_20241016/tools/linux/toolchain/arm-rockchip831-linux-uclibcgnueabihf/bin:/home/bayes/.vscode-server/cli/servers/Stable-7adae6a56e34cb64d08899664b814cf620465925/server/bin/remote-cli:/home/bayes/.local/bin:/opt/ros/humble/bin:/bin:/usr/bin:/sbin:/usr/sbin:/usr/local/bin:/home/bayes/hssw/codes/arcode/rv1106b_rv1103b_linux/rv1106b_rv1103b_linux_ipc_v1.0.0_20241016/tools/linux/toolchain/arm-rockchip831-linux-uclibcgnueabihf/bin:/usr/local/sbin:/usr/local/bin:/usr/sbin:/usr/bin:/sbin:/bin:/usr/games:/usr/local/games:/snap/bin:/home/bayes/.vscode-server/extensions/ms-python.debugpy-2025.10.0-linux-x64/bundled/scripts/noConfigScripts'), ('PAPERSIZE', 'a4'), ('LC_ADDRESS', 'zh_CN.UTF-8'), ('XDG_RUNTIME_DIR', '/run/user/1000'), ('SSL_CERT_DIR', '/usr/lib/ssl/certs'), ('VSCODE_DEBUGPY_ADAPTER_ENDPOINTS', '/home/bayes/.vscode-server/extensions/ms-python.debugpy-2025.10.0-linux-x64/.noConfigDebugAdapterEndpoints/endpoint-8eb546c6c80d70ad.txt'), ('LANG', 'zh_CN.UTF-8'), ('LC_TELEPHONE', 'zh_CN.UTF-8'), ('LS_COLORS', 'rs=0:di=01;34:ln=01;36:mh=00:pi=40;33:so=01;35:do=01;35:bd=40;33;01:cd=40;33;01:or=40;31;01:mi=00:su=37;41:sg=30;43:ca=30;41:tw=30;42:ow=34;42:st=37;44:ex=01;32:*.tar=01;31:*.tgz=01;31:*.arc=01;31:*.arj=01;31:*.taz=01;31:*.lha=01;31:*.lz4=01;31:*.lzh=01;31:*.lzma=01;31:*.tlz=01;31:*.txz=01;31:*.tzo=01;31:*.t7z=01;31:*.zip=01;31:*.z=01;31:*.dz=01;31:*.gz=01;31:*.lrz=01;31:*.lz=01;31:*.lzo=01;31:*.xz=01;31:*.zst=01;31:*.tzst=01;31:*.bz2=01;31:*.bz=01;31:*.tbz=01;31:*.tbz2=01;31:*.tz=01;31:*.deb=01;31:*.rpm=01;31:*.jar=01;31:*.war=01;31:*.ear=01;31:*.sar=01;31:*.rar=01;31:*.alz=01;31:*.ace=01;31:*.zoo=01;31:*.cpio=01;31:*.7z=01;31:*.rz=01;31:*.cab=01;31:*.wim=01;31:*.swm=01;31:*.dwm=01;31:*.esd=01;31:*.jpg=01;35:*.jpeg=01;35:*.mjpg=01;35:*.mjpeg=01;35:*.gif=01;35:*.bmp=01;35:*.pbm=01;35:*.pgm=01;35:*.ppm=01;35:*.tga=01;35:*.xbm=01;35:*.xpm=01;35:*.tif=01;35:*.tiff=01;35:*.png=01;35:*.svg=01;35:*.svgz=01;35:*.mng=01;35:*.pcx=01;35:*.mov=01;35:*.mpg=01;35:*.mpeg=01;35:*.m2v=01;35:*.mkv=01;35:*.webm=01;35:*.webp=01;35:*.ogm=01;35:*.mp4=01;35:*.m4v=01;35:*.mp4v=01;35:*.vob=01;35:*.qt=01;35:*.nuv=01;35:*.wmv=01;35:*.asf=01;35:*.rm=01;35:*.rmvb=01;35:*.flc=01;35:*.avi=01;35:*.fli=01;35:*.flv=01;35:*.gl=01;35:*.dl=01;35:*.xcf=01;35:*.xwd=01;35:*.yuv=01;35:*.cgm=01;35:*.emf=01;35:*.ogv=01;35:*.ogx=01;35:*.aac=00;36:*.au=00;36:*.flac=00;36:*.m4a=00;36:*.mid=00;36:*.midi=00;36:*.mka=00;36:*.mp3=00;36:*.mpc=00;36:*.ogg=00;36:*.ra=00;36:*.wav=00;36:*.oga=00;36:*.opus=00;36:*.spx=00;36:*.xspf=00;36:'), ('VSCODE_GIT_IPC_HANDLE', '/run/user/1000/vscode-git-3bdcd05227.sock'), ('TERM_PROGRAM', 'vscode'), ('AMENT_PREFIX_PATH', '/home/bayes/hssw/others/ros2project/test/python/workspace/src/install/demo_python_topic:/home/bayes/hssw/others/ros2project/test/python/workspace/src/install/demo_python_pkg:/home/bayes/hssw/others/ros2project/test/cpp/bayes_workspace/src/install/demo_python_pkg:/home/bayes/hssw/others/ros2project/test/cpp/bayes_workspace/src/install/test_cpp_demo:/home/bayes/hssw/others/ros2project/test/cpp/bayes_workspace/install/demo_python_pkg:/home/bayes/hssw/others/ros2project/test/cpp/bayes_workspace/install/test_cpp_demo:/home/bayes/hssw/others/ros2project/test/python/workspace/install/demo_python_pkg:/opt/ros/humble'), ('SHELL', '/bin/bash'), ('LC_NAME', 'zh_CN.UTF-8'), ('LESSCLOSE', '/bin/lesspipe %s %s'), ('LC_MEASUREMENT', 'zh_CN.UTF-8'), ('LC_IDENTIFICATION', 'zh_CN.UTF-8'), ('VSCODE_GIT_ASKPASS_EXTRA_ARGS', ''), ('PWD', '/home/bayes/hssw/others/ros2project/test/cpp/bayes_workspace/src/build/test_cpp_demo'), ('SSH_CONNECTION', '192.168.14.1 14201 192.168.14.128 22'), ('XDG_DATA_DIRS', '/usr/share/gnome:/usr/local/share:/usr/share:/var/lib/snapd/desktop'), ('PYTHONPATH', '/home/bayes/hssw/others/ros2project/test/python/workspace/src/install/demo_python_topic/lib/python3.10/site-packages:/home/bayes/hssw/others/ros2project/test/python/workspace/src/install/demo_python_pkg/lib/python3.10/site-packages:/home/bayes/hssw/others/ros2project/test/cpp/bayes_workspace/src/install/demo_python_pkg/lib/python3.10/site-packages:/home/bayes/hssw/others/ros2project/test/cpp/bayes_workspace/install/demo_python_pkg/lib/python3.10/site-packages:/home/bayes/hssw/others/ros2project/test/python/workspace/install/demo_python_pkg/lib/python3.10/site-packages:/opt/ros/humble/lib/python3.10/site-packages:/opt/ros/humble/local/lib/python3.10/dist-packages'), ('LC_NUMERIC', 'zh_CN.UTF-8'), ('LC_PAPER', 'zh_CN.UTF-8'), ('COLCON', '1'), ('CMAKE_PREFIX_PATH', '/home/bayes/hssw/others/ros2project/test/cpp/bayes_workspace/src/install/test_cpp_demo:/home/bayes/hssw/others/ros2project/test/cpp/bayes_workspace/install/test_cpp_demo:/home/bayes/hssw/others/ros2project/test/python/workspace/src/install/demo_python_topic:/home/bayes/hssw/others/ros2project/test/python/workspace/src/install/demo_python_pkg:/home/bayes/hssw/others/ros2project/test/cpp/bayes_workspace/src/install/demo_python_pkg:/home/bayes/hssw/others/ros2project/test/cpp/bayes_workspace/install/demo_python_pkg:/home/bayes/hssw/others/ros2project/test/python/workspace/install/demo_python_pkg:/opt/ros/humble')]), 'shell': False}
[0.023215] (demo_cpp_topic) JobProgress: {'identifier': 'demo_cpp_topic', 'progress': 'cmake'}
[0.024850] (demo_cpp_topic) Command: {'cmd': ['/bin/cmake', '/home/bayes/hssw/others/ros2project/test/cpp/bayes_workspace/src/demo_cpp_topic', '-DCMAKE_INSTALL_PREFIX=/home/bayes/hssw/others/ros2project/test/cpp/bayes_workspace/src/install/demo_cpp_topic'], 'cwd': '/home/bayes/hssw/others/ros2project/test/cpp/bayes_workspace/src/build/demo_cpp_topic', 'env': OrderedDict([('LESSOPEN', '| /bin/lesspipe %s'), ('LANGUAGE', 'zh_CN:en'), ('USER', 'bayes'), ('SSH_CLIENT', '192.168.14.1 14201 22'), ('LC_TIME', 'zh_CN.UTF-8'), ('XDG_SESSION_TYPE', 'tty'), ('GIT_ASKPASS', '/home/bayes/.vscode-server/cli/servers/Stable-7adae6a56e34cb64d08899664b814cf620465925/server/extensions/git/dist/askpass.sh'), ('SHLVL', '1'), ('LD_LIBRARY_PATH', '/opt/ros/humble/opt/rviz_ogre_vendor/lib:/opt/ros/humble/lib/x86_64-linux-gnu:/opt/ros/humble/lib'), ('BROWSER', '/home/bayes/.vscode-server/cli/servers/Stable-7adae6a56e34cb64d08899664b814cf620465925/server/bin/helpers/browser.sh'), ('MOTD_SHOWN', 'pam'), ('HOME', '/home/bayes'), ('OLDPWD', '/home/bayes/hssw/others/ros2project/test/cpp/bayes_workspace'), ('TERM_PROGRAM_VERSION', '1.102.1'), ('VSCODE_IPC_HOOK_CLI', '/run/user/1000/vscode-ipc-401bdd36-dfb6-4825-9fb1-19484d52b4e2.sock'), ('ROS_PYTHON_VERSION', '3'), ('VSCODE_GIT_ASKPASS_MAIN', '/home/bayes/.vscode-server/cli/servers/Stable-7adae6a56e34cb64d08899664b814cf620465925/server/extensions/git/dist/askpass-main.js'), ('LC_MONETARY', 'zh_CN.UTF-8'), ('VSCODE_GIT_ASKPASS_NODE', '/home/bayes/.vscode-server/cli/servers/Stable-7adae6a56e34cb64d08899664b814cf620465925/server/node'), ('SSL_CERT_FILE', '/usr/lib/ssl/certs/ca-certificates.crt'), ('PYDEVD_DISABLE_FILE_VALIDATION', '1'), ('BUNDLED_DEBUGPY_PATH', '/home/bayes/.vscode-server/extensions/ms-python.debugpy-2025.10.0-linux-x64/bundled/libs/debugpy'), ('DBUS_SESSION_BUS_ADDRESS', 'unix:path=/run/user/1000/bus'), ('COLORTERM', 'truecolor'), ('COLCON_PREFIX_PATH', '/home/bayes/hssw/others/ros2project/test/python/workspace/src/install:/home/bayes/hssw/others/ros2project/test/python/workspace/install:/home/bayes/hssw/others/ros2project/test/cpp/bayes_workspace/src/install:/home/bayes/hssw/others/ros2project/test/cpp/bayes_workspace/install'), ('ROS_DISTRO', 'humble'), ('LOGNAME', 'bayes'), ('_', '/bin/colcon'), ('ROS_VERSION', '2'), ('XDG_SESSION_CLASS', 'user'), ('TERM', 'xterm-256color'), ('XDG_SESSION_ID', '5'), ('ROS_LOCALHOST_ONLY', '0'), ('PATH', '/bin:/usr/bin:/sbin:/usr/sbin:/usr/local/bin:/home/bayes/hssw/codes/arcode/rv1106b_rv1103b_linux/rv1106b_rv1103b_linux_ipc_v1.0.0_20241016/tools/linux/toolchain/arm-rockchip831-linux-uclibcgnueabihf/bin:/home/bayes/.vscode-server/cli/servers/Stable-7adae6a56e34cb64d08899664b814cf620465925/server/bin/remote-cli:/home/bayes/.local/bin:/opt/ros/humble/bin:/bin:/usr/bin:/sbin:/usr/sbin:/usr/local/bin:/home/bayes/hssw/codes/arcode/rv1106b_rv1103b_linux/rv1106b_rv1103b_linux_ipc_v1.0.0_20241016/tools/linux/toolchain/arm-rockchip831-linux-uclibcgnueabihf/bin:/usr/local/sbin:/usr/local/bin:/usr/sbin:/usr/bin:/sbin:/bin:/usr/games:/usr/local/games:/snap/bin:/home/bayes/.vscode-server/extensions/ms-python.debugpy-2025.10.0-linux-x64/bundled/scripts/noConfigScripts'), ('PAPERSIZE', 'a4'), ('LC_ADDRESS', 'zh_CN.UTF-8'), ('XDG_RUNTIME_DIR', '/run/user/1000'), ('SSL_CERT_DIR', '/usr/lib/ssl/certs'), ('VSCODE_DEBUGPY_ADAPTER_ENDPOINTS', '/home/bayes/.vscode-server/extensions/ms-python.debugpy-2025.10.0-linux-x64/.noConfigDebugAdapterEndpoints/endpoint-8eb546c6c80d70ad.txt'), ('LANG', 'zh_CN.UTF-8'), ('LC_TELEPHONE', 'zh_CN.UTF-8'), ('LS_COLORS', 'rs=0:di=01;34:ln=01;36:mh=00:pi=40;33:so=01;35:do=01;35:bd=40;33;01:cd=40;33;01:or=40;31;01:mi=00:su=37;41:sg=30;43:ca=30;41:tw=30;42:ow=34;42:st=37;44:ex=01;32:*.tar=01;31:*.tgz=01;31:*.arc=01;31:*.arj=01;31:*.taz=01;31:*.lha=01;31:*.lz4=01;31:*.lzh=01;31:*.lzma=01;31:*.tlz=01;31:*.txz=01;31:*.tzo=01;31:*.t7z=01;31:*.zip=01;31:*.z=01;31:*.dz=01;31:*.gz=01;31:*.lrz=01;31:*.lz=01;31:*.lzo=01;31:*.xz=01;31:*.zst=01;31:*.tzst=01;31:*.bz2=01;31:*.bz=01;31:*.tbz=01;31:*.tbz2=01;31:*.tz=01;31:*.deb=01;31:*.rpm=01;31:*.jar=01;31:*.war=01;31:*.ear=01;31:*.sar=01;31:*.rar=01;31:*.alz=01;31:*.ace=01;31:*.zoo=01;31:*.cpio=01;31:*.7z=01;31:*.rz=01;31:*.cab=01;31:*.wim=01;31:*.swm=01;31:*.dwm=01;31:*.esd=01;31:*.jpg=01;35:*.jpeg=01;35:*.mjpg=01;35:*.mjpeg=01;35:*.gif=01;35:*.bmp=01;35:*.pbm=01;35:*.pgm=01;35:*.ppm=01;35:*.tga=01;35:*.xbm=01;35:*.xpm=01;35:*.tif=01;35:*.tiff=01;35:*.png=01;35:*.svg=01;35:*.svgz=01;35:*.mng=01;35:*.pcx=01;35:*.mov=01;35:*.mpg=01;35:*.mpeg=01;35:*.m2v=01;35:*.mkv=01;35:*.webm=01;35:*.webp=01;35:*.ogm=01;35:*.mp4=01;35:*.m4v=01;35:*.mp4v=01;35:*.vob=01;35:*.qt=01;35:*.nuv=01;35:*.wmv=01;35:*.asf=01;35:*.rm=01;35:*.rmvb=01;35:*.flc=01;35:*.avi=01;35:*.fli=01;35:*.flv=01;35:*.gl=01;35:*.dl=01;35:*.xcf=01;35:*.xwd=01;35:*.yuv=01;35:*.cgm=01;35:*.emf=01;35:*.ogv=01;35:*.ogx=01;35:*.aac=00;36:*.au=00;36:*.flac=00;36:*.m4a=00;36:*.mid=00;36:*.midi=00;36:*.mka=00;36:*.mp3=00;36:*.mpc=00;36:*.ogg=00;36:*.ra=00;36:*.wav=00;36:*.oga=00;36:*.opus=00;36:*.spx=00;36:*.xspf=00;36:'), ('VSCODE_GIT_IPC_HANDLE', '/run/user/1000/vscode-git-3bdcd05227.sock'), ('TERM_PROGRAM', 'vscode'), ('AMENT_PREFIX_PATH', '/home/bayes/hssw/others/ros2project/test/python/workspace/src/install/demo_python_topic:/home/bayes/hssw/others/ros2project/test/python/workspace/src/install/demo_python_pkg:/home/bayes/hssw/others/ros2project/test/cpp/bayes_workspace/src/install/demo_python_pkg:/home/bayes/hssw/others/ros2project/test/cpp/bayes_workspace/src/install/test_cpp_demo:/home/bayes/hssw/others/ros2project/test/cpp/bayes_workspace/install/demo_python_pkg:/home/bayes/hssw/others/ros2project/test/cpp/bayes_workspace/install/test_cpp_demo:/home/bayes/hssw/others/ros2project/test/python/workspace/install/demo_python_pkg:/opt/ros/humble'), ('SHELL', '/bin/bash'), ('LC_NAME', 'zh_CN.UTF-8'), ('LESSCLOSE', '/bin/lesspipe %s %s'), ('LC_MEASUREMENT', 'zh_CN.UTF-8'), ('LC_IDENTIFICATION', 'zh_CN.UTF-8'), ('VSCODE_GIT_ASKPASS_EXTRA_ARGS', ''), ('PWD', '/home/bayes/hssw/others/ros2project/test/cpp/bayes_workspace/src/build/demo_cpp_topic'), ('SSH_CONNECTION', '192.168.14.1 14201 192.168.14.128 22'), ('XDG_DATA_DIRS', '/usr/share/gnome:/usr/local/share:/usr/share:/var/lib/snapd/desktop'), ('PYTHONPATH', '/home/bayes/hssw/others/ros2project/test/python/workspace/src/install/demo_python_topic/lib/python3.10/site-packages:/home/bayes/hssw/others/ros2project/test/python/workspace/src/install/demo_python_pkg/lib/python3.10/site-packages:/home/bayes/hssw/others/ros2project/test/cpp/bayes_workspace/src/install/demo_python_pkg/lib/python3.10/site-packages:/home/bayes/hssw/others/ros2project/test/cpp/bayes_workspace/install/demo_python_pkg/lib/python3.10/site-packages:/home/bayes/hssw/others/ros2project/test/python/workspace/install/demo_python_pkg/lib/python3.10/site-packages:/opt/ros/humble/lib/python3.10/site-packages:/opt/ros/humble/local/lib/python3.10/dist-packages'), ('LC_NUMERIC', 'zh_CN.UTF-8'), ('LC_PAPER', 'zh_CN.UTF-8'), ('COLCON', '1'), ('CMAKE_PREFIX_PATH', '/home/bayes/hssw/others/ros2project/test/cpp/bayes_workspace/src/install/test_cpp_demo:/home/bayes/hssw/others/ros2project/test/cpp/bayes_workspace/install/test_cpp_demo:/home/bayes/hssw/others/ros2project/test/python/workspace/src/install/demo_python_topic:/home/bayes/hssw/others/ros2project/test/python/workspace/src/install/demo_python_pkg:/home/bayes/hssw/others/ros2project/test/cpp/bayes_workspace/src/install/demo_python_pkg:/home/bayes/hssw/others/ros2project/test/cpp/bayes_workspace/install/demo_python_pkg:/home/bayes/hssw/others/ros2project/test/python/workspace/install/demo_python_pkg:/opt/ros/humble')]), 'shell': False}
[0.037027] (demo_cpp_topic) StdoutLine: {'line': b'-- Found ament_cmake: 1.3.12 (/opt/ros/humble/share/ament_cmake/cmake)\n'}
[0.074008] (test_cpp_demo) StdoutLine: {'line': b'[ 37%] Built target mainPerson\n'}
[0.075217] (test_cpp_demo) StdoutLine: {'line': b'[100%] Built target WriteNode\n'}
[0.075366] (test_cpp_demo) StdoutLine: {'line': b'[100%] Built target bayes_test\n'}
[0.083923] (test_cpp_demo) CommandEnded: {'returncode': 0}
[0.084823] (test_cpp_demo) JobProgress: {'identifier': 'test_cpp_demo', 'progress': 'install'}
[0.092222] (test_cpp_demo) Command: {'cmd': ['/bin/cmake', '--install', '/home/bayes/hssw/others/ros2project/test/cpp/bayes_workspace/src/build/test_cpp_demo'], 'cwd': '/home/bayes/hssw/others/ros2project/test/cpp/bayes_workspace/src/build/test_cpp_demo', 'env': OrderedDict([('LESSOPEN', '| /bin/lesspipe %s'), ('LANGUAGE', 'zh_CN:en'), ('USER', 'bayes'), ('SSH_CLIENT', '192.168.14.1 14201 22'), ('LC_TIME', 'zh_CN.UTF-8'), ('XDG_SESSION_TYPE', 'tty'), ('GIT_ASKPASS', '/home/bayes/.vscode-server/cli/servers/Stable-7adae6a56e34cb64d08899664b814cf620465925/server/extensions/git/dist/askpass.sh'), ('SHLVL', '1'), ('LD_LIBRARY_PATH', '/opt/ros/humble/opt/rviz_ogre_vendor/lib:/opt/ros/humble/lib/x86_64-linux-gnu:/opt/ros/humble/lib'), ('BROWSER', '/home/bayes/.vscode-server/cli/servers/Stable-7adae6a56e34cb64d08899664b814cf620465925/server/bin/helpers/browser.sh'), ('MOTD_SHOWN', 'pam'), ('HOME', '/home/bayes'), ('OLDPWD', '/home/bayes/hssw/others/ros2project/test/cpp/bayes_workspace'), ('TERM_PROGRAM_VERSION', '1.102.1'), ('VSCODE_IPC_HOOK_CLI', '/run/user/1000/vscode-ipc-401bdd36-dfb6-4825-9fb1-19484d52b4e2.sock'), ('ROS_PYTHON_VERSION', '3'), ('VSCODE_GIT_ASKPASS_MAIN', '/home/bayes/.vscode-server/cli/servers/Stable-7adae6a56e34cb64d08899664b814cf620465925/server/extensions/git/dist/askpass-main.js'), ('LC_MONETARY', 'zh_CN.UTF-8'), ('VSCODE_GIT_ASKPASS_NODE', '/home/bayes/.vscode-server/cli/servers/Stable-7adae6a56e34cb64d08899664b814cf620465925/server/node'), ('SSL_CERT_FILE', '/usr/lib/ssl/certs/ca-certificates.crt'), ('PYDEVD_DISABLE_FILE_VALIDATION', '1'), ('BUNDLED_DEBUGPY_PATH', '/home/bayes/.vscode-server/extensions/ms-python.debugpy-2025.10.0-linux-x64/bundled/libs/debugpy'), ('DBUS_SESSION_BUS_ADDRESS', 'unix:path=/run/user/1000/bus'), ('COLORTERM', 'truecolor'), ('COLCON_PREFIX_PATH', '/home/bayes/hssw/others/ros2project/test/python/workspace/src/install:/home/bayes/hssw/others/ros2project/test/python/workspace/install:/home/bayes/hssw/others/ros2project/test/cpp/bayes_workspace/src/install:/home/bayes/hssw/others/ros2project/test/cpp/bayes_workspace/install'), ('ROS_DISTRO', 'humble'), ('LOGNAME', 'bayes'), ('_', '/bin/colcon'), ('ROS_VERSION', '2'), ('XDG_SESSION_CLASS', 'user'), ('TERM', 'xterm-256color'), ('XDG_SESSION_ID', '5'), ('ROS_LOCALHOST_ONLY', '0'), ('PATH', '/bin:/usr/bin:/sbin:/usr/sbin:/usr/local/bin:/home/bayes/hssw/codes/arcode/rv1106b_rv1103b_linux/rv1106b_rv1103b_linux_ipc_v1.0.0_20241016/tools/linux/toolchain/arm-rockchip831-linux-uclibcgnueabihf/bin:/home/bayes/.vscode-server/cli/servers/Stable-7adae6a56e34cb64d08899664b814cf620465925/server/bin/remote-cli:/home/bayes/.local/bin:/opt/ros/humble/bin:/bin:/usr/bin:/sbin:/usr/sbin:/usr/local/bin:/home/bayes/hssw/codes/arcode/rv1106b_rv1103b_linux/rv1106b_rv1103b_linux_ipc_v1.0.0_20241016/tools/linux/toolchain/arm-rockchip831-linux-uclibcgnueabihf/bin:/usr/local/sbin:/usr/local/bin:/usr/sbin:/usr/bin:/sbin:/bin:/usr/games:/usr/local/games:/snap/bin:/home/bayes/.vscode-server/extensions/ms-python.debugpy-2025.10.0-linux-x64/bundled/scripts/noConfigScripts'), ('PAPERSIZE', 'a4'), ('LC_ADDRESS', 'zh_CN.UTF-8'), ('XDG_RUNTIME_DIR', '/run/user/1000'), ('SSL_CERT_DIR', '/usr/lib/ssl/certs'), ('VSCODE_DEBUGPY_ADAPTER_ENDPOINTS', '/home/bayes/.vscode-server/extensions/ms-python.debugpy-2025.10.0-linux-x64/.noConfigDebugAdapterEndpoints/endpoint-8eb546c6c80d70ad.txt'), ('LANG', 'zh_CN.UTF-8'), ('LC_TELEPHONE', 'zh_CN.UTF-8'), ('LS_COLORS', 'rs=0:di=01;34:ln=01;36:mh=00:pi=40;33:so=01;35:do=01;35:bd=40;33;01:cd=40;33;01:or=40;31;01:mi=00:su=37;41:sg=30;43:ca=30;41:tw=30;42:ow=34;42:st=37;44:ex=01;32:*.tar=01;31:*.tgz=01;31:*.arc=01;31:*.arj=01;31:*.taz=01;31:*.lha=01;31:*.lz4=01;31:*.lzh=01;31:*.lzma=01;31:*.tlz=01;31:*.txz=01;31:*.tzo=01;31:*.t7z=01;31:*.zip=01;31:*.z=01;31:*.dz=01;31:*.gz=01;31:*.lrz=01;31:*.lz=01;31:*.lzo=01;31:*.xz=01;31:*.zst=01;31:*.tzst=01;31:*.bz2=01;31:*.bz=01;31:*.tbz=01;31:*.tbz2=01;31:*.tz=01;31:*.deb=01;31:*.rpm=01;31:*.jar=01;31:*.war=01;31:*.ear=01;31:*.sar=01;31:*.rar=01;31:*.alz=01;31:*.ace=01;31:*.zoo=01;31:*.cpio=01;31:*.7z=01;31:*.rz=01;31:*.cab=01;31:*.wim=01;31:*.swm=01;31:*.dwm=01;31:*.esd=01;31:*.jpg=01;35:*.jpeg=01;35:*.mjpg=01;35:*.mjpeg=01;35:*.gif=01;35:*.bmp=01;35:*.pbm=01;35:*.pgm=01;35:*.ppm=01;35:*.tga=01;35:*.xbm=01;35:*.xpm=01;35:*.tif=01;35:*.tiff=01;35:*.png=01;35:*.svg=01;35:*.svgz=01;35:*.mng=01;35:*.pcx=01;35:*.mov=01;35:*.mpg=01;35:*.mpeg=01;35:*.m2v=01;35:*.mkv=01;35:*.webm=01;35:*.webp=01;35:*.ogm=01;35:*.mp4=01;35:*.m4v=01;35:*.mp4v=01;35:*.vob=01;35:*.qt=01;35:*.nuv=01;35:*.wmv=01;35:*.asf=01;35:*.rm=01;35:*.rmvb=01;35:*.flc=01;35:*.avi=01;35:*.fli=01;35:*.flv=01;35:*.gl=01;35:*.dl=01;35:*.xcf=01;35:*.xwd=01;35:*.yuv=01;35:*.cgm=01;35:*.emf=01;35:*.ogv=01;35:*.ogx=01;35:*.aac=00;36:*.au=00;36:*.flac=00;36:*.m4a=00;36:*.mid=00;36:*.midi=00;36:*.mka=00;36:*.mp3=00;36:*.mpc=00;36:*.ogg=00;36:*.ra=00;36:*.wav=00;36:*.oga=00;36:*.opus=00;36:*.spx=00;36:*.xspf=00;36:'), ('VSCODE_GIT_IPC_HANDLE', '/run/user/1000/vscode-git-3bdcd05227.sock'), ('TERM_PROGRAM', 'vscode'), ('AMENT_PREFIX_PATH', '/home/bayes/hssw/others/ros2project/test/python/workspace/src/install/demo_python_topic:/home/bayes/hssw/others/ros2project/test/python/workspace/src/install/demo_python_pkg:/home/bayes/hssw/others/ros2project/test/cpp/bayes_workspace/src/install/demo_python_pkg:/home/bayes/hssw/others/ros2project/test/cpp/bayes_workspace/src/install/test_cpp_demo:/home/bayes/hssw/others/ros2project/test/cpp/bayes_workspace/install/demo_python_pkg:/home/bayes/hssw/others/ros2project/test/cpp/bayes_workspace/install/test_cpp_demo:/home/bayes/hssw/others/ros2project/test/python/workspace/install/demo_python_pkg:/opt/ros/humble'), ('SHELL', '/bin/bash'), ('LC_NAME', 'zh_CN.UTF-8'), ('LESSCLOSE', '/bin/lesspipe %s %s'), ('LC_MEASUREMENT', 'zh_CN.UTF-8'), ('LC_IDENTIFICATION', 'zh_CN.UTF-8'), ('VSCODE_GIT_ASKPASS_EXTRA_ARGS', ''), ('PWD', '/home/bayes/hssw/others/ros2project/test/cpp/bayes_workspace/src/build/test_cpp_demo'), ('SSH_CONNECTION', '192.168.14.1 14201 192.168.14.128 22'), ('XDG_DATA_DIRS', '/usr/share/gnome:/usr/local/share:/usr/share:/var/lib/snapd/desktop'), ('PYTHONPATH', '/home/bayes/hssw/others/ros2project/test/python/workspace/src/install/demo_python_topic/lib/python3.10/site-packages:/home/bayes/hssw/others/ros2project/test/python/workspace/src/install/demo_python_pkg/lib/python3.10/site-packages:/home/bayes/hssw/others/ros2project/test/cpp/bayes_workspace/src/install/demo_python_pkg/lib/python3.10/site-packages:/home/bayes/hssw/others/ros2project/test/cpp/bayes_workspace/install/demo_python_pkg/lib/python3.10/site-packages:/home/bayes/hssw/others/ros2project/test/python/workspace/install/demo_python_pkg/lib/python3.10/site-packages:/opt/ros/humble/lib/python3.10/site-packages:/opt/ros/humble/local/lib/python3.10/dist-packages'), ('LC_NUMERIC', 'zh_CN.UTF-8'), ('LC_PAPER', 'zh_CN.UTF-8'), ('COLCON', '1'), ('CMAKE_PREFIX_PATH', '/home/bayes/hssw/others/ros2project/test/cpp/bayes_workspace/src/install/test_cpp_demo:/home/bayes/hssw/others/ros2project/test/cpp/bayes_workspace/install/test_cpp_demo:/home/bayes/hssw/others/ros2project/test/python/workspace/src/install/demo_python_topic:/home/bayes/hssw/others/ros2project/test/python/workspace/src/install/demo_python_pkg:/home/bayes/hssw/others/ros2project/test/cpp/bayes_workspace/src/install/demo_python_pkg:/home/bayes/hssw/others/ros2project/test/cpp/bayes_workspace/install/demo_python_pkg:/home/bayes/hssw/others/ros2project/test/python/workspace/install/demo_python_pkg:/opt/ros/humble')]), 'shell': False}
[0.097789] (test_cpp_demo) StdoutLine: {'line': b'-- Install configuration: ""\n'}
[0.098244] (test_cpp_demo) StdoutLine: {'line': b'-- Up-to-date: /home/bayes/hssw/others/ros2project/test/cpp/bayes_workspace/src/install/test_cpp_demo/lib/test_cpp_demo/bayes_test\n'}
[0.098530] (test_cpp_demo) StdoutLine: {'line': b'-- Up-to-date: /home/bayes/hssw/others/ros2project/test/cpp/bayes_workspace/src/install/test_cpp_demo/lib/test_cpp_demo/WriteNode\n'}
[0.098783] (test_cpp_demo) StdoutLine: {'line': b'-- Up-to-date: /home/bayes/hssw/others/ros2project/test/cpp/bayes_workspace/src/install/test_cpp_demo/lib/test_cpp_demo/mainPerson\n'}
[0.099332] (test_cpp_demo) StdoutLine: {'line': b'-- Up-to-date: /home/bayes/hssw/others/ros2project/test/cpp/bayes_workspace/src/install/test_cpp_demo/share/ament_index/resource_index/package_run_dependencies/test_cpp_demo\n'}
[0.099413] (-) TimerEvent: {}
[0.099698] (test_cpp_demo) StdoutLine: {'line': b'-- Up-to-date: /home/bayes/hssw/others/ros2project/test/cpp/bayes_workspace/src/install/test_cpp_demo/share/ament_index/resource_index/parent_prefix_path/test_cpp_demo\n'}
[0.100049] (test_cpp_demo) StdoutLine: {'line': b'-- Up-to-date: /home/bayes/hssw/others/ros2project/test/cpp/bayes_workspace/src/install/test_cpp_demo/share/test_cpp_demo/environment/ament_prefix_path.sh\n'}
[0.100279] (test_cpp_demo) StdoutLine: {'line': b'-- Up-to-date: /home/bayes/hssw/others/ros2project/test/cpp/bayes_workspace/src/install/test_cpp_demo/share/test_cpp_demo/environment/ament_prefix_path.dsv\n'}
[0.100560] (test_cpp_demo) StdoutLine: {'line': b'-- Up-to-date: /home/bayes/hssw/others/ros2project/test/cpp/bayes_workspace/src/install/test_cpp_demo/share/test_cpp_demo/environment/path.sh\n'}
[0.100739] (test_cpp_demo) StdoutLine: {'line': b'-- Up-to-date: /home/bayes/hssw/others/ros2project/test/cpp/bayes_workspace/src/install/test_cpp_demo/share/test_cpp_demo/environment/path.dsv\n'}
[0.100877] (test_cpp_demo) StdoutLine: {'line': b'-- Up-to-date: /home/bayes/hssw/others/ros2project/test/cpp/bayes_workspace/src/install/test_cpp_demo/share/test_cpp_demo/local_setup.bash\n'}
[0.100938] (test_cpp_demo) StdoutLine: {'line': b'-- Up-to-date: /home/bayes/hssw/others/ros2project/test/cpp/bayes_workspace/src/install/test_cpp_demo/share/test_cpp_demo/local_setup.sh\n'}
[0.100992] (test_cpp_demo) StdoutLine: {'line': b'-- Up-to-date: /home/bayes/hssw/others/ros2project/test/cpp/bayes_workspace/src/install/test_cpp_demo/share/test_cpp_demo/local_setup.zsh\n'}
[0.101045] (test_cpp_demo) StdoutLine: {'line': b'-- Up-to-date: /home/bayes/hssw/others/ros2project/test/cpp/bayes_workspace/src/install/test_cpp_demo/share/test_cpp_demo/local_setup.dsv\n'}
[0.101091] (test_cpp_demo) StdoutLine: {'line': b'-- Installing: /home/bayes/hssw/others/ros2project/test/cpp/bayes_workspace/src/install/test_cpp_demo/share/test_cpp_demo/package.dsv\n'}
[0.101136] (test_cpp_demo) StdoutLine: {'line': b'-- Up-to-date: /home/bayes/hssw/others/ros2project/test/cpp/bayes_workspace/src/install/test_cpp_demo/share/ament_index/resource_index/packages/test_cpp_demo\n'}
[0.101181] (test_cpp_demo) StdoutLine: {'line': b'-- Up-to-date: /home/bayes/hssw/others/ros2project/test/cpp/bayes_workspace/src/install/test_cpp_demo/share/test_cpp_demo/cmake/test_cpp_demoConfig.cmake\n'}
[0.101225] (test_cpp_demo) StdoutLine: {'line': b'-- Up-to-date: /home/bayes/hssw/others/ros2project/test/cpp/bayes_workspace/src/install/test_cpp_demo/share/test_cpp_demo/cmake/test_cpp_demoConfig-version.cmake\n'}
[0.101269] (test_cpp_demo) StdoutLine: {'line': b'-- Up-to-date: /home/bayes/hssw/others/ros2project/test/cpp/bayes_workspace/src/install/test_cpp_demo/share/test_cpp_demo/package.xml\n'}
[0.102517] (test_cpp_demo) CommandEnded: {'returncode': 0}
[0.116696] (test_cpp_demo) JobEnded: {'identifier': 'test_cpp_demo', 'rc': 0}
[0.117146] (demo_python_pkg) JobStarted: {'identifier': 'demo_python_pkg'}
[0.141198] (demo_cpp_topic) StdoutLine: {'line': b'-- Found rclcpp: 16.0.14 (/opt/ros/humble/share/rclcpp/cmake)\n'}
[0.180926] (demo_cpp_topic) StdoutLine: {'line': b'-- Found rosidl_generator_c: 3.1.7 (/opt/ros/humble/share/rosidl_generator_c/cmake)\n'}
[0.185486] (demo_cpp_topic) StdoutLine: {'line': b'-- Found rosidl_adapter: 3.1.7 (/opt/ros/humble/share/rosidl_adapter/cmake)\n'}
[0.193004] (demo_cpp_topic) StdoutLine: {'line': b'-- Found rosidl_generator_cpp: 3.1.7 (/opt/ros/humble/share/rosidl_generator_cpp/cmake)\n'}
[0.199525] (-) TimerEvent: {}
[0.203213] (demo_cpp_topic) StdoutLine: {'line': b'-- Using all available rosidl_typesupport_c: rosidl_typesupport_fastrtps_c;rosidl_typesupport_introspection_c\n'}
[0.216420] (demo_cpp_topic) StdoutLine: {'line': b'-- Using all available rosidl_typesupport_cpp: rosidl_typesupport_fastrtps_cpp;rosidl_typesupport_introspection_cpp\n'}
[0.252185] (demo_cpp_topic) StdoutLine: {'line': b'-- Found rmw_implementation_cmake: 6.1.2 (/opt/ros/humble/share/rmw_implementation_cmake/cmake)\n'}
[0.254626] (demo_cpp_topic) StdoutLine: {'line': b'-- Found rmw_fastrtps_cpp: 6.2.8 (/opt/ros/humble/share/rmw_fastrtps_cpp/cmake)\n'}
[0.299683] (-) TimerEvent: {}
[0.336514] (demo_cpp_topic) StdoutLine: {'line': b'-- Found OpenSSL: /usr/lib/x86_64-linux-gnu/libcrypto.so (found version "3.0.2")  \n'}
[0.355601] (demo_cpp_topic) StdoutLine: {'line': b'-- Found FastRTPS: /opt/ros/humble/include  \n'}
[0.384864] (demo_cpp_topic) StdoutLine: {'line': b"-- Using RMW implementation 'rmw_fastrtps_cpp' as default\n"}
[0.392892] (demo_cpp_topic) StdoutLine: {'line': b'-- Looking for pthread.h\n'}
[0.400015] (-) TimerEvent: {}
[0.460796] (demo_cpp_topic) StdoutLine: {'line': b'-- Looking for pthread.h - found\n'}
[0.461071] (demo_cpp_topic) StdoutLine: {'line': b'-- Performing Test CMAKE_HAVE_LIBC_PTHREAD\n'}
[0.500451] (-) TimerEvent: {}
[0.523880] (demo_cpp_topic) StdoutLine: {'line': b'-- Performing Test CMAKE_HAVE_LIBC_PTHREAD - Success\n'}
[0.524933] (demo_cpp_topic) StdoutLine: {'line': b'-- Found Threads: TRUE  \n'}
[0.564750] (demo_cpp_topic) StdoutLine: {'line': b'-- Found geometry_msgs: 4.9.0 (/opt/ros/humble/share/geometry_msgs/cmake)\n'}
[0.582235] (demo_cpp_topic) StdoutLine: {'line': b'-- Found ament_lint_auto: 0.12.14 (/opt/ros/humble/share/ament_lint_auto/cmake)\n'}
[0.600567] (-) TimerEvent: {}
[0.644942] (demo_cpp_topic) StdoutLine: {'line': b"-- Added test 'cppcheck' to perform static code analysis on C / C++ code\n"}
[0.645109] (demo_cpp_topic) StdoutLine: {'line': b'-- Configured cppcheck include dirs: \n'}
[0.645163] (demo_cpp_topic) StdoutLine: {'line': b'-- Configured cppcheck exclude dirs and/or files: \n'}
[0.645985] (demo_cpp_topic) StdoutLine: {'line': b"-- Added test 'lint_cmake' to check CMake code style\n"}
[0.646652] (demo_cpp_topic) StdoutLine: {'line': b"-- Added test 'uncrustify' to check C / C++ code style\n"}
[0.646827] (demo_cpp_topic) StdoutLine: {'line': b'-- Configured uncrustify additional arguments: \n'}
[0.648648] (demo_python_pkg) Command: {'cmd': ['/usr/bin/python3', '-W', 'ignore:setup.py install is deprecated', '-W', 'ignore:easy_install command is deprecated', 'setup.py', 'egg_info', '--egg-base', '../build/demo_python_pkg', 'build', '--build-base', '/home/bayes/hssw/others/ros2project/test/cpp/bayes_workspace/src/build/demo_python_pkg/build', 'install', '--record', '/home/bayes/hssw/others/ros2project/test/cpp/bayes_workspace/src/build/demo_python_pkg/install.log', '--single-version-externally-managed', 'install_data'], 'cwd': '/home/bayes/hssw/others/ros2project/test/cpp/bayes_workspace/src/demo_python_pkg', 'env': {'LESSOPEN': '| /bin/lesspipe %s', 'LANGUAGE': 'zh_CN:en', 'USER': 'bayes', 'SSH_CLIENT': '192.168.14.1 14201 22', 'LC_TIME': 'zh_CN.UTF-8', 'XDG_SESSION_TYPE': 'tty', 'GIT_ASKPASS': '/home/bayes/.vscode-server/cli/servers/Stable-7adae6a56e34cb64d08899664b814cf620465925/server/extensions/git/dist/askpass.sh', 'SHLVL': '1', 'LD_LIBRARY_PATH': '/opt/ros/humble/opt/rviz_ogre_vendor/lib:/opt/ros/humble/lib/x86_64-linux-gnu:/opt/ros/humble/lib', 'BROWSER': '/home/bayes/.vscode-server/cli/servers/Stable-7adae6a56e34cb64d08899664b814cf620465925/server/bin/helpers/browser.sh', 'MOTD_SHOWN': 'pam', 'HOME': '/home/bayes', 'OLDPWD': '/home/bayes/hssw/others/ros2project/test/cpp/bayes_workspace', 'TERM_PROGRAM_VERSION': '1.102.1', 'VSCODE_IPC_HOOK_CLI': '/run/user/1000/vscode-ipc-401bdd36-dfb6-4825-9fb1-19484d52b4e2.sock', 'ROS_PYTHON_VERSION': '3', 'VSCODE_GIT_ASKPASS_MAIN': '/home/bayes/.vscode-server/cli/servers/Stable-7adae6a56e34cb64d08899664b814cf620465925/server/extensions/git/dist/askpass-main.js', 'LC_MONETARY': 'zh_CN.UTF-8', 'VSCODE_GIT_ASKPASS_NODE': '/home/bayes/.vscode-server/cli/servers/Stable-7adae6a56e34cb64d08899664b814cf620465925/server/node', 'SSL_CERT_FILE': '/usr/lib/ssl/certs/ca-certificates.crt', 'PYDEVD_DISABLE_FILE_VALIDATION': '1', 'BUNDLED_DEBUGPY_PATH': '/home/bayes/.vscode-server/extensions/ms-python.debugpy-2025.10.0-linux-x64/bundled/libs/debugpy', 'DBUS_SESSION_BUS_ADDRESS': 'unix:path=/run/user/1000/bus', 'COLORTERM': 'truecolor', 'COLCON_PREFIX_PATH': '/home/bayes/hssw/others/ros2project/test/python/workspace/src/install:/home/bayes/hssw/others/ros2project/test/python/workspace/install:/home/bayes/hssw/others/ros2project/test/cpp/bayes_workspace/src/install:/home/bayes/hssw/others/ros2project/test/cpp/bayes_workspace/install', 'ROS_DISTRO': 'humble', 'LOGNAME': 'bayes', '_': '/bin/colcon', 'ROS_VERSION': '2', 'XDG_SESSION_CLASS': 'user', 'TERM': 'xterm-256color', 'XDG_SESSION_ID': '5', 'ROS_LOCALHOST_ONLY': '0', 'PATH': '/bin:/usr/bin:/sbin:/usr/sbin:/usr/local/bin:/home/bayes/hssw/codes/arcode/rv1106b_rv1103b_linux/rv1106b_rv1103b_linux_ipc_v1.0.0_20241016/tools/linux/toolchain/arm-rockchip831-linux-uclibcgnueabihf/bin:/home/bayes/.vscode-server/cli/servers/Stable-7adae6a56e34cb64d08899664b814cf620465925/server/bin/remote-cli:/home/bayes/.local/bin:/opt/ros/humble/bin:/bin:/usr/bin:/sbin:/usr/sbin:/usr/local/bin:/home/bayes/hssw/codes/arcode/rv1106b_rv1103b_linux/rv1106b_rv1103b_linux_ipc_v1.0.0_20241016/tools/linux/toolchain/arm-rockchip831-linux-uclibcgnueabihf/bin:/usr/local/sbin:/usr/local/bin:/usr/sbin:/usr/bin:/sbin:/bin:/usr/games:/usr/local/games:/snap/bin:/home/bayes/.vscode-server/extensions/ms-python.debugpy-2025.10.0-linux-x64/bundled/scripts/noConfigScripts', 'PAPERSIZE': 'a4', 'LC_ADDRESS': 'zh_CN.UTF-8', 'XDG_RUNTIME_DIR': '/run/user/1000', 'SSL_CERT_DIR': '/usr/lib/ssl/certs', 'VSCODE_DEBUGPY_ADAPTER_ENDPOINTS': '/home/bayes/.vscode-server/extensions/ms-python.debugpy-2025.10.0-linux-x64/.noConfigDebugAdapterEndpoints/endpoint-8eb546c6c80d70ad.txt', 'LANG': 'zh_CN.UTF-8', 'LC_TELEPHONE': 'zh_CN.UTF-8', 'LS_COLORS': 'rs=0:di=01;34:ln=01;36:mh=00:pi=40;33:so=01;35:do=01;35:bd=40;33;01:cd=40;33;01:or=40;31;01:mi=00:su=37;41:sg=30;43:ca=30;41:tw=30;42:ow=34;42:st=37;44:ex=01;32:*.tar=01;31:*.tgz=01;31:*.arc=01;31:*.arj=01;31:*.taz=01;31:*.lha=01;31:*.lz4=01;31:*.lzh=01;31:*.lzma=01;31:*.tlz=01;31:*.txz=01;31:*.tzo=01;31:*.t7z=01;31:*.zip=01;31:*.z=01;31:*.dz=01;31:*.gz=01;31:*.lrz=01;31:*.lz=01;31:*.lzo=01;31:*.xz=01;31:*.zst=01;31:*.tzst=01;31:*.bz2=01;31:*.bz=01;31:*.tbz=01;31:*.tbz2=01;31:*.tz=01;31:*.deb=01;31:*.rpm=01;31:*.jar=01;31:*.war=01;31:*.ear=01;31:*.sar=01;31:*.rar=01;31:*.alz=01;31:*.ace=01;31:*.zoo=01;31:*.cpio=01;31:*.7z=01;31:*.rz=01;31:*.cab=01;31:*.wim=01;31:*.swm=01;31:*.dwm=01;31:*.esd=01;31:*.jpg=01;35:*.jpeg=01;35:*.mjpg=01;35:*.mjpeg=01;35:*.gif=01;35:*.bmp=01;35:*.pbm=01;35:*.pgm=01;35:*.ppm=01;35:*.tga=01;35:*.xbm=01;35:*.xpm=01;35:*.tif=01;35:*.tiff=01;35:*.png=01;35:*.svg=01;35:*.svgz=01;35:*.mng=01;35:*.pcx=01;35:*.mov=01;35:*.mpg=01;35:*.mpeg=01;35:*.m2v=01;35:*.mkv=01;35:*.webm=01;35:*.webp=01;35:*.ogm=01;35:*.mp4=01;35:*.m4v=01;35:*.mp4v=01;35:*.vob=01;35:*.qt=01;35:*.nuv=01;35:*.wmv=01;35:*.asf=01;35:*.rm=01;35:*.rmvb=01;35:*.flc=01;35:*.avi=01;35:*.fli=01;35:*.flv=01;35:*.gl=01;35:*.dl=01;35:*.xcf=01;35:*.xwd=01;35:*.yuv=01;35:*.cgm=01;35:*.emf=01;35:*.ogv=01;35:*.ogx=01;35:*.aac=00;36:*.au=00;36:*.flac=00;36:*.m4a=00;36:*.mid=00;36:*.midi=00;36:*.mka=00;36:*.mp3=00;36:*.mpc=00;36:*.ogg=00;36:*.ra=00;36:*.wav=00;36:*.oga=00;36:*.opus=00;36:*.spx=00;36:*.xspf=00;36:', 'VSCODE_GIT_IPC_HANDLE': '/run/user/1000/vscode-git-3bdcd05227.sock', 'TERM_PROGRAM': 'vscode', 'AMENT_PREFIX_PATH': '/home/bayes/hssw/others/ros2project/test/python/workspace/src/install/demo_python_topic:/home/bayes/hssw/others/ros2project/test/python/workspace/src/install/demo_python_pkg:/home/bayes/hssw/others/ros2project/test/cpp/bayes_workspace/src/install/demo_python_pkg:/home/bayes/hssw/others/ros2project/test/cpp/bayes_workspace/src/install/test_cpp_demo:/home/bayes/hssw/others/ros2project/test/cpp/bayes_workspace/install/demo_python_pkg:/home/bayes/hssw/others/ros2project/test/cpp/bayes_workspace/install/test_cpp_demo:/home/bayes/hssw/others/ros2project/test/python/workspace/install/demo_python_pkg:/opt/ros/humble', 'SHELL': '/bin/bash', 'LC_NAME': 'zh_CN.UTF-8', 'LESSCLOSE': '/bin/lesspipe %s %s', 'LC_MEASUREMENT': 'zh_CN.UTF-8', 'LC_IDENTIFICATION': 'zh_CN.UTF-8', 'VSCODE_GIT_ASKPASS_EXTRA_ARGS': '', 'PWD': '/home/bayes/hssw/others/ros2project/test/cpp/bayes_workspace/src/build/demo_python_pkg', 'SSH_CONNECTION': '192.168.14.1 14201 192.168.14.128 22', 'XDG_DATA_DIRS': '/usr/share/gnome:/usr/local/share:/usr/share:/var/lib/snapd/desktop', 'PYTHONPATH': '/home/bayes/hssw/others/ros2project/test/cpp/bayes_workspace/src/build/demo_python_pkg/prefix_override:/usr/lib/python3/dist-packages/colcon_core/task/python/colcon_distutils_commands:/home/bayes/hssw/others/ros2project/test/cpp/bayes_workspace/src/install/demo_python_pkg/lib/python3.10/site-packages:/home/bayes/hssw/others/ros2project/test/python/workspace/src/install/demo_python_topic/lib/python3.10/site-packages:/home/bayes/hssw/others/ros2project/test/python/workspace/src/install/demo_python_pkg/lib/python3.10/site-packages:/home/bayes/hssw/others/ros2project/test/cpp/bayes_workspace/src/install/demo_python_pkg/lib/python3.10/site-packages:/home/bayes/hssw/others/ros2project/test/cpp/bayes_workspace/install/demo_python_pkg/lib/python3.10/site-packages:/home/bayes/hssw/others/ros2project/test/python/workspace/install/demo_python_pkg/lib/python3.10/site-packages:/opt/ros/humble/lib/python3.10/site-packages:/opt/ros/humble/local/lib/python3.10/dist-packages', 'LC_NUMERIC': 'zh_CN.UTF-8', 'LC_PAPER': 'zh_CN.UTF-8', 'COLCON': '1', 'CMAKE_PREFIX_PATH': '/home/bayes/hssw/others/ros2project/test/cpp/bayes_workspace/src/install/test_cpp_demo:/home/bayes/hssw/others/ros2project/test/cpp/bayes_workspace/install/test_cpp_demo'}, 'shell': False}
[0.650174] (demo_cpp_topic) StdoutLine: {'line': b"-- Added test 'xmllint' to check XML markup files\n"}
[0.650534] (demo_cpp_topic) StdoutLine: {'line': b'-- Configuring done\n'}
[0.657045] (demo_cpp_topic) StdoutLine: {'line': b'-- Generating done\n'}
[0.659915] (demo_cpp_topic) StdoutLine: {'line': b'-- Build files have been written to: /home/bayes/hssw/others/ros2project/test/cpp/bayes_workspace/src/build/demo_cpp_topic\n'}
[0.666526] (demo_cpp_topic) CommandEnded: {'returncode': 0}
[0.667048] (demo_cpp_topic) JobProgress: {'identifier': 'demo_cpp_topic', 'progress': 'build'}
[0.667069] (demo_cpp_topic) Command: {'cmd': ['/bin/cmake', '--build', '/home/bayes/hssw/others/ros2project/test/cpp/bayes_workspace/src/build/demo_cpp_topic', '--', '-j24', '-l24'], 'cwd': '/home/bayes/hssw/others/ros2project/test/cpp/bayes_workspace/src/build/demo_cpp_topic', 'env': OrderedDict([('LESSOPEN', '| /bin/lesspipe %s'), ('LANGUAGE', 'zh_CN:en'), ('USER', 'bayes'), ('SSH_CLIENT', '192.168.14.1 14201 22'), ('LC_TIME', 'zh_CN.UTF-8'), ('XDG_SESSION_TYPE', 'tty'), ('GIT_ASKPASS', '/home/bayes/.vscode-server/cli/servers/Stable-7adae6a56e34cb64d08899664b814cf620465925/server/extensions/git/dist/askpass.sh'), ('SHLVL', '1'), ('LD_LIBRARY_PATH', '/opt/ros/humble/opt/rviz_ogre_vendor/lib:/opt/ros/humble/lib/x86_64-linux-gnu:/opt/ros/humble/lib'), ('BROWSER', '/home/bayes/.vscode-server/cli/servers/Stable-7adae6a56e34cb64d08899664b814cf620465925/server/bin/helpers/browser.sh'), ('MOTD_SHOWN', 'pam'), ('HOME', '/home/bayes'), ('OLDPWD', '/home/bayes/hssw/others/ros2project/test/cpp/bayes_workspace'), ('TERM_PROGRAM_VERSION', '1.102.1'), ('VSCODE_IPC_HOOK_CLI', '/run/user/1000/vscode-ipc-401bdd36-dfb6-4825-9fb1-19484d52b4e2.sock'), ('ROS_PYTHON_VERSION', '3'), ('VSCODE_GIT_ASKPASS_MAIN', '/home/bayes/.vscode-server/cli/servers/Stable-7adae6a56e34cb64d08899664b814cf620465925/server/extensions/git/dist/askpass-main.js'), ('LC_MONETARY', 'zh_CN.UTF-8'), ('VSCODE_GIT_ASKPASS_NODE', '/home/bayes/.vscode-server/cli/servers/Stable-7adae6a56e34cb64d08899664b814cf620465925/server/node'), ('SSL_CERT_FILE', '/usr/lib/ssl/certs/ca-certificates.crt'), ('PYDEVD_DISABLE_FILE_VALIDATION', '1'), ('BUNDLED_DEBUGPY_PATH', '/home/bayes/.vscode-server/extensions/ms-python.debugpy-2025.10.0-linux-x64/bundled/libs/debugpy'), ('DBUS_SESSION_BUS_ADDRESS', 'unix:path=/run/user/1000/bus'), ('COLORTERM', 'truecolor'), ('COLCON_PREFIX_PATH', '/home/bayes/hssw/others/ros2project/test/python/workspace/src/install:/home/bayes/hssw/others/ros2project/test/python/workspace/install:/home/bayes/hssw/others/ros2project/test/cpp/bayes_workspace/src/install:/home/bayes/hssw/others/ros2project/test/cpp/bayes_workspace/install'), ('ROS_DISTRO', 'humble'), ('LOGNAME', 'bayes'), ('_', '/bin/colcon'), ('ROS_VERSION', '2'), ('XDG_SESSION_CLASS', 'user'), ('TERM', 'xterm-256color'), ('XDG_SESSION_ID', '5'), ('ROS_LOCALHOST_ONLY', '0'), ('PATH', '/bin:/usr/bin:/sbin:/usr/sbin:/usr/local/bin:/home/bayes/hssw/codes/arcode/rv1106b_rv1103b_linux/rv1106b_rv1103b_linux_ipc_v1.0.0_20241016/tools/linux/toolchain/arm-rockchip831-linux-uclibcgnueabihf/bin:/home/bayes/.vscode-server/cli/servers/Stable-7adae6a56e34cb64d08899664b814cf620465925/server/bin/remote-cli:/home/bayes/.local/bin:/opt/ros/humble/bin:/bin:/usr/bin:/sbin:/usr/sbin:/usr/local/bin:/home/bayes/hssw/codes/arcode/rv1106b_rv1103b_linux/rv1106b_rv1103b_linux_ipc_v1.0.0_20241016/tools/linux/toolchain/arm-rockchip831-linux-uclibcgnueabihf/bin:/usr/local/sbin:/usr/local/bin:/usr/sbin:/usr/bin:/sbin:/bin:/usr/games:/usr/local/games:/snap/bin:/home/bayes/.vscode-server/extensions/ms-python.debugpy-2025.10.0-linux-x64/bundled/scripts/noConfigScripts'), ('PAPERSIZE', 'a4'), ('LC_ADDRESS', 'zh_CN.UTF-8'), ('XDG_RUNTIME_DIR', '/run/user/1000'), ('SSL_CERT_DIR', '/usr/lib/ssl/certs'), ('VSCODE_DEBUGPY_ADAPTER_ENDPOINTS', '/home/bayes/.vscode-server/extensions/ms-python.debugpy-2025.10.0-linux-x64/.noConfigDebugAdapterEndpoints/endpoint-8eb546c6c80d70ad.txt'), ('LANG', 'zh_CN.UTF-8'), ('LC_TELEPHONE', 'zh_CN.UTF-8'), ('LS_COLORS', 'rs=0:di=01;34:ln=01;36:mh=00:pi=40;33:so=01;35:do=01;35:bd=40;33;01:cd=40;33;01:or=40;31;01:mi=00:su=37;41:sg=30;43:ca=30;41:tw=30;42:ow=34;42:st=37;44:ex=01;32:*.tar=01;31:*.tgz=01;31:*.arc=01;31:*.arj=01;31:*.taz=01;31:*.lha=01;31:*.lz4=01;31:*.lzh=01;31:*.lzma=01;31:*.tlz=01;31:*.txz=01;31:*.tzo=01;31:*.t7z=01;31:*.zip=01;31:*.z=01;31:*.dz=01;31:*.gz=01;31:*.lrz=01;31:*.lz=01;31:*.lzo=01;31:*.xz=01;31:*.zst=01;31:*.tzst=01;31:*.bz2=01;31:*.bz=01;31:*.tbz=01;31:*.tbz2=01;31:*.tz=01;31:*.deb=01;31:*.rpm=01;31:*.jar=01;31:*.war=01;31:*.ear=01;31:*.sar=01;31:*.rar=01;31:*.alz=01;31:*.ace=01;31:*.zoo=01;31:*.cpio=01;31:*.7z=01;31:*.rz=01;31:*.cab=01;31:*.wim=01;31:*.swm=01;31:*.dwm=01;31:*.esd=01;31:*.jpg=01;35:*.jpeg=01;35:*.mjpg=01;35:*.mjpeg=01;35:*.gif=01;35:*.bmp=01;35:*.pbm=01;35:*.pgm=01;35:*.ppm=01;35:*.tga=01;35:*.xbm=01;35:*.xpm=01;35:*.tif=01;35:*.tiff=01;35:*.png=01;35:*.svg=01;35:*.svgz=01;35:*.mng=01;35:*.pcx=01;35:*.mov=01;35:*.mpg=01;35:*.mpeg=01;35:*.m2v=01;35:*.mkv=01;35:*.webm=01;35:*.webp=01;35:*.ogm=01;35:*.mp4=01;35:*.m4v=01;35:*.mp4v=01;35:*.vob=01;35:*.qt=01;35:*.nuv=01;35:*.wmv=01;35:*.asf=01;35:*.rm=01;35:*.rmvb=01;35:*.flc=01;35:*.avi=01;35:*.fli=01;35:*.flv=01;35:*.gl=01;35:*.dl=01;35:*.xcf=01;35:*.xwd=01;35:*.yuv=01;35:*.cgm=01;35:*.emf=01;35:*.ogv=01;35:*.ogx=01;35:*.aac=00;36:*.au=00;36:*.flac=00;36:*.m4a=00;36:*.mid=00;36:*.midi=00;36:*.mka=00;36:*.mp3=00;36:*.mpc=00;36:*.ogg=00;36:*.ra=00;36:*.wav=00;36:*.oga=00;36:*.opus=00;36:*.spx=00;36:*.xspf=00;36:'), ('VSCODE_GIT_IPC_HANDLE', '/run/user/1000/vscode-git-3bdcd05227.sock'), ('TERM_PROGRAM', 'vscode'), ('AMENT_PREFIX_PATH', '/home/bayes/hssw/others/ros2project/test/python/workspace/src/install/demo_python_topic:/home/bayes/hssw/others/ros2project/test/python/workspace/src/install/demo_python_pkg:/home/bayes/hssw/others/ros2project/test/cpp/bayes_workspace/src/install/demo_python_pkg:/home/bayes/hssw/others/ros2project/test/cpp/bayes_workspace/src/install/test_cpp_demo:/home/bayes/hssw/others/ros2project/test/cpp/bayes_workspace/install/demo_python_pkg:/home/bayes/hssw/others/ros2project/test/cpp/bayes_workspace/install/test_cpp_demo:/home/bayes/hssw/others/ros2project/test/python/workspace/install/demo_python_pkg:/opt/ros/humble'), ('SHELL', '/bin/bash'), ('LC_NAME', 'zh_CN.UTF-8'), ('LESSCLOSE', '/bin/lesspipe %s %s'), ('LC_MEASUREMENT', 'zh_CN.UTF-8'), ('LC_IDENTIFICATION', 'zh_CN.UTF-8'), ('VSCODE_GIT_ASKPASS_EXTRA_ARGS', ''), ('PWD', '/home/bayes/hssw/others/ros2project/test/cpp/bayes_workspace/src/build/demo_cpp_topic'), ('SSH_CONNECTION', '192.168.14.1 14201 192.168.14.128 22'), ('XDG_DATA_DIRS', '/usr/share/gnome:/usr/local/share:/usr/share:/var/lib/snapd/desktop'), ('PYTHONPATH', '/home/bayes/hssw/others/ros2project/test/python/workspace/src/install/demo_python_topic/lib/python3.10/site-packages:/home/bayes/hssw/others/ros2project/test/python/workspace/src/install/demo_python_pkg/lib/python3.10/site-packages:/home/bayes/hssw/others/ros2project/test/cpp/bayes_workspace/src/install/demo_python_pkg/lib/python3.10/site-packages:/home/bayes/hssw/others/ros2project/test/cpp/bayes_workspace/install/demo_python_pkg/lib/python3.10/site-packages:/home/bayes/hssw/others/ros2project/test/python/workspace/install/demo_python_pkg/lib/python3.10/site-packages:/opt/ros/humble/lib/python3.10/site-packages:/opt/ros/humble/local/lib/python3.10/dist-packages'), ('LC_NUMERIC', 'zh_CN.UTF-8'), ('LC_PAPER', 'zh_CN.UTF-8'), ('COLCON', '1'), ('CMAKE_PREFIX_PATH', '/home/bayes/hssw/others/ros2project/test/cpp/bayes_workspace/src/install/test_cpp_demo:/home/bayes/hssw/others/ros2project/test/cpp/bayes_workspace/install/test_cpp_demo:/home/bayes/hssw/others/ros2project/test/python/workspace/src/install/demo_python_topic:/home/bayes/hssw/others/ros2project/test/python/workspace/src/install/demo_python_pkg:/home/bayes/hssw/others/ros2project/test/cpp/bayes_workspace/src/install/demo_python_pkg:/home/bayes/hssw/others/ros2project/test/cpp/bayes_workspace/install/demo_python_pkg:/home/bayes/hssw/others/ros2project/test/python/workspace/install/demo_python_pkg:/opt/ros/humble')]), 'shell': False}
[0.700808] (-) TimerEvent: {}
[0.708057] (demo_cpp_topic) StdoutLine: {'line': b'[ 50%] \x1b[32mBuilding CXX object CMakeFiles/turtle_circle.dir/src/turtle_circle.cpp.o\x1b[0m\n'}
[0.801093] (-) TimerEvent: {}
[0.842803] (demo_python_pkg) StdoutLine: {'line': b'running egg_info\n'}
[0.843326] (demo_python_pkg) StdoutLine: {'line': b'writing ../build/demo_python_pkg/demo_python_pkg.egg-info/PKG-INFO\n'}
[0.843636] (demo_python_pkg) StdoutLine: {'line': b'writing dependency_links to ../build/demo_python_pkg/demo_python_pkg.egg-info/dependency_links.txt\n'}
[0.843869] (demo_python_pkg) StdoutLine: {'line': b'writing entry points to ../build/demo_python_pkg/demo_python_pkg.egg-info/entry_points.txt\n'}
[0.843991] (demo_python_pkg) StdoutLine: {'line': b'writing requirements to ../build/demo_python_pkg/demo_python_pkg.egg-info/requires.txt\n'}
[0.844201] (demo_python_pkg) StdoutLine: {'line': b'writing top-level names to ../build/demo_python_pkg/demo_python_pkg.egg-info/top_level.txt\n'}
[0.845457] (demo_python_pkg) StdoutLine: {'line': b"reading manifest file '../build/demo_python_pkg/demo_python_pkg.egg-info/SOURCES.txt'\n"}
[0.845758] (demo_python_pkg) StdoutLine: {'line': b"adding license file 'LICENSE'\n"}
[0.846148] (demo_python_pkg) StdoutLine: {'line': b"writing manifest file '../build/demo_python_pkg/demo_python_pkg.egg-info/SOURCES.txt'\n"}
[0.846222] (demo_python_pkg) StdoutLine: {'line': b'running build\n'}
[0.846270] (demo_python_pkg) StdoutLine: {'line': b'running build_py\n'}
[0.846503] (demo_python_pkg) StdoutLine: {'line': b'running install\n'}
[0.846826] (demo_python_pkg) StdoutLine: {'line': b'running install_lib\n'}
[0.847601] (demo_python_pkg) StdoutLine: {'line': b'running install_data\n'}
[0.847818] (demo_python_pkg) StdoutLine: {'line': b'running install_egg_info\n'}
[0.849474] (demo_python_pkg) StdoutLine: {'line': b"removing '/home/bayes/hssw/others/ros2project/test/cpp/bayes_workspace/src/install/demo_python_pkg/lib/python3.10/site-packages/demo_python_pkg-0.0.0-py3.10.egg-info' (and everything under it)\n"}
[0.849745] (demo_python_pkg) StdoutLine: {'line': b'Copying ../build/demo_python_pkg/demo_python_pkg.egg-info to /home/bayes/hssw/others/ros2project/test/cpp/bayes_workspace/src/install/demo_python_pkg/lib/python3.10/site-packages/demo_python_pkg-0.0.0-py3.10.egg-info\n'}
[0.850585] (demo_python_pkg) StdoutLine: {'line': b'running install_scripts\n'}
[0.865111] (demo_python_pkg) StdoutLine: {'line': b'Installing python_node script to /home/bayes/hssw/others/ros2project/test/cpp/bayes_workspace/src/install/demo_python_pkg/lib/demo_python_pkg\n'}
[0.865426] (demo_python_pkg) StdoutLine: {'line': b"writing list of installed files to '/home/bayes/hssw/others/ros2project/test/cpp/bayes_workspace/src/build/demo_python_pkg/install.log'\n"}
[0.882048] (demo_python_pkg) CommandEnded: {'returncode': 0}
[0.888613] (demo_python_pkg) JobEnded: {'identifier': 'demo_python_pkg', 'rc': 0}
[0.901007] (demo_cpp_topic) StderrLine: {'line': b'\x1b[01m\x1b[K/home/bayes/hssw/others/ros2project/test/cpp/bayes_workspace/src/demo_cpp_topic/src/turtle_circle.cpp:15:72:\x1b[m\x1b[K \x1b[01;35m\x1b[Kwarning: \x1b[m\x1b[Kcharacter constant too long for its type\n'}
[0.901164] (-) TimerEvent: {}
[0.901248] (demo_cpp_topic) StderrLine: {'line': b"   15 |         publisher_ = this->create_publisher<geometry_msgs::msg::Twist>(\x1b[01;35m\x1b[K'/turtle1/cmd_vel'\x1b[m\x1b[K,10);\n"}
[0.901372] (demo_cpp_topic) StderrLine: {'line': b'      |                                                                        \x1b[01;35m\x1b[K^~~~~~~~~~~~~~~~~~\x1b[m\x1b[K\n'}
[1.001451] (-) TimerEvent: {}
[1.102098] (-) TimerEvent: {}
[1.202884] (-) TimerEvent: {}
[1.303466] (-) TimerEvent: {}
[1.404063] (-) TimerEvent: {}
[1.504525] (-) TimerEvent: {}
[1.605092] (-) TimerEvent: {}
[1.705532] (-) TimerEvent: {}
[1.805915] (-) TimerEvent: {}
[1.906435] (-) TimerEvent: {}
[2.006974] (-) TimerEvent: {}
[2.107793] (-) TimerEvent: {}
[2.208257] (-) TimerEvent: {}
[2.308536] (-) TimerEvent: {}
[2.331336] (demo_cpp_topic) StderrLine: {'line': b'\x1b[01m\x1b[K/home/bayes/hssw/others/ros2project/test/cpp/bayes_workspace/src/demo_cpp_topic/src/turtle_circle.cpp:\x1b[m\x1b[K In constructor \xe2\x80\x98\x1b[01m\x1b[KTurtleCircle::TurtleCircle(std::string)\x1b[m\x1b[K\xe2\x80\x99:\n'}
[2.331537] (demo_cpp_topic) StderrLine: {'line': b'\x1b[01m\x1b[K/home/bayes/hssw/others/ros2project/test/cpp/bayes_workspace/src/demo_cpp_topic/src/turtle_circle.cpp:15:71:\x1b[m\x1b[K \x1b[01;31m\x1b[Kerror: \x1b[m\x1b[Kno matching function for call to \xe2\x80\x98\x1b[01m\x1b[KTurtleCircle::create_publisher<geometry_msgs::msg::Twist>(int, int)\x1b[m\x1b[K\xe2\x80\x99\n'}
[2.331594] (demo_cpp_topic) StderrLine: {'line': b"   15 |         publisher_ = \x1b[01;31m\x1b[Kthis->create_publisher<geometry_msgs::msg::Twist>('/turtle1/cmd_vel',10)\x1b[m\x1b[K;\n"}
[2.331642] (demo_cpp_topic) StderrLine: {'line': b'      |                      \x1b[01;31m\x1b[K~~~~~~~~~~~~~~~~~~~~~~~~~~~~~~~~~~~~~~~~~~~~~~~~~^~~~~~~~~~~~~~~~~~~~~~~\x1b[m\x1b[K\n'}
[2.332333] (demo_cpp_topic) StderrLine: {'line': b'In file included from \x1b[01m\x1b[K/opt/ros/humble/include/rclcpp/rclcpp/executors/single_threaded_executor.hpp:28\x1b[m\x1b[K,\n'}
[2.332462] (demo_cpp_topic) StderrLine: {'line': b'                 from \x1b[01m\x1b[K/opt/ros/humble/include/rclcpp/rclcpp/executors.hpp:22\x1b[m\x1b[K,\n'}
[2.332522] (demo_cpp_topic) StderrLine: {'line': b'                 from \x1b[01m\x1b[K/opt/ros/humble/include/rclcpp/rclcpp/rclcpp.hpp:155\x1b[m\x1b[K,\n'}
[2.332581] (demo_cpp_topic) StderrLine: {'line': b'                 from \x1b[01m\x1b[K/home/bayes/hssw/others/ros2project/test/cpp/bayes_workspace/src/demo_cpp_topic/src/turtle_circle.cpp:1\x1b[m\x1b[K:\n'}
[2.332628] (demo_cpp_topic) StderrLine: {'line': b'\x1b[01m\x1b[K/opt/ros/humble/include/rclcpp/rclcpp/node.hpp:195:3:\x1b[m\x1b[K \x1b[01;36m\x1b[Knote: \x1b[m\x1b[Kcandidate: \xe2\x80\x98\x1b[01m\x1b[Ktemplate<class MessageT, class AllocatorT, class PublisherT> std::shared_ptr<PublisherT> rclcpp::Node::create_publisher(const string&, const rclcpp::QoS&, const rclcpp::PublisherOptionsWithAllocator<AllocatorT>&)\x1b[m\x1b[K\xe2\x80\x99\n'}
[2.332683] (demo_cpp_topic) StderrLine: {'line': b'  195 |   \x1b[01;36m\x1b[Kcreate_publisher\x1b[m\x1b[K(\n'}
[2.332727] (demo_cpp_topic) StderrLine: {'line': b'      |   \x1b[01;36m\x1b[K^~~~~~~~~~~~~~~~\x1b[m\x1b[K\n'}
[2.332770] (demo_cpp_topic) StderrLine: {'line': b'\x1b[01m\x1b[K/opt/ros/humble/include/rclcpp/rclcpp/node.hpp:195:3:\x1b[m\x1b[K \x1b[01;36m\x1b[Knote: \x1b[m\x1b[K  template argument deduction/substitution failed:\n'}
[2.332815] (demo_cpp_topic) StderrLine: {'line': b'\x1b[01m\x1b[K/home/bayes/hssw/others/ros2project/test/cpp/bayes_workspace/src/demo_cpp_topic/src/turtle_circle.cpp:15:72:\x1b[m\x1b[K \x1b[01;36m\x1b[Knote: \x1b[m\x1b[K  cannot convert \xe2\x80\x98\x1b[01m\x1b[K1601594732\x1b[m\x1b[K\xe2\x80\x99 (type \xe2\x80\x98\x1b[01m\x1b[Kint\x1b[m\x1b[K\xe2\x80\x99) to type \xe2\x80\x98\x1b[01m\x1b[Kconst string&\x1b[m\x1b[K\xe2\x80\x99 {aka \xe2\x80\x98\x1b[01m\x1b[Kconst std::__cxx11::basic_string<char>&\x1b[m\x1b[K\xe2\x80\x99}\n'}
[2.332864] (demo_cpp_topic) StderrLine: {'line': b"   15 |         publisher_ = this->create_publisher<geometry_msgs::msg::Twist>(\x1b[01;36m\x1b[K'/turtle1/cmd_vel'\x1b[m\x1b[K,10);\n"}
[2.332907] (demo_cpp_topic) StderrLine: {'line': b'      |                                                                        \x1b[01;36m\x1b[K^~~~~~~~~~~~~~~~~~\x1b[m\x1b[K\n'}
[2.335117] (demo_cpp_topic) StderrLine: {'line': b'\x1b[01m\x1b[K/home/bayes/hssw/others/ros2project/test/cpp/bayes_workspace/src/demo_cpp_topic/src/turtle_circle.cpp:18:41:\x1b[m\x1b[K \x1b[01;31m\x1b[Kerror: \x1b[m\x1b[Kno matching function for call to \xe2\x80\x98\x1b[01m\x1b[KTurtleCircle::create_wall_timer(std::chrono::milliseconds, std::_Bind_helper<false, void (TurtleCircle::*)(), TurtleCircle*>::type, int)\x1b[m\x1b[K\xe2\x80\x99\n'}
[2.335478] (demo_cpp_topic) StderrLine: {'line': b'   18 |         timer_ = \x1b[01;31m\x1b[Kthis->create_wall_timer(1000ms,std::bind(&TurtleCircle::callback,this),10)\x1b[m\x1b[K;\n'}
[2.335588] (demo_cpp_topic) StderrLine: {'line': b'      |                  \x1b[01;31m\x1b[K~~~~~~~~~~~~~~~~~~~~~~~^~~~~~~~~~~~~~~~~~~~~~~~~~~~~~~~~~~~~~~~~~~~~~~~~~~\x1b[m\x1b[K\n'}
[2.335684] (demo_cpp_topic) StderrLine: {'line': b'In file included from \x1b[01m\x1b[K/opt/ros/humble/include/rclcpp/rclcpp/executors/single_threaded_executor.hpp:28\x1b[m\x1b[K,\n'}
[2.335775] (demo_cpp_topic) StderrLine: {'line': b'                 from \x1b[01m\x1b[K/opt/ros/humble/include/rclcpp/rclcpp/executors.hpp:22\x1b[m\x1b[K,\n'}
[2.335889] (demo_cpp_topic) StderrLine: {'line': b'                 from \x1b[01m\x1b[K/opt/ros/humble/include/rclcpp/rclcpp/rclcpp.hpp:155\x1b[m\x1b[K,\n'}
[2.336008] (demo_cpp_topic) StderrLine: {'line': b'                 from \x1b[01m\x1b[K/home/bayes/hssw/others/ros2project/test/cpp/bayes_workspace/src/demo_cpp_topic/src/turtle_circle.cpp:1\x1b[m\x1b[K:\n'}
[2.336101] (demo_cpp_topic) StderrLine: {'line': b'\x1b[01m\x1b[K/opt/ros/humble/include/rclcpp/rclcpp/node.hpp:238:3:\x1b[m\x1b[K \x1b[01;36m\x1b[Knote: \x1b[m\x1b[Kcandidate: \xe2\x80\x98\x1b[01m\x1b[Ktemplate<class DurationRepT, class DurationT, class CallbackT> typename rclcpp::WallTimer<CallbackT>::SharedPtr rclcpp::Node::create_wall_timer(std::chrono::duration<_Rep1, _Period1>, CallbackT, rclcpp::CallbackGroup::SharedPtr)\x1b[m\x1b[K\xe2\x80\x99\n'}
[2.336195] (demo_cpp_topic) StderrLine: {'line': b'  238 |   \x1b[01;36m\x1b[Kcreate_wall_timer\x1b[m\x1b[K(\n'}
[2.336294] (demo_cpp_topic) StderrLine: {'line': b'      |   \x1b[01;36m\x1b[K^~~~~~~~~~~~~~~~~\x1b[m\x1b[K\n'}
[2.336380] (demo_cpp_topic) StderrLine: {'line': b'\x1b[01m\x1b[K/opt/ros/humble/include/rclcpp/rclcpp/node.hpp:238:3:\x1b[m\x1b[K \x1b[01;36m\x1b[Knote: \x1b[m\x1b[K  template argument deduction/substitution failed:\n'}
[2.336595] (demo_cpp_topic) StderrLine: {'line': b'\x1b[01m\x1b[K/home/bayes/hssw/others/ros2project/test/cpp/bayes_workspace/src/demo_cpp_topic/src/turtle_circle.cpp:18:89:\x1b[m\x1b[K \x1b[01;36m\x1b[Knote: \x1b[m\x1b[K  cannot convert \xe2\x80\x98\x1b[01m\x1b[K10\x1b[m\x1b[K\xe2\x80\x99 (type \xe2\x80\x98\x1b[01m\x1b[Kint\x1b[m\x1b[K\xe2\x80\x99) to type \xe2\x80\x98\x1b[01m\x1b[Krclcpp::CallbackGroup::SharedPtr\x1b[m\x1b[K\xe2\x80\x99 {aka \xe2\x80\x98\x1b[01m\x1b[Kstd::shared_ptr<rclcpp::CallbackGroup>\x1b[m\x1b[K\xe2\x80\x99}\n'}
[2.336703] (demo_cpp_topic) StderrLine: {'line': b'   18 |         timer_ = this->create_wall_timer(1000ms,std::bind(&TurtleCircle::callback,this),\x1b[01;36m\x1b[K10\x1b[m\x1b[K);\n'}
[2.336791] (demo_cpp_topic) StderrLine: {'line': b'      |                                                                                         \x1b[01;36m\x1b[K^~\x1b[m\x1b[K\n'}
[2.409063] (-) TimerEvent: {}
[2.509387] (-) TimerEvent: {}
[2.610007] (-) TimerEvent: {}
[2.672379] (demo_cpp_topic) StderrLine: {'line': b'gmake[2]: *** [CMakeFiles/turtle_circle.dir/build.make:76\xef\xbc\x9aCMakeFiles/turtle_circle.dir/src/turtle_circle.cpp.o] \xe9\x94\x99\xe8\xaf\xaf 1\n'}
[2.672737] (demo_cpp_topic) StderrLine: {'line': b'gmake[1]: *** [CMakeFiles/Makefile2:137\xef\xbc\x9aCMakeFiles/turtle_circle.dir/all] \xe9\x94\x99\xe8\xaf\xaf 2\n'}
[2.673093] (demo_cpp_topic) StderrLine: {'line': b'gmake: *** [Makefile:146\xef\xbc\x9aall] \xe9\x94\x99\xe8\xaf\xaf 2\n'}
[2.674906] (demo_cpp_topic) CommandEnded: {'returncode': 2}
[2.679409] (demo_cpp_topic) JobEnded: {'identifier': 'demo_cpp_topic', 'rc': 2}
[2.689888] (-) EventReactorShutdown: {}
