[0m/home/bayes/hssw/others/ros2project/test/cpp/bayes_workspace/src/test_cpp_demo[0m
/bin/ld: /usr/lib/gcc/x86_64-linux-gnu/11/../../../x86_64-linux-gnu/Scrt1.o: in function `_start':
(.text+0x1b): undefined reference to `main'
collect2: error: ld returned 1 exit status
gmake[2]: *** [CMakeFiles/PersonNode.dir/build.make:151：PersonNode] 错误 1
gmake[1]: *** [CMakeFiles/Makefile2:167：CMakeFiles/PersonNode.dir/all] 错误 2
gmake[1]: *** 正在等待未完成的任务....
gmake: *** [Makefile:146：all] 错误 2
