[01m[K/home/bayes/hssw/others/ros2project/products/cpp/service_pratice_ws/src/demo_cpp_service/src/turtle_control.cpp:[m[K In lambda function:
[01m[K/home/bayes/hssw/others/ros2project/products/cpp/service_pratice_ws/src/demo_cpp_service/src/turtle_control.cpp:20:105:[m[K [01;31m[Kerror: [m[Kâ€˜[01m[Kusing element_type = struct chapt4_interfaces::srv::Patrol_Request_<std::allocator<void> >[m[Kâ€™ {aka â€˜[01m[Kstruct chapt4_interfaces::srv::Patrol_Request_<std::allocator<void> >[m[Kâ€™} has no member named â€˜[01m[Ktarget_[m[Kâ€™; did you mean â€˜[01m[Ktarget_x[m[Kâ€™?
   20 |                 if(0 > request->target_x || 0>request->target_y || request->target_x>12.0f  || request->[01;31m[Ktarget_[m[K y >12.0f )
      |                                                                                                         [01;31m[K^~~~~~~[m[K
      |                                                                                                         [32m[Ktarget_x[m[K
[01m[K/home/bayes/hssw/others/ros2project/products/cpp/service_pratice_ws/src/demo_cpp_service/src/turtle_control.cpp:20:113:[m[K [01;31m[Kerror: [m[Kexpected â€˜[01m[K)[m[Kâ€™ before â€˜[01m[Ky[m[Kâ€™
   20 |                 if(0 > request->target_x || 0>request->target_y || request->target_x>12.0f  || request->target_ [01;31m[Ky[m[K >12.0f )
      |                                                                                                                 [01;31m[K^[m[K
[01m[K/home/bayes/hssw/others/ros2project/products/cpp/service_pratice_ws/src/demo_cpp_service/src/turtle_control.cpp:20:19:[m[K [01;36m[Knote: [m[Kto match this â€˜[01m[K([m[Kâ€™
   20 |                 if[01;36m[K([m[K0 > request->target_x || 0>request->target_y || request->target_x>12.0f  || request->target_ y >12.0f )
      |                   [01;36m[K^[m[K
[01m[K/home/bayes/hssw/others/ros2project/products/cpp/service_pratice_ws/src/demo_cpp_service/src/turtle_control.cpp:22:21:[m[K [01;31m[Kerror: [m[Kâ€˜[01m[Kreponse[m[Kâ€™ was not declared in this scope; did you mean â€˜[01m[Kresponse[m[Kâ€™?
   22 |                     [01;31m[Kreponse[m[K->result = Patrol::Response::FAIL;
      |                     [01;31m[K^~~~~~~[m[K
      |                     [32m[Kresponse[m[K
[01m[K/home/bayes/hssw/others/ros2project/products/cpp/service_pratice_ws/src/demo_cpp_service/src/turtle_control.cpp:26:40:[m[K [01;31m[Kerror: [m[Kâ€˜[01m[Kconst class std::shared_ptr<chapt4_interfaces::srv::Patrol_Request_<std::allocator<void> > >[m[Kâ€™ has no member named â€˜[01m[Ktarget_x[m[Kâ€™
   26 |                     target_x = request.[01;31m[Ktarget_x[m[K;
      |                                        [01;31m[K^~~~~~~~[m[K
[01m[K/home/bayes/hssw/others/ros2project/products/cpp/service_pratice_ws/src/demo_cpp_service/src/turtle_control.cpp:27:40:[m[K [01;31m[Kerror: [m[Kâ€˜[01m[Kconst class std::shared_ptr<chapt4_interfaces::srv::Patrol_Request_<std::allocator<void> > >[m[Kâ€™ has no member named â€˜[01m[Ktarget_y[m[Kâ€™
   27 |                     target_y = request.[01;31m[Ktarget_y[m[K;
      |                                        [01;31m[K^~~~~~~~[m[K
[01m[K/home/bayes/hssw/others/ros2project/products/cpp/service_pratice_ws/src/demo_cpp_service/src/turtle_control.cpp:28:21:[m[K [01;31m[Kerror: [m[Kâ€˜[01m[Kreponse[m[Kâ€™ was not declared in this scope; did you mean â€˜[01m[Kresponse[m[Kâ€™?
   28 |                     [01;31m[Kreponse[m[K->result = Patrol::Response::SUCESS;
      |                     [01;31m[K^~~~~~~[m[K
      |                     [32m[Kresponse[m[K
[01m[K/home/bayes/hssw/others/ros2project/products/cpp/service_pratice_ws/src/demo_cpp_service/src/turtle_control.cpp:18:107:[m[K [01;35m[Kwarning: [m[Kunused parameter â€˜[01m[Kresponse[m[Kâ€™ [[01;35m[K]8;;https://gcc.gnu.org/onlinedocs/gcc/Warning-Options.html#index-Wunused-parameter-Wunused-parameter]8;;[m[K]
   18 |             "patrol",[&](const std::shared_ptr<Patrol::Request> request,[01;35m[Kstd::shared_ptr<Patrol::Response> response[m[K) -> void {
      |                                                                         [01;35m[K~~~~~~~~~~~~~~~~~~~~~~~~~~~~~~~~~~^~~~~~~~[m[K
gmake[2]: *** [CMakeFiles/turtle_control.dir/build.make:76ï¼šCMakeFiles/turtle_control.dir/src/turtle_control.cpp.o] é”™è¯¯ 1
gmake[1]: *** [CMakeFiles/Makefile2:137ï¼šCMakeFiles/turtle_control.dir/all] é”™è¯¯ 2
gmake: *** [Makefile:146ï¼šall] é”™è¯¯ 2
