[01m[K/home/bayes/hssw/others/ros2project/products/cpp/tf_pratice_ws/demo_cpp_tf/src/static_tf_broadcaster.cpp:38:2:[m[K [01;31m[Kerror: [m[Kexpected â€˜[01m[K;[m[Kâ€™ after class definition
   38 | }
      |  [01;31m[K^[m[K
      |  [32m[K;[m[K
gmake[2]: *** [CMakeFiles/static_tf_broadcaster.dir/build.make:76ï¼šCMakeFiles/static_tf_broadcaster.dir/src/static_tf_broadcaster.cpp.o] é”™è¯¯ 1
gmake[1]: *** [CMakeFiles/Makefile2:137ï¼šCMakeFiles/static_tf_broadcaster.dir/all] é”™è¯¯ 2
gmake: *** [Makefile:146ï¼šall] é”™è¯¯ 2
