[0.014s] Invoking command in '/home/bayes/hssw/others/ros2project/products/cpp/tf_pratice_ws/build/demo_cpp_tf': CMAKE_PREFIX_PATH=/home/bayes/hssw/others/ros2project/products/cpp/tf_pratice_ws/install/demo_python_tf:/opt/ros/humble /usr/bin/cmake /home/bayes/hssw/others/ros2project/products/cpp/tf_pratice_ws/demo_cpp_tf -DCMAKE_INSTALL_PREFIX=/home/bayes/hssw/others/ros2project/products/cpp/tf_pratice_ws/install/demo_cpp_tf
[0.165s] -- The C compiler identification is GNU 11.4.0
[0.258s] -- The CXX compiler identification is GNU 11.4.0
[0.271s] -- Detecting C compiler ABI info
[0.335s] -- Detecting C compiler ABI info - done
[0.339s] -- Check for working C compiler: /usr/bin/cc - skipped
[0.340s] -- Detecting C compile features
[0.341s] -- Detecting C compile features - done
[0.345s] -- Detecting CXX compiler ABI info
[0.415s] -- Detecting CXX compiler ABI info - done
[0.420s] -- Check for working CXX compiler: /usr/bin/c++ - skipped
[0.420s] -- Detecting CXX compile features
[0.420s] -- Detecting CXX compile features - done
[0.426s] -- Found ament_cmake: 1.3.12 (/opt/ros/humble/share/ament_cmake/cmake)
[0.554s] -- Found Python3: /usr/bin/python3 (found version "3.10.12") found components: Interpreter 
[0.656s] -- Found rclcpp: 16.0.14 (/opt/ros/humble/share/rclcpp/cmake)
[0.723s] -- Found rosidl_generator_c: 3.1.7 (/opt/ros/humble/share/rosidl_generator_c/cmake)
[0.730s] -- Found rosidl_adapter: 3.1.7 (/opt/ros/humble/share/rosidl_adapter/cmake)
[0.744s] -- Found rosidl_generator_cpp: 3.1.7 (/opt/ros/humble/share/rosidl_generator_cpp/cmake)
[0.765s] -- Using all available rosidl_typesupport_c: rosidl_typesupport_fastrtps_c;rosidl_typesupport_introspection_c
[0.787s] -- Using all available rosidl_typesupport_cpp: rosidl_typesupport_fastrtps_cpp;rosidl_typesupport_introspection_cpp
[0.849s] -- Found rmw_implementation_cmake: 6.1.2 (/opt/ros/humble/share/rmw_implementation_cmake/cmake)
[0.854s] -- Found rmw_fastrtps_cpp: 6.2.8 (/opt/ros/humble/share/rmw_fastrtps_cpp/cmake)
[0.945s] -- Found OpenSSL: /usr/lib/x86_64-linux-gnu/libcrypto.so (found version "3.0.2")  
[0.966s] -- Found FastRTPS: /opt/ros/humble/include  
[0.993s] -- Using RMW implementation 'rmw_fastrtps_cpp' as default
[1.004s] -- Looking for pthread.h
[1.070s] -- Looking for pthread.h - found
[1.070s] -- Performing Test CMAKE_HAVE_LIBC_PTHREAD
[1.132s] -- Performing Test CMAKE_HAVE_LIBC_PTHREAD - Success
[1.133s] -- Found Threads: TRUE  
[1.197s] -- Found tf2: 0.25.15 (/opt/ros/humble/share/tf2/cmake)
[1.226s] -- Found tf2_ros: 0.25.15 (/opt/ros/humble/share/tf2_ros/cmake)
[1.334s] -- Found tf2_geometry_msgs: 0.25.15 (/opt/ros/humble/share/tf2_geometry_msgs/cmake)
[1.347s] -- Found eigen3_cmake_module: 0.1.1 (/opt/ros/humble/share/eigen3_cmake_module/cmake)
[1.349s] -- Found Eigen3: TRUE (found version "3.4.0") 
[1.349s] -- Ensuring Eigen3 include directory is part of orocos-kdl CMake target
[1.353s] -- Found ament_lint_auto: 0.12.14 (/opt/ros/humble/share/ament_lint_auto/cmake)
[1.424s] -- Added test 'cppcheck' to perform static code analysis on C / C++ code
[1.424s] -- Configured cppcheck include dirs: 
[1.424s] -- Configured cppcheck exclude dirs and/or files: 
[1.425s] -- Added test 'lint_cmake' to check CMake code style
[1.427s] -- Added test 'uncrustify' to check C / C++ code style
[1.427s] -- Configured uncrustify additional arguments: 
[1.428s] -- Added test 'xmllint' to check XML markup files
[1.430s] -- Configuring done
[1.441s] -- Generating done
[1.444s] -- Build files have been written to: /home/bayes/hssw/others/ros2project/products/cpp/tf_pratice_ws/build/demo_cpp_tf
[1.452s] Invoked command in '/home/bayes/hssw/others/ros2project/products/cpp/tf_pratice_ws/build/demo_cpp_tf' returned '0': CMAKE_PREFIX_PATH=/home/bayes/hssw/others/ros2project/products/cpp/tf_pratice_ws/install/demo_python_tf:/opt/ros/humble /usr/bin/cmake /home/bayes/hssw/others/ros2project/products/cpp/tf_pratice_ws/demo_cpp_tf -DCMAKE_INSTALL_PREFIX=/home/bayes/hssw/others/ros2project/products/cpp/tf_pratice_ws/install/demo_cpp_tf
[1.454s] Invoking command in '/home/bayes/hssw/others/ros2project/products/cpp/tf_pratice_ws/build/demo_cpp_tf': CMAKE_PREFIX_PATH=/home/bayes/hssw/others/ros2project/products/cpp/tf_pratice_ws/install/demo_python_tf:/opt/ros/humble /usr/bin/cmake --build /home/bayes/hssw/others/ros2project/products/cpp/tf_pratice_ws/build/demo_cpp_tf -- -j24 -l24
[1.494s] [ 50%] [32mBuilding CXX object CMakeFiles/static_tf_broadcaster.dir/src/static_tf_broadcaster.cpp.o[0m
[3.474s] [01m[K/home/bayes/hssw/others/ros2project/products/cpp/tf_pratice_ws/demo_cpp_tf/src/static_tf_broadcaster.cpp:38:2:[m[K [01;31m[Kerror: [m[Kexpected â€˜[01m[K;[m[Kâ€™ after class definition
[3.474s]    38 | }
[3.474s]       |  [01;31m[K^[m[K
[3.474s]       |  [32m[K;[m[K
[3.926s] gmake[2]: *** [CMakeFiles/static_tf_broadcaster.dir/build.make:76ï¼šCMakeFiles/static_tf_broadcaster.dir/src/static_tf_broadcaster.cpp.o] é”™è¯¯ 1
[3.926s] gmake[1]: *** [CMakeFiles/Makefile2:137ï¼šCMakeFiles/static_tf_broadcaster.dir/all] é”™è¯¯ 2
[3.926s] gmake: *** [Makefile:146ï¼šall] é”™è¯¯ 2
[3.928s] Invoked command in '/home/bayes/hssw/others/ros2project/products/cpp/tf_pratice_ws/build/demo_cpp_tf' returned '2': CMAKE_PREFIX_PATH=/home/bayes/hssw/others/ros2project/products/cpp/tf_pratice_ws/install/demo_python_tf:/opt/ros/humble /usr/bin/cmake --build /home/bayes/hssw/others/ros2project/products/cpp/tf_pratice_ws/build/demo_cpp_tf -- -j24 -l24
