[35m[1mConsolidate compiler generated dependencies of target patrol_client[0m
[ 50%] Built target turtle_control
[ 75%] [32mBuilding CXX object CMakeFiles/patrol_client.dir/src/patrol_client.cpp.o[0m
[01m[K/home/bayes/hssw/others/ros2project/products/cpp/service_pratice_ws/src/demo_cpp_service/src/patrol_client.cpp:[m[K In member function â€˜[01m[Kvoid PatrolClient::timer_callback()[m[Kâ€™:
[01m[K/home/bayes/hssw/others/ros2project/products/cpp/service_pratice_ws/src/demo_cpp_service/src/patrol_client.cpp:55:5:[m[K [01;31m[Kerror: [m[Kexpected â€˜[01m[K;[m[Kâ€™ before â€˜[01m[K}[m[Kâ€™ token
   55 |     [01;31m[K}[m[K
      |     [01;31m[K^[m[K
gmake[2]: *** [CMakeFiles/patrol_client.dir/build.make:76ï¼šCMakeFiles/patrol_client.dir/src/patrol_client.cpp.o] é”™è¯¯ 1
gmake[1]: *** [CMakeFiles/Makefile2:165ï¼šCMakeFiles/patrol_client.dir/all] é”™è¯¯ 2
gmake: *** [Makefile:146ï¼šall] é”™è¯¯ 2
