-- Found ament_cmake: 1.3.12 (/opt/ros/humble/share/ament_cmake/cmake)
-- Found rclcpp: 16.0.14 (/opt/ros/humble/share/rclcpp/cmake)
-- Found rosidl_generator_c: 3.1.7 (/opt/ros/humble/share/rosidl_generator_c/cmake)
-- Found rosidl_adapter: 3.1.7 (/opt/ros/humble/share/rosidl_adapter/cmake)
-- Found rosidl_generator_cpp: 3.1.7 (/opt/ros/humble/share/rosidl_generator_cpp/cmake)
-- Using all available rosidl_typesupport_c: rosidl_typesupport_fastrtps_c;rosidl_typesupport_introspection_c
-- Using all available rosidl_typesupport_cpp: rosidl_typesupport_fastrtps_cpp;rosidl_typesupport_introspection_cpp
-- Found rmw_implementation_cmake: 6.1.2 (/opt/ros/humble/share/rmw_implementation_cmake/cmake)
-- Found rmw_fastrtps_cpp: 6.2.8 (/opt/ros/humble/share/rmw_fastrtps_cpp/cmake)
-- Found OpenSSL: /usr/lib/x86_64-linux-gnu/libcrypto.so (found version "3.0.2")  
-- Found FastRTPS: /opt/ros/humble/include  
-- Using RMW implementation 'rmw_fastrtps_cpp' as default
-- Looking for pthread.h
-- Looking for pthread.h - found
-- Performing Test CMAKE_HAVE_LIBC_PTHREAD
-- Performing Test CMAKE_HAVE_LIBC_PTHREAD - Success
-- Found Threads: TRUE  
-- Found geometry_msgs: 4.9.0 (/opt/ros/humble/share/geometry_msgs/cmake)
-- Found ament_lint_auto: 0.12.14 (/opt/ros/humble/share/ament_lint_auto/cmake)
-- Added test 'cppcheck' to perform static code analysis on C / C++ code
-- Configured cppcheck include dirs: 
-- Configured cppcheck exclude dirs and/or files: 
-- Added test 'lint_cmake' to check CMake code style
-- Added test 'uncrustify' to check C / C++ code style
-- Configured uncrustify additional arguments: 
-- Added test 'xmllint' to check XML markup files
-- Configuring done
-- Generating done
-- Build files have been written to: /home/bayes/hssw/others/ros2project/test/cpp/bayes_workspace/src/build/demo_cpp_topic
[ 50%] [32mBuilding CXX object CMakeFiles/turtle_circle.dir/src/turtle_circle.cpp.o[0m
[01m[K/home/bayes/hssw/others/ros2project/test/cpp/bayes_workspace/src/demo_cpp_topic/src/turtle_circle.cpp:15:72:[m[K [01;35m[Kwarning: [m[Kcharacter constant too long for its type
   15 |         publisher_ = this->create_publisher<geometry_msgs::msg::Twist>([01;35m[K'/turtle1/cmd_vel'[m[K,10);
      |                                                                        [01;35m[K^~~~~~~~~~~~~~~~~~[m[K
[01m[K/home/bayes/hssw/others/ros2project/test/cpp/bayes_workspace/src/demo_cpp_topic/src/turtle_circle.cpp:[m[K In constructor â€˜[01m[KTurtleCircle::TurtleCircle(std::string)[m[Kâ€™:
[01m[K/home/bayes/hssw/others/ros2project/test/cpp/bayes_workspace/src/demo_cpp_topic/src/turtle_circle.cpp:15:71:[m[K [01;31m[Kerror: [m[Kno matching function for call to â€˜[01m[KTurtleCircle::create_publisher<geometry_msgs::msg::Twist>(int, int)[m[Kâ€™
   15 |         publisher_ = [01;31m[Kthis->create_publisher<geometry_msgs::msg::Twist>('/turtle1/cmd_vel',10)[m[K;
      |                      [01;31m[K~~~~~~~~~~~~~~~~~~~~~~~~~~~~~~~~~~~~~~~~~~~~~~~~~^~~~~~~~~~~~~~~~~~~~~~~[m[K
In file included from [01m[K/opt/ros/humble/include/rclcpp/rclcpp/executors/single_threaded_executor.hpp:28[m[K,
                 from [01m[K/opt/ros/humble/include/rclcpp/rclcpp/executors.hpp:22[m[K,
                 from [01m[K/opt/ros/humble/include/rclcpp/rclcpp/rclcpp.hpp:155[m[K,
                 from [01m[K/home/bayes/hssw/others/ros2project/test/cpp/bayes_workspace/src/demo_cpp_topic/src/turtle_circle.cpp:1[m[K:
[01m[K/opt/ros/humble/include/rclcpp/rclcpp/node.hpp:195:3:[m[K [01;36m[Knote: [m[Kcandidate: â€˜[01m[Ktemplate<class MessageT, class AllocatorT, class PublisherT> std::shared_ptr<PublisherT> rclcpp::Node::create_publisher(const string&, const rclcpp::QoS&, const rclcpp::PublisherOptionsWithAllocator<AllocatorT>&)[m[Kâ€™
  195 |   [01;36m[Kcreate_publisher[m[K(
      |   [01;36m[K^~~~~~~~~~~~~~~~[m[K
[01m[K/opt/ros/humble/include/rclcpp/rclcpp/node.hpp:195:3:[m[K [01;36m[Knote: [m[K  template argument deduction/substitution failed:
[01m[K/home/bayes/hssw/others/ros2project/test/cpp/bayes_workspace/src/demo_cpp_topic/src/turtle_circle.cpp:15:72:[m[K [01;36m[Knote: [m[K  cannot convert â€˜[01m[K1601594732[m[Kâ€™ (type â€˜[01m[Kint[m[Kâ€™) to type â€˜[01m[Kconst string&[m[Kâ€™ {aka â€˜[01m[Kconst std::__cxx11::basic_string<char>&[m[Kâ€™}
   15 |         publisher_ = this->create_publisher<geometry_msgs::msg::Twist>([01;36m[K'/turtle1/cmd_vel'[m[K,10);
      |                                                                        [01;36m[K^~~~~~~~~~~~~~~~~~[m[K
[01m[K/home/bayes/hssw/others/ros2project/test/cpp/bayes_workspace/src/demo_cpp_topic/src/turtle_circle.cpp:18:41:[m[K [01;31m[Kerror: [m[Kno matching function for call to â€˜[01m[KTurtleCircle::create_wall_timer(std::chrono::milliseconds, std::_Bind_helper<false, void (TurtleCircle::*)(), TurtleCircle*>::type, int)[m[Kâ€™
   18 |         timer_ = [01;31m[Kthis->create_wall_timer(1000ms,std::bind(&TurtleCircle::callback,this),10)[m[K;
      |                  [01;31m[K~~~~~~~~~~~~~~~~~~~~~~~^~~~~~~~~~~~~~~~~~~~~~~~~~~~~~~~~~~~~~~~~~~~~~~~~~~[m[K
In file included from [01m[K/opt/ros/humble/include/rclcpp/rclcpp/executors/single_threaded_executor.hpp:28[m[K,
                 from [01m[K/opt/ros/humble/include/rclcpp/rclcpp/executors.hpp:22[m[K,
                 from [01m[K/opt/ros/humble/include/rclcpp/rclcpp/rclcpp.hpp:155[m[K,
                 from [01m[K/home/bayes/hssw/others/ros2project/test/cpp/bayes_workspace/src/demo_cpp_topic/src/turtle_circle.cpp:1[m[K:
[01m[K/opt/ros/humble/include/rclcpp/rclcpp/node.hpp:238:3:[m[K [01;36m[Knote: [m[Kcandidate: â€˜[01m[Ktemplate<class DurationRepT, class DurationT, class CallbackT> typename rclcpp::WallTimer<CallbackT>::SharedPtr rclcpp::Node::create_wall_timer(std::chrono::duration<_Rep1, _Period1>, CallbackT, rclcpp::CallbackGroup::SharedPtr)[m[Kâ€™
  238 |   [01;36m[Kcreate_wall_timer[m[K(
      |   [01;36m[K^~~~~~~~~~~~~~~~~[m[K
[01m[K/opt/ros/humble/include/rclcpp/rclcpp/node.hpp:238:3:[m[K [01;36m[Knote: [m[K  template argument deduction/substitution failed:
[01m[K/home/bayes/hssw/others/ros2project/test/cpp/bayes_workspace/src/demo_cpp_topic/src/turtle_circle.cpp:18:89:[m[K [01;36m[Knote: [m[K  cannot convert â€˜[01m[K10[m[Kâ€™ (type â€˜[01m[Kint[m[Kâ€™) to type â€˜[01m[Krclcpp::CallbackGroup::SharedPtr[m[Kâ€™ {aka â€˜[01m[Kstd::shared_ptr<rclcpp::CallbackGroup>[m[Kâ€™}
   18 |         timer_ = this->create_wall_timer(1000ms,std::bind(&TurtleCircle::callback,this),[01;36m[K10[m[K);
      |                                                                                         [01;36m[K^~[m[K
gmake[2]: *** [CMakeFiles/turtle_circle.dir/build.make:76ï¼šCMakeFiles/turtle_circle.dir/src/turtle_circle.cpp.o] é”™è¯¯ 1
gmake[1]: *** [CMakeFiles/Makefile2:137ï¼šCMakeFiles/turtle_circle.dir/all] é”™è¯¯ 2
gmake: *** [Makefile:146ï¼šall] é”™è¯¯ 2
