[0.020s] Invoking command in '/home/bayes/hssw/others/ros2project/test/cpp/bayes_workspace/src/build/demo_cpp_topic': CMAKE_PREFIX_PATH=${CMAKE_PREFIX_PATH}:/home/bayes/hssw/others/ros2project/test/python/workspace/src/install/demo_python_topic:/home/bayes/hssw/others/ros2project/test/python/workspace/src/install/demo_python_pkg:/home/bayes/hssw/others/ros2project/test/cpp/bayes_workspace/src/install/demo_python_pkg:/home/bayes/hssw/others/ros2project/test/cpp/bayes_workspace/install/demo_python_pkg:/home/bayes/hssw/others/ros2project/test/python/workspace/install/demo_python_pkg:/opt/ros/humble /bin/cmake /home/bayes/hssw/others/ros2project/test/cpp/bayes_workspace/src/demo_cpp_topic -DCMAKE_INSTALL_PREFIX=/home/bayes/hssw/others/ros2project/test/cpp/bayes_workspace/src/install/demo_cpp_topic
[0.031s] -- Found ament_cmake: 1.3.12 (/opt/ros/humble/share/ament_cmake/cmake)
[0.135s] -- Found rclcpp: 16.0.14 (/opt/ros/humble/share/rclcpp/cmake)
[0.174s] -- Found rosidl_generator_c: 3.1.7 (/opt/ros/humble/share/rosidl_generator_c/cmake)
[0.179s] -- Found rosidl_adapter: 3.1.7 (/opt/ros/humble/share/rosidl_adapter/cmake)
[0.186s] -- Found rosidl_generator_cpp: 3.1.7 (/opt/ros/humble/share/rosidl_generator_cpp/cmake)
[0.197s] -- Using all available rosidl_typesupport_c: rosidl_typesupport_fastrtps_c;rosidl_typesupport_introspection_c
[0.210s] -- Using all available rosidl_typesupport_cpp: rosidl_typesupport_fastrtps_cpp;rosidl_typesupport_introspection_cpp
[0.246s] -- Found rmw_implementation_cmake: 6.1.2 (/opt/ros/humble/share/rmw_implementation_cmake/cmake)
[0.248s] -- Found rmw_fastrtps_cpp: 6.2.8 (/opt/ros/humble/share/rmw_fastrtps_cpp/cmake)
[0.330s] -- Found OpenSSL: /usr/lib/x86_64-linux-gnu/libcrypto.so (found version "3.0.2")  
[0.349s] -- Found FastRTPS: /opt/ros/humble/include  
[0.378s] -- Using RMW implementation 'rmw_fastrtps_cpp' as default
[0.386s] -- Looking for pthread.h
[0.454s] -- Looking for pthread.h - found
[0.454s] -- Performing Test CMAKE_HAVE_LIBC_PTHREAD
[0.517s] -- Performing Test CMAKE_HAVE_LIBC_PTHREAD - Success
[0.518s] -- Found Threads: TRUE  
[0.558s] -- Found geometry_msgs: 4.9.0 (/opt/ros/humble/share/geometry_msgs/cmake)
[0.576s] -- Found ament_lint_auto: 0.12.14 (/opt/ros/humble/share/ament_lint_auto/cmake)
[0.638s] -- Added test 'cppcheck' to perform static code analysis on C / C++ code
[0.638s] -- Configured cppcheck include dirs: 
[0.639s] -- Configured cppcheck exclude dirs and/or files: 
[0.639s] -- Added test 'lint_cmake' to check CMake code style
[0.640s] -- Added test 'uncrustify' to check C / C++ code style
[0.640s] -- Configured uncrustify additional arguments: 
[0.644s] -- Added test 'xmllint' to check XML markup files
[0.644s] -- Configuring done
[0.650s] -- Generating done
[0.653s] -- Build files have been written to: /home/bayes/hssw/others/ros2project/test/cpp/bayes_workspace/src/build/demo_cpp_topic
[0.660s] Invoked command in '/home/bayes/hssw/others/ros2project/test/cpp/bayes_workspace/src/build/demo_cpp_topic' returned '0': CMAKE_PREFIX_PATH=${CMAKE_PREFIX_PATH}:/home/bayes/hssw/others/ros2project/test/python/workspace/src/install/demo_python_topic:/home/bayes/hssw/others/ros2project/test/python/workspace/src/install/demo_python_pkg:/home/bayes/hssw/others/ros2project/test/cpp/bayes_workspace/src/install/demo_python_pkg:/home/bayes/hssw/others/ros2project/test/cpp/bayes_workspace/install/demo_python_pkg:/home/bayes/hssw/others/ros2project/test/python/workspace/install/demo_python_pkg:/opt/ros/humble /bin/cmake /home/bayes/hssw/others/ros2project/test/cpp/bayes_workspace/src/demo_cpp_topic -DCMAKE_INSTALL_PREFIX=/home/bayes/hssw/others/ros2project/test/cpp/bayes_workspace/src/install/demo_cpp_topic
[0.661s] Invoking command in '/home/bayes/hssw/others/ros2project/test/cpp/bayes_workspace/src/build/demo_cpp_topic': CMAKE_PREFIX_PATH=${CMAKE_PREFIX_PATH}:/home/bayes/hssw/others/ros2project/test/python/workspace/src/install/demo_python_topic:/home/bayes/hssw/others/ros2project/test/python/workspace/src/install/demo_python_pkg:/home/bayes/hssw/others/ros2project/test/cpp/bayes_workspace/src/install/demo_python_pkg:/home/bayes/hssw/others/ros2project/test/cpp/bayes_workspace/install/demo_python_pkg:/home/bayes/hssw/others/ros2project/test/python/workspace/install/demo_python_pkg:/opt/ros/humble /bin/cmake --build /home/bayes/hssw/others/ros2project/test/cpp/bayes_workspace/src/build/demo_cpp_topic -- -j24 -l24
[0.702s] [ 50%] [32mBuilding CXX object CMakeFiles/turtle_circle.dir/src/turtle_circle.cpp.o[0m
[0.894s] [01m[K/home/bayes/hssw/others/ros2project/test/cpp/bayes_workspace/src/demo_cpp_topic/src/turtle_circle.cpp:15:72:[m[K [01;35m[Kwarning: [m[Kcharacter constant too long for its type
[0.895s]    15 |         publisher_ = this->create_publisher<geometry_msgs::msg::Twist>([01;35m[K'/turtle1/cmd_vel'[m[K,10);
[0.895s]       |                                                                        [01;35m[K^~~~~~~~~~~~~~~~~~[m[K
[2.325s] [01m[K/home/bayes/hssw/others/ros2project/test/cpp/bayes_workspace/src/demo_cpp_topic/src/turtle_circle.cpp:[m[K In constructor â€˜[01m[KTurtleCircle::TurtleCircle(std::string)[m[Kâ€™:
[2.325s] [01m[K/home/bayes/hssw/others/ros2project/test/cpp/bayes_workspace/src/demo_cpp_topic/src/turtle_circle.cpp:15:71:[m[K [01;31m[Kerror: [m[Kno matching function for call to â€˜[01m[KTurtleCircle::create_publisher<geometry_msgs::msg::Twist>(int, int)[m[Kâ€™
[2.325s]    15 |         publisher_ = [01;31m[Kthis->create_publisher<geometry_msgs::msg::Twist>('/turtle1/cmd_vel',10)[m[K;
[2.325s]       |                      [01;31m[K~~~~~~~~~~~~~~~~~~~~~~~~~~~~~~~~~~~~~~~~~~~~~~~~~^~~~~~~~~~~~~~~~~~~~~~~[m[K
[2.326s] In file included from [01m[K/opt/ros/humble/include/rclcpp/rclcpp/executors/single_threaded_executor.hpp:28[m[K,
[2.326s]                  from [01m[K/opt/ros/humble/include/rclcpp/rclcpp/executors.hpp:22[m[K,
[2.326s]                  from [01m[K/opt/ros/humble/include/rclcpp/rclcpp/rclcpp.hpp:155[m[K,
[2.326s]                  from [01m[K/home/bayes/hssw/others/ros2project/test/cpp/bayes_workspace/src/demo_cpp_topic/src/turtle_circle.cpp:1[m[K:
[2.326s] [01m[K/opt/ros/humble/include/rclcpp/rclcpp/node.hpp:195:3:[m[K [01;36m[Knote: [m[Kcandidate: â€˜[01m[Ktemplate<class MessageT, class AllocatorT, class PublisherT> std::shared_ptr<PublisherT> rclcpp::Node::create_publisher(const string&, const rclcpp::QoS&, const rclcpp::PublisherOptionsWithAllocator<AllocatorT>&)[m[Kâ€™
[2.326s]   195 |   [01;36m[Kcreate_publisher[m[K(
[2.326s]       |   [01;36m[K^~~~~~~~~~~~~~~~[m[K
[2.326s] [01m[K/opt/ros/humble/include/rclcpp/rclcpp/node.hpp:195:3:[m[K [01;36m[Knote: [m[K  template argument deduction/substitution failed:
[2.326s] [01m[K/home/bayes/hssw/others/ros2project/test/cpp/bayes_workspace/src/demo_cpp_topic/src/turtle_circle.cpp:15:72:[m[K [01;36m[Knote: [m[K  cannot convert â€˜[01m[K1601594732[m[Kâ€™ (type â€˜[01m[Kint[m[Kâ€™) to type â€˜[01m[Kconst string&[m[Kâ€™ {aka â€˜[01m[Kconst std::__cxx11::basic_string<char>&[m[Kâ€™}
[2.326s]    15 |         publisher_ = this->create_publisher<geometry_msgs::msg::Twist>([01;36m[K'/turtle1/cmd_vel'[m[K,10);
[2.326s]       |                                                                        [01;36m[K^~~~~~~~~~~~~~~~~~[m[K
[2.329s] [01m[K/home/bayes/hssw/others/ros2project/test/cpp/bayes_workspace/src/demo_cpp_topic/src/turtle_circle.cpp:18:41:[m[K [01;31m[Kerror: [m[Kno matching function for call to â€˜[01m[KTurtleCircle::create_wall_timer(std::chrono::milliseconds, std::_Bind_helper<false, void (TurtleCircle::*)(), TurtleCircle*>::type, int)[m[Kâ€™
[2.329s]    18 |         timer_ = [01;31m[Kthis->create_wall_timer(1000ms,std::bind(&TurtleCircle::callback,this),10)[m[K;
[2.329s]       |                  [01;31m[K~~~~~~~~~~~~~~~~~~~~~~~^~~~~~~~~~~~~~~~~~~~~~~~~~~~~~~~~~~~~~~~~~~~~~~~~~~[m[K
[2.329s] In file included from [01m[K/opt/ros/humble/include/rclcpp/rclcpp/executors/single_threaded_executor.hpp:28[m[K,
[2.329s]                  from [01m[K/opt/ros/humble/include/rclcpp/rclcpp/executors.hpp:22[m[K,
[2.329s]                  from [01m[K/opt/ros/humble/include/rclcpp/rclcpp/rclcpp.hpp:155[m[K,
[2.329s]                  from [01m[K/home/bayes/hssw/others/ros2project/test/cpp/bayes_workspace/src/demo_cpp_topic/src/turtle_circle.cpp:1[m[K:
[2.329s] [01m[K/opt/ros/humble/include/rclcpp/rclcpp/node.hpp:238:3:[m[K [01;36m[Knote: [m[Kcandidate: â€˜[01m[Ktemplate<class DurationRepT, class DurationT, class CallbackT> typename rclcpp::WallTimer<CallbackT>::SharedPtr rclcpp::Node::create_wall_timer(std::chrono::duration<_Rep1, _Period1>, CallbackT, rclcpp::CallbackGroup::SharedPtr)[m[Kâ€™
[2.330s]   238 |   [01;36m[Kcreate_wall_timer[m[K(
[2.330s]       |   [01;36m[K^~~~~~~~~~~~~~~~~[m[K
[2.330s] [01m[K/opt/ros/humble/include/rclcpp/rclcpp/node.hpp:238:3:[m[K [01;36m[Knote: [m[K  template argument deduction/substitution failed:
[2.330s] [01m[K/home/bayes/hssw/others/ros2project/test/cpp/bayes_workspace/src/demo_cpp_topic/src/turtle_circle.cpp:18:89:[m[K [01;36m[Knote: [m[K  cannot convert â€˜[01m[K10[m[Kâ€™ (type â€˜[01m[Kint[m[Kâ€™) to type â€˜[01m[Krclcpp::CallbackGroup::SharedPtr[m[Kâ€™ {aka â€˜[01m[Kstd::shared_ptr<rclcpp::CallbackGroup>[m[Kâ€™}
[2.330s]    18 |         timer_ = this->create_wall_timer(1000ms,std::bind(&TurtleCircle::callback,this),[01;36m[K10[m[K);
[2.330s]       |                                                                                         [01;36m[K^~[m[K
[2.666s] gmake[2]: *** [CMakeFiles/turtle_circle.dir/build.make:76ï¼šCMakeFiles/turtle_circle.dir/src/turtle_circle.cpp.o] é”™è¯¯ 1
[2.666s] gmake[1]: *** [CMakeFiles/Makefile2:137ï¼šCMakeFiles/turtle_circle.dir/all] é”™è¯¯ 2
[2.666s] gmake: *** [Makefile:146ï¼šall] é”™è¯¯ 2
[2.668s] Invoked command in '/home/bayes/hssw/others/ros2project/test/cpp/bayes_workspace/src/build/demo_cpp_topic' returned '2': CMAKE_PREFIX_PATH=${CMAKE_PREFIX_PATH}:/home/bayes/hssw/others/ros2project/test/python/workspace/src/install/demo_python_topic:/home/bayes/hssw/others/ros2project/test/python/workspace/src/install/demo_python_pkg:/home/bayes/hssw/others/ros2project/test/cpp/bayes_workspace/src/install/demo_python_pkg:/home/bayes/hssw/others/ros2project/test/cpp/bayes_workspace/install/demo_python_pkg:/home/bayes/hssw/others/ros2project/test/python/workspace/install/demo_python_pkg:/opt/ros/humble /bin/cmake --build /home/bayes/hssw/others/ros2project/test/cpp/bayes_workspace/src/build/demo_cpp_topic -- -j24 -l24
