-- Found ament_cmake: 1.3.12 (/opt/ros/humble/share/ament_cmake/cmake)
-- Found rclcpp: 16.0.14 (/opt/ros/humble/share/rclcpp/cmake)
-- Found rosidl_generator_c: 3.1.7 (/opt/ros/humble/share/rosidl_generator_c/cmake)
-- Found rosidl_adapter: 3.1.7 (/opt/ros/humble/share/rosidl_adapter/cmake)
-- Found rosidl_generator_cpp: 3.1.7 (/opt/ros/humble/share/rosidl_generator_cpp/cmake)
-- Using all available rosidl_typesupport_c: rosidl_typesupport_fastrtps_c;rosidl_typesupport_introspection_c
-- Using all available rosidl_typesupport_cpp: rosidl_typesupport_fastrtps_cpp;rosidl_typesupport_introspection_cpp
-- Found rmw_implementation_cmake: 6.1.2 (/opt/ros/humble/share/rmw_implementation_cmake/cmake)
-- Found rmw_fastrtps_cpp: 6.2.8 (/opt/ros/humble/share/rmw_fastrtps_cpp/cmake)
-- Using RMW implementation 'rmw_fastrtps_cpp' as default
[0m/home/bayes/hssw/others/ros2project/test/cpp/bayes_workspace/src/test_cpp_demo[0m
-- Found ament_lint_auto: 0.12.14 (/opt/ros/humble/share/ament_lint_auto/cmake)
-- Added test 'cppcheck' to perform static code analysis on C / C++ code
-- Configured cppcheck include dirs: /home/bayes/hssw/others/ros2project/test/cpp/bayes_workspace/src/test_cpp_demo/include/test_cpp_demo/
-- Configured cppcheck exclude dirs and/or files: 
-- Added test 'flake8' to check Python code syntax and style conventions
-- Added test 'lint_cmake' to check CMake code style
-- Added test 'pep257' to check Python code against some of the docstring style conventions in PEP 257
-- Added test 'uncrustify' to check C / C++ code style
-- Configured uncrustify additional arguments: 
-- Added test 'xmllint' to check XML markup files
-- Configuring done
-- Generating done
-- Build files have been written to: /home/bayes/hssw/others/ros2project/test/cpp/bayes_workspace/src/build/test_cpp_demo
[35m[1mConsolidate compiler generated dependencies of target bayes_test[0m
[ 16%] [32mBuilding CXX object CMakeFiles/PersonNode.dir/src/PersonNode.cpp.o[0m
[ 33%] [32mBuilding CXX object CMakeFiles/WriteNode.dir/src/WriteNode.cpp.o[0m
[ 66%] Built target bayes_test
[01m[K/home/bayes/hssw/others/ros2project/test/cpp/bayes_workspace/src/test_cpp_demo/src/PersonNode.cpp:1:10:[m[K [01;31m[Kfatal error: [m[KPersonNode.h: 没有那个文件或目录
    1 | #include [01;31m[K"PersonNode.h"[m[K
      |          [01;31m[K^~~~~~~~~~~~~~[m[K
compilation terminated.
gmake[2]: *** [CMakeFiles/PersonNode.dir/build.make:76：CMakeFiles/PersonNode.dir/src/PersonNode.cpp.o] 错误 1
gmake[1]: *** [CMakeFiles/Makefile2:167：CMakeFiles/PersonNode.dir/all] 错误 2
gmake[1]: *** 正在等待未完成的任务....
[01m[K/home/bayes/hssw/others/ros2project/test/cpp/bayes_workspace/src/test_cpp_demo/src/WriteNode.cpp:[m[K In member function ‘[01m[Kvirtual void WriteNode::eatfood(std::string)[m[K’:
[01m[K/home/bayes/hssw/others/ros2project/test/cpp/bayes_workspace/src/test_cpp_demo/src/WriteNode.cpp:10:33:[m[K [01;35m[Kwarning: [m[Kunused parameter ‘[01m[Kfoodname[m[K’ [[01;35m[K]8;;https://gcc.gnu.org/onlinedocs/gcc/Warning-Options.html#index-Wunused-parameter-Wunused-parameter]8;;[m[K]
   10 |     virtual void eatfood([01;35m[Kstring foodname[m[K)
      |                          [01;35m[K~~~~~~~^~~~~~~~[m[K
[ 83%] [32m[1mLinking CXX executable WriteNode[0m
/bin/ld: CMakeFiles/WriteNode.dir/src/WriteNode.cpp.o: in function `void __gnu_cxx::new_allocator<PersonNode>::construct<PersonNode, char const (&) [7], int>(PersonNode*, char const (&) [7], int&&)':
WriteNode.cpp:(.text._ZN9__gnu_cxx13new_allocatorI10PersonNodeE9constructIS1_JRA7_KciEEEvPT_DpOT0_[_ZN9__gnu_cxx13new_allocatorI10PersonNodeE9constructIS1_JRA7_KciEEEvPT_DpOT0_]+0x91): undefined reference to `PersonNode::PersonNode(std::__cxx11::basic_string<char, std::char_traits<char>, std::allocator<char> >, int)'
collect2: error: ld returned 1 exit status
gmake[2]: *** [CMakeFiles/WriteNode.dir/build.make:151：WriteNode] 错误 1
gmake[1]: *** [CMakeFiles/Makefile2:193：CMakeFiles/WriteNode.dir/all] 错误 2
gmake: *** [Makefile:146：all] 错误 2
