[0.013s] Invoking command in '/home/bayes/hssw/others/ros2project/test/cpp/bayes_workspace/build/test_cpp_demo': CMAKE_PREFIX_PATH=${CMAKE_PREFIX_PATH}:/home/bayes/hssw/others/ros2project/test/cpp/bayes_workspace/install/demo_python_pkg:/home/bayes/hssw/others/ros2project/test/python/workspace/install/demo_python_pkg:/opt/ros/humble /bin/cmake --build /home/bayes/hssw/others/ros2project/test/cpp/bayes_workspace/build/test_cpp_demo -- -j24 -l24
[0.031s] -- Found ament_cmake: 1.3.12 (/opt/ros/humble/share/ament_cmake/cmake)
[0.125s] -- Found rclcpp: 16.0.14 (/opt/ros/humble/share/rclcpp/cmake)
[0.145s] -- Found rosidl_generator_c: 3.1.7 (/opt/ros/humble/share/rosidl_generator_c/cmake)
[0.147s] -- Found rosidl_adapter: 3.1.7 (/opt/ros/humble/share/rosidl_adapter/cmake)
[0.151s] -- Found rosidl_generator_cpp: 3.1.7 (/opt/ros/humble/share/rosidl_generator_cpp/cmake)
[0.158s] -- Using all available rosidl_typesupport_c: rosidl_typesupport_fastrtps_c;rosidl_typesupport_introspection_c
[0.167s] -- Using all available rosidl_typesupport_cpp: rosidl_typesupport_fastrtps_cpp;rosidl_typesupport_introspection_cpp
[0.189s] -- Found rmw_implementation_cmake: 6.1.2 (/opt/ros/humble/share/rmw_implementation_cmake/cmake)
[0.190s] -- Found rmw_fastrtps_cpp: 6.2.8 (/opt/ros/humble/share/rmw_fastrtps_cpp/cmake)
[0.257s] -- Using RMW implementation 'rmw_fastrtps_cpp' as default
[0.289s] -- Found ament_lint_auto: 0.12.14 (/opt/ros/humble/share/ament_lint_auto/cmake)
[0.348s] -- Added test 'cppcheck' to perform static code analysis on C / C++ code
[0.349s] -- Configured cppcheck include dirs: /home/bayes/hssw/others/ros2project/test/cpp/bayes_workspace/src/test_cpp_demo/include/test_cpp_demo/
[0.349s] -- Configured cppcheck exclude dirs and/or files: 
[0.350s] -- Added test 'flake8' to check Python code syntax and style conventions
[0.352s] -- Added test 'lint_cmake' to check CMake code style
[0.354s] -- Added test 'pep257' to check Python code against some of the docstring style conventions in PEP 257
[0.363s] -- Added test 'uncrustify' to check C / C++ code style
[0.363s] -- Configured uncrustify additional arguments: 
[0.365s] -- Added test 'xmllint' to check XML markup files
[0.365s] -- Configuring done
[0.376s] -- Generating done
[0.380s] -- Build files have been written to: /home/bayes/hssw/others/ros2project/test/cpp/bayes_workspace/build/test_cpp_demo
[0.403s] [35m[1mConsolidate compiler generated dependencies of target bayes_test[0m
[0.403s] [35m[1mConsolidate compiler generated dependencies of target PersonNode[0m
[0.409s] [35m[1mConsolidate compiler generated dependencies of target WriteNode[0m
[0.420s] [ 33%] Built target PersonNode
[0.421s] [ 66%] Built target bayes_test
[0.432s] [ 83%] [32m[1mLinking CXX executable WriteNode[0m
[0.500s] /bin/ld: CMakeFiles/WriteNode.dir/src/WriteNode.cpp.o: in function `void __gnu_cxx::new_allocator<PersonNode>::construct<PersonNode, char const (&) [7], int>(PersonNode*, char const (&) [7], int&&)':
[0.501s] WriteNode.cpp:(.text._ZN9__gnu_cxx13new_allocatorI10PersonNodeE9constructIS1_JRA7_KciEEEvPT_DpOT0_[_ZN9__gnu_cxx13new_allocatorI10PersonNodeE9constructIS1_JRA7_KciEEEvPT_DpOT0_]+0x91): undefined reference to `PersonNode::PersonNode(std::__cxx11::basic_string<char, std::char_traits<char>, std::allocator<char> >, int)'
[0.504s] collect2: error: ld returned 1 exit status
[0.505s] gmake[2]: *** [CMakeFiles/WriteNode.dir/build.make:151ï¼šWriteNode] é”™è¯¯ 1
[0.505s] gmake[1]: *** [CMakeFiles/Makefile2:193ï¼šCMakeFiles/WriteNode.dir/all] é”™è¯¯ 2
[0.505s] gmake: *** [Makefile:146ï¼šall] é”™è¯¯ 2
[0.507s] Invoked command in '/home/bayes/hssw/others/ros2project/test/cpp/bayes_workspace/build/test_cpp_demo' returned '2': CMAKE_PREFIX_PATH=${CMAKE_PREFIX_PATH}:/home/bayes/hssw/others/ros2project/test/cpp/bayes_workspace/install/demo_python_pkg:/home/bayes/hssw/others/ros2project/test/python/workspace/install/demo_python_pkg:/opt/ros/humble /bin/cmake --build /home/bayes/hssw/others/ros2project/test/cpp/bayes_workspace/build/test_cpp_demo -- -j24 -l24
