[0.013s] Invoking command in '/home/bayes/hssw/others/ros2project/test/cpp/bayes_workspace/build/test_cpp_demo': CMAKE_PREFIX_PATH=/home/bayes/hssw/others/ros2project/test/python/workspace/install/demo_python_pkg:/opt/ros/humble /bin/cmake --build /home/bayes/hssw/others/ros2project/test/cpp/bayes_workspace/build/test_cpp_demo -- -j24 -l24
[0.051s] [35m[1mConsolidate compiler generated dependencies of target PersonNode[0m
[0.053s] [35m[1mConsolidate compiler generated dependencies of target WriteNode[0m
[0.066s] [ 33%] Built target bayes_test
[0.073s] [ 50%] [32mBuilding CXX object CMakeFiles/PersonNode.dir/src/PersonNode.cpp.o[0m
[0.076s] [ 66%] [32mBuilding CXX object CMakeFiles/WriteNode.dir/src/WriteNode.cpp.o[0m
[1.769s] [01m[K/home/bayes/hssw/others/ros2project/test/cpp/bayes_workspace/src/test_cpp_demo/src/PersonNode.cpp:[m[K In function ‘[01m[Kint main(int, char**)[m[K’:
[1.769s] [01m[K/home/bayes/hssw/others/ros2project/test/cpp/bayes_workspace/src/test_cpp_demo/src/PersonNode.cpp:19:11:[m[K [01;31m[Kerror: [m[K‘[01m[Kusing element_type = class PersonNode[m[K’ {aka ‘[01m[Kclass PersonNode[m[K’} has no member named ‘[01m[Keat[m[K’
[1.769s]    19 |     node->[01;31m[Keat[m[K("尖椒肉丝");
[1.769s]       |           [01;31m[K^~~[m[K
[1.787s] [01m[K/home/bayes/hssw/others/ros2project/test/cpp/bayes_workspace/src/test_cpp_demo/src/WriteNode.cpp:[m[K In member function ‘[01m[Kvirtual void WriteNode::eat(std::string)[m[K’:
[1.787s] [01m[K/home/bayes/hssw/others/ros2project/test/cpp/bayes_workspace/src/test_cpp_demo/src/WriteNode.cpp:10:29:[m[K [01;35m[Kwarning: [m[Kunused parameter ‘[01m[Kfoodname[m[K’ [[01;35m[K]8;;https://gcc.gnu.org/onlinedocs/gcc/Warning-Options.html#index-Wunused-parameter-Wunused-parameter]8;;[m[K]
[1.787s]    10 |     virtual void eat([01;35m[Kstring foodname[m[K)
[1.787s]       |                      [01;35m[K~~~~~~~^~~~~~~~[m[K
[1.788s] [01m[K/home/bayes/hssw/others/ros2project/test/cpp/bayes_workspace/src/test_cpp_demo/src/WriteNode.cpp:[m[K In function ‘[01m[Kint main(int, char**)[m[K’:
[1.788s] [01m[K/home/bayes/hssw/others/ros2project/test/cpp/bayes_workspace/src/test_cpp_demo/src/WriteNode.cpp:20:11:[m[K [01;31m[Kerror: [m[K‘[01m[Kusing element_type = class PersonNode[m[K’ {aka ‘[01m[Kclass PersonNode[m[K’} has no member named ‘[01m[Keat[m[K’
[1.788s]    20 |     node->[01;31m[Keat[m[K("尖椒肉丝");
[1.788s]       |           [01;31m[K^~~[m[K
[2.057s] gmake[2]: *** [CMakeFiles/PersonNode.dir/build.make:76：CMakeFiles/PersonNode.dir/src/PersonNode.cpp.o] 错误 1
[2.057s] gmake[1]: *** [CMakeFiles/Makefile2:167：CMakeFiles/PersonNode.dir/all] 错误 2
[2.058s] gmake[1]: *** 正在等待未完成的任务....
[2.078s] gmake[2]: *** [CMakeFiles/WriteNode.dir/build.make:76：CMakeFiles/WriteNode.dir/src/WriteNode.cpp.o] 错误 1
[2.079s] gmake[1]: *** [CMakeFiles/Makefile2:193：CMakeFiles/WriteNode.dir/all] 错误 2
[2.079s] gmake: *** [Makefile:146：all] 错误 2
[2.080s] Invoked command in '/home/bayes/hssw/others/ros2project/test/cpp/bayes_workspace/build/test_cpp_demo' returned '2': CMAKE_PREFIX_PATH=/home/bayes/hssw/others/ros2project/test/python/workspace/install/demo_python_pkg:/opt/ros/humble /bin/cmake --build /home/bayes/hssw/others/ros2project/test/cpp/bayes_workspace/build/test_cpp_demo -- -j24 -l24
