[0.000000] (-) TimerEvent: {}
[0.000708] (test_cpp_demo) JobQueued: {'identifier': 'test_cpp_demo', 'dependencies': OrderedDict()}
[0.000808] (demo_python_pkg) JobQueued: {'identifier': 'demo_python_pkg', 'dependencies': OrderedDict([('test_cpp_demo', '/home/bayes/hssw/others/ros2project/test/cpp/bayes_workspace/install/test_cpp_demo')])}
[0.000887] (test_cpp_demo) JobStarted: {'identifier': 'test_cpp_demo'}
[0.008441] (test_cpp_demo) JobProgress: {'identifier': 'test_cpp_demo', 'progress': 'cmake'}
[0.009107] (test_cpp_demo) JobProgress: {'identifier': 'test_cpp_demo', 'progress': 'build'}
[0.009650] (test_cpp_demo) Command: {'cmd': ['/bin/cmake', '--build', '/home/bayes/hssw/others/ros2project/test/cpp/bayes_workspace/build/test_cpp_demo', '--', '-j24', '-l24'], 'cwd': '/home/bayes/hssw/others/ros2project/test/cpp/bayes_workspace/build/test_cpp_demo', 'env': OrderedDict([('LESSOPEN', '| /bin/lesspipe %s'), ('LANGUAGE', 'zh_CN:en'), ('USER', 'bayes'), ('SSH_CLIENT', '192.168.14.1 14201 22'), ('LC_TIME', 'zh_CN.UTF-8'), ('XDG_SESSION_TYPE', 'tty'), ('GIT_ASKPASS', '/home/bayes/.vscode-server/cli/servers/Stable-7adae6a56e34cb64d08899664b814cf620465925/server/extensions/git/dist/askpass.sh'), ('SHLVL', '1'), ('LD_LIBRARY_PATH', '/opt/ros/humble/opt/rviz_ogre_vendor/lib:/opt/ros/humble/lib/x86_64-linux-gnu:/opt/ros/humble/lib'), ('BROWSER', '/home/bayes/.vscode-server/cli/servers/Stable-7adae6a56e34cb64d08899664b814cf620465925/server/bin/helpers/browser.sh'), ('MOTD_SHOWN', 'pam'), ('HOME', '/home/bayes'), ('OLDPWD', '/home/bayes/hssw/others/ros2project/test/cpp/bayes_workspace/src'), ('TERM_PROGRAM_VERSION', '1.102.1'), ('VSCODE_IPC_HOOK_CLI', '/run/user/1000/vscode-ipc-401bdd36-dfb6-4825-9fb1-19484d52b4e2.sock'), ('ROS_PYTHON_VERSION', '3'), ('VSCODE_GIT_ASKPASS_MAIN', '/home/bayes/.vscode-server/cli/servers/Stable-7adae6a56e34cb64d08899664b814cf620465925/server/extensions/git/dist/askpass-main.js'), ('LC_MONETARY', 'zh_CN.UTF-8'), ('VSCODE_GIT_ASKPASS_NODE', '/home/bayes/.vscode-server/cli/servers/Stable-7adae6a56e34cb64d08899664b814cf620465925/server/node'), ('SSL_CERT_FILE', '/usr/lib/ssl/certs/ca-certificates.crt'), ('PYDEVD_DISABLE_FILE_VALIDATION', '1'), ('BUNDLED_DEBUGPY_PATH', '/home/bayes/.vscode-server/extensions/ms-python.debugpy-2025.10.0-linux-x64/bundled/libs/debugpy'), ('DBUS_SESSION_BUS_ADDRESS', 'unix:path=/run/user/1000/bus'), ('COLORTERM', 'truecolor'), ('COLCON_PREFIX_PATH', '/home/bayes/hssw/others/ros2project/test/python/workspace/install'), ('ROS_DISTRO', 'humble'), ('LOGNAME', 'bayes'), ('_', '/bin/colcon'), ('ROS_VERSION', '2'), ('XDG_SESSION_CLASS', 'user'), ('TERM', 'xterm-256color'), ('XDG_SESSION_ID', '5'), ('ROS_LOCALHOST_ONLY', '0'), ('PATH', '/bin:/usr/bin:/sbin:/usr/sbin:/usr/local/bin:/home/bayes/hssw/codes/arcode/rv1106b_rv1103b_linux/rv1106b_rv1103b_linux_ipc_v1.0.0_20241016/tools/linux/toolchain/arm-rockchip831-linux-uclibcgnueabihf/bin:/home/bayes/.vscode-server/cli/servers/Stable-7adae6a56e34cb64d08899664b814cf620465925/server/bin/remote-cli:/home/bayes/.local/bin:/opt/ros/humble/bin:/bin:/usr/bin:/sbin:/usr/sbin:/usr/local/bin:/home/bayes/hssw/codes/arcode/rv1106b_rv1103b_linux/rv1106b_rv1103b_linux_ipc_v1.0.0_20241016/tools/linux/toolchain/arm-rockchip831-linux-uclibcgnueabihf/bin:/usr/local/sbin:/usr/local/bin:/usr/sbin:/usr/bin:/sbin:/bin:/usr/games:/usr/local/games:/snap/bin:/home/bayes/.vscode-server/extensions/ms-python.debugpy-2025.10.0-linux-x64/bundled/scripts/noConfigScripts'), ('PAPERSIZE', 'a4'), ('LC_ADDRESS', 'zh_CN.UTF-8'), ('XDG_RUNTIME_DIR', '/run/user/1000'), ('SSL_CERT_DIR', '/usr/lib/ssl/certs'), ('VSCODE_DEBUGPY_ADAPTER_ENDPOINTS', '/home/bayes/.vscode-server/extensions/ms-python.debugpy-2025.10.0-linux-x64/.noConfigDebugAdapterEndpoints/endpoint-8eb546c6c80d70ad.txt'), ('LANG', 'zh_CN.UTF-8'), ('LC_TELEPHONE', 'zh_CN.UTF-8'), ('LS_COLORS', 'rs=0:di=01;34:ln=01;36:mh=00:pi=40;33:so=01;35:do=01;35:bd=40;33;01:cd=40;33;01:or=40;31;01:mi=00:su=37;41:sg=30;43:ca=30;41:tw=30;42:ow=34;42:st=37;44:ex=01;32:*.tar=01;31:*.tgz=01;31:*.arc=01;31:*.arj=01;31:*.taz=01;31:*.lha=01;31:*.lz4=01;31:*.lzh=01;31:*.lzma=01;31:*.tlz=01;31:*.txz=01;31:*.tzo=01;31:*.t7z=01;31:*.zip=01;31:*.z=01;31:*.dz=01;31:*.gz=01;31:*.lrz=01;31:*.lz=01;31:*.lzo=01;31:*.xz=01;31:*.zst=01;31:*.tzst=01;31:*.bz2=01;31:*.bz=01;31:*.tbz=01;31:*.tbz2=01;31:*.tz=01;31:*.deb=01;31:*.rpm=01;31:*.jar=01;31:*.war=01;31:*.ear=01;31:*.sar=01;31:*.rar=01;31:*.alz=01;31:*.ace=01;31:*.zoo=01;31:*.cpio=01;31:*.7z=01;31:*.rz=01;31:*.cab=01;31:*.wim=01;31:*.swm=01;31:*.dwm=01;31:*.esd=01;31:*.jpg=01;35:*.jpeg=01;35:*.mjpg=01;35:*.mjpeg=01;35:*.gif=01;35:*.bmp=01;35:*.pbm=01;35:*.pgm=01;35:*.ppm=01;35:*.tga=01;35:*.xbm=01;35:*.xpm=01;35:*.tif=01;35:*.tiff=01;35:*.png=01;35:*.svg=01;35:*.svgz=01;35:*.mng=01;35:*.pcx=01;35:*.mov=01;35:*.mpg=01;35:*.mpeg=01;35:*.m2v=01;35:*.mkv=01;35:*.webm=01;35:*.webp=01;35:*.ogm=01;35:*.mp4=01;35:*.m4v=01;35:*.mp4v=01;35:*.vob=01;35:*.qt=01;35:*.nuv=01;35:*.wmv=01;35:*.asf=01;35:*.rm=01;35:*.rmvb=01;35:*.flc=01;35:*.avi=01;35:*.fli=01;35:*.flv=01;35:*.gl=01;35:*.dl=01;35:*.xcf=01;35:*.xwd=01;35:*.yuv=01;35:*.cgm=01;35:*.emf=01;35:*.ogv=01;35:*.ogx=01;35:*.aac=00;36:*.au=00;36:*.flac=00;36:*.m4a=00;36:*.mid=00;36:*.midi=00;36:*.mka=00;36:*.mp3=00;36:*.mpc=00;36:*.ogg=00;36:*.ra=00;36:*.wav=00;36:*.oga=00;36:*.opus=00;36:*.spx=00;36:*.xspf=00;36:'), ('VSCODE_GIT_IPC_HANDLE', '/run/user/1000/vscode-git-3bdcd05227.sock'), ('TERM_PROGRAM', 'vscode'), ('AMENT_PREFIX_PATH', '/home/bayes/hssw/others/ros2project/test/python/workspace/install/demo_python_pkg:/opt/ros/humble'), ('SHELL', '/bin/bash'), ('LC_NAME', 'zh_CN.UTF-8'), ('LESSCLOSE', '/bin/lesspipe %s %s'), ('LC_MEASUREMENT', 'zh_CN.UTF-8'), ('LC_IDENTIFICATION', 'zh_CN.UTF-8'), ('VSCODE_GIT_ASKPASS_EXTRA_ARGS', ''), ('PWD', '/home/bayes/hssw/others/ros2project/test/cpp/bayes_workspace/build/test_cpp_demo'), ('SSH_CONNECTION', '192.168.14.1 14201 192.168.14.128 22'), ('XDG_DATA_DIRS', '/usr/share/gnome:/usr/local/share:/usr/share:/var/lib/snapd/desktop'), ('PYTHONPATH', '/home/bayes/hssw/others/ros2project/test/python/workspace/install/demo_python_pkg/lib/python3.10/site-packages:/opt/ros/humble/lib/python3.10/site-packages:/opt/ros/humble/local/lib/python3.10/dist-packages'), ('LC_NUMERIC', 'zh_CN.UTF-8'), ('LC_PAPER', 'zh_CN.UTF-8'), ('COLCON', '1'), ('CMAKE_PREFIX_PATH', '/home/bayes/hssw/others/ros2project/test/python/workspace/install/demo_python_pkg:/opt/ros/humble')]), 'shell': False}
[0.049633] (test_cpp_demo) StdoutLine: {'line': b'\x1b[35m\x1b[1mConsolidate compiler generated dependencies of target PersonNode\x1b[0m\n'}
[0.053440] (test_cpp_demo) StdoutLine: {'line': b'\x1b[35m\x1b[1mConsolidate compiler generated dependencies of target WriteNode\x1b[0m\n'}
[0.055100] (test_cpp_demo) StdoutLine: {'line': b'[ 33%] Built target bayes_test\n'}
[0.069048] (test_cpp_demo) StdoutLine: {'line': b'[ 50%] \x1b[32mBuilding CXX object CMakeFiles/PersonNode.dir/src/PersonNode.cpp.o\x1b[0m\n'}
[0.072264] (test_cpp_demo) StdoutLine: {'line': b'[ 66%] \x1b[32mBuilding CXX object CMakeFiles/WriteNode.dir/src/WriteNode.cpp.o\x1b[0m\n'}
[0.099951] (-) TimerEvent: {}
[0.200223] (-) TimerEvent: {}
[0.301072] (-) TimerEvent: {}
[0.402110] (-) TimerEvent: {}
[0.502590] (-) TimerEvent: {}
[0.602955] (-) TimerEvent: {}
[0.703296] (-) TimerEvent: {}
[0.803948] (-) TimerEvent: {}
[0.904498] (-) TimerEvent: {}
[1.005107] (-) TimerEvent: {}
[1.105352] (-) TimerEvent: {}
[1.206125] (-) TimerEvent: {}
[1.307175] (-) TimerEvent: {}
[1.407948] (-) TimerEvent: {}
[1.508769] (-) TimerEvent: {}
[1.609451] (-) TimerEvent: {}
[1.710016] (-) TimerEvent: {}
[1.750190] (test_cpp_demo) StderrLine: {'line': b'\x1b[01m\x1b[K/home/bayes/hssw/others/ros2project/test/cpp/bayes_workspace/src/test_cpp_demo/src/WriteNode.cpp:\x1b[m\x1b[K In member function \xe2\x80\x98\x1b[01m\x1b[Kvirtual void WriteNode::eatfood(std::string)\x1b[m\x1b[K\xe2\x80\x99:\n'}
[1.750566] (test_cpp_demo) StderrLine: {'line': b'\x1b[01m\x1b[K/home/bayes/hssw/others/ros2project/test/cpp/bayes_workspace/src/test_cpp_demo/src/WriteNode.cpp:10:33:\x1b[m\x1b[K \x1b[01;35m\x1b[Kwarning: \x1b[m\x1b[Kunused parameter \xe2\x80\x98\x1b[01m\x1b[Kfoodname\x1b[m\x1b[K\xe2\x80\x99 [\x1b[01;35m\x1b[K\x1b]8;;https://gcc.gnu.org/onlinedocs/gcc/Warning-Options.html#index-Wunused-parameter\x07-Wunused-parameter\x1b]8;;\x07\x1b[m\x1b[K]\n'}
[1.750712] (test_cpp_demo) StderrLine: {'line': b'   10 |     virtual void eatfood(\x1b[01;35m\x1b[Kstring foodname\x1b[m\x1b[K)\n'}
[1.750815] (test_cpp_demo) StderrLine: {'line': b'      |                          \x1b[01;35m\x1b[K~~~~~~~^~~~~~~~\x1b[m\x1b[K\n'}
[1.810525] (-) TimerEvent: {}
[1.911224] (-) TimerEvent: {}
[2.011547] (-) TimerEvent: {}
[2.089106] (test_cpp_demo) StdoutLine: {'line': b'[ 83%] \x1b[32m\x1b[1mLinking CXX executable WriteNode\x1b[0m\n'}
[2.111956] (-) TimerEvent: {}
[2.117714] (test_cpp_demo) StdoutLine: {'line': b'[100%] \x1b[32m\x1b[1mLinking CXX executable PersonNode\x1b[0m\n'}
[2.173721] (test_cpp_demo) StderrLine: {'line': b"/bin/ld: CMakeFiles/WriteNode.dir/src/WriteNode.cpp.o: in function `void __gnu_cxx::new_allocator<PersonNode>::construct<PersonNode, char const (&) [7], int>(PersonNode*, char const (&) [7], int&&)':\n"}
[2.173877] (test_cpp_demo) StderrLine: {'line': b"WriteNode.cpp:(.text._ZN9__gnu_cxx13new_allocatorI10PersonNodeE9constructIS1_JRA7_KciEEEvPT_DpOT0_[_ZN9__gnu_cxx13new_allocatorI10PersonNodeE9constructIS1_JRA7_KciEEEvPT_DpOT0_]+0x91): undefined reference to `PersonNode::PersonNode(std::__cxx11::basic_string<char, std::char_traits<char>, std::allocator<char> >, int)'\n"}
[2.177202] (test_cpp_demo) StderrLine: {'line': b'collect2: error: ld returned 1 exit status\n'}
[2.179065] (test_cpp_demo) StderrLine: {'line': b'gmake[2]: *** [CMakeFiles/WriteNode.dir/build.make:151\xef\xbc\x9aWriteNode] \xe9\x94\x99\xe8\xaf\xaf 1\n'}
[2.179268] (test_cpp_demo) StderrLine: {'line': b'gmake[1]: *** [CMakeFiles/Makefile2:193\xef\xbc\x9aCMakeFiles/WriteNode.dir/all] \xe9\x94\x99\xe8\xaf\xaf 2\n'}
[2.179339] (test_cpp_demo) StderrLine: {'line': b'gmake[1]: *** \xe6\xad\xa3\xe5\x9c\xa8\xe7\xad\x89\xe5\xbe\x85\xe6\x9c\xaa\xe5\xae\x8c\xe6\x88\x90\xe7\x9a\x84\xe4\xbb\xbb\xe5\x8a\xa1....\n'}
[2.201798] (test_cpp_demo) StdoutLine: {'line': b'[100%] Built target PersonNode\n'}
[2.202631] (test_cpp_demo) StderrLine: {'line': b'gmake: *** [Makefile:146\xef\xbc\x9aall] \xe9\x94\x99\xe8\xaf\xaf 2\n'}
[2.204426] (test_cpp_demo) CommandEnded: {'returncode': 2}
[2.212226] (-) TimerEvent: {}
[2.213226] (test_cpp_demo) JobEnded: {'identifier': 'test_cpp_demo', 'rc': 2}
[2.224141] (demo_python_pkg) JobSkipped: {'identifier': 'demo_python_pkg'}
[2.224198] (-) EventReactorShutdown: {}
