[0.016s] Invoking command in '/home/bayes/hssw/others/ros2project/products/cpp/service_pratice_ws/src/build/demo_cpp_service': CMAKE_PREFIX_PATH=${CMAKE_PREFIX_PATH}:/home/bayes/hssw/others/ros2project/products/cpp/service_pratice_ws/src/install/demo_python_service:/opt/ros/humble /usr/bin/cmake --build /home/bayes/hssw/others/ros2project/products/cpp/service_pratice_ws/src/build/demo_cpp_service -- -j24 -l24
[0.082s] [35m[1mConsolidate compiler generated dependencies of target turtle_control[0m
[0.118s] [ 50%] [32mBuilding CXX object CMakeFiles/turtle_control.dir/src/turtle_control.cpp.o[0m
[2.148s] [01m[K/home/bayes/hssw/others/ros2project/products/cpp/service_pratice_ws/src/demo_cpp_service/src/turtle_control.cpp:[m[K In constructor â€˜[01m[KTurtleContorller::TurtleContorller(std::string)[m[Kâ€™:
[2.148s] [01m[K/home/bayes/hssw/others/ros2project/products/cpp/service_pratice_ws/src/demo_cpp_service/src/turtle_control.cpp:15:102:[m[K [01;31m[Kerror: [m[Kâ€˜[01m[KTurtleControl[m[Kâ€™ has not been declared
[2.149s]    15 |         velocity_sub = this->create_subscription<turtlesim::msg::Pose>("/turtle1/pose",10,std::bind(&[01;31m[KTurtleControl[m[K::on_pose_received,this,std::placeholders::_1));
[2.149s]       |                                                                                                      [01;31m[K^~~~~~~~~~~~~[m[K
[2.151s] [01m[K/home/bayes/hssw/others/ros2project/products/cpp/service_pratice_ws/src/demo_cpp_service/src/turtle_control.cpp:[m[K In lambda function:
[2.151s] [01m[K/home/bayes/hssw/others/ros2project/products/cpp/service_pratice_ws/src/demo_cpp_service/src/turtle_control.cpp:20:33:[m[K [01;31m[Kerror: [m[Kâ€˜[01m[Kconst class std::shared_ptr<chapt4_interfaces::srv::Patrol_Request_<std::allocator<void> > >[m[Kâ€™ has no member named â€˜[01m[Ktarget_x[m[Kâ€™
[2.151s]    20 |                 if((0 > request.[01;31m[Ktarget_x[m[K || 0>request.target_y || request.target_x>12.0f  || request.target_ y >12.0f ))
[2.151s]       |                                 [01;31m[K^~~~~~~~[m[K
[2.151s] [01m[K/home/bayes/hssw/others/ros2project/products/cpp/service_pratice_ws/src/demo_cpp_service/src/turtle_control.cpp:20:55:[m[K [01;31m[Kerror: [m[Kâ€˜[01m[Kconst class std::shared_ptr<chapt4_interfaces::srv::Patrol_Request_<std::allocator<void> > >[m[Kâ€™ has no member named â€˜[01m[Ktarget_y[m[Kâ€™
[2.151s]    20 |                 if((0 > request.target_x || 0>request.[01;31m[Ktarget_y[m[K || request.target_x>12.0f  || request.target_ y >12.0f ))
[2.151s]       |                                                       [01;31m[K^~~~~~~~[m[K
[2.151s] [01m[K/home/bayes/hssw/others/ros2project/products/cpp/service_pratice_ws/src/demo_cpp_service/src/turtle_control.cpp:20:75:[m[K [01;31m[Kerror: [m[Kâ€˜[01m[Kconst class std::shared_ptr<chapt4_interfaces::srv::Patrol_Request_<std::allocator<void> > >[m[Kâ€™ has no member named â€˜[01m[Ktarget_x[m[Kâ€™
[2.151s]    20 |                 if((0 > request.target_x || 0>request.target_y || request.[01;31m[Ktarget_x[m[K>12.0f  || request.target_ y >12.0f ))
[2.151s]       |                                                                           [01;31m[K^~~~~~~~[m[K
[2.152s] [01m[K/home/bayes/hssw/others/ros2project/products/cpp/service_pratice_ws/src/demo_cpp_service/src/turtle_control.cpp:20:102:[m[K [01;31m[Kerror: [m[Kâ€˜[01m[Kconst class std::shared_ptr<chapt4_interfaces::srv::Patrol_Request_<std::allocator<void> > >[m[Kâ€™ has no member named â€˜[01m[Ktarget_[m[Kâ€™
[2.152s]    20 |                 if((0 > request.target_x || 0>request.target_y || request.target_x>12.0f  || request.[01;31m[Ktarget_[m[K y >12.0f ))
[2.152s]       |                                                                                                      [01;31m[K^~~~~~~[m[K
[2.152s] [01m[K/home/bayes/hssw/others/ros2project/products/cpp/service_pratice_ws/src/demo_cpp_service/src/turtle_control.cpp:20:110:[m[K [01;31m[Kerror: [m[Kexpected â€˜[01m[K)[m[Kâ€™ before â€˜[01m[Ky[m[Kâ€™
[2.152s]    20 |                 if((0 > request.target_x || 0>request.target_y || request.target_x>12.0f  || request.target_ [01;31m[Ky[m[K >12.0f ))
[2.152s]       |                                                                                                              [01;31m[K^[m[K
[2.152s] [01m[K/home/bayes/hssw/others/ros2project/products/cpp/service_pratice_ws/src/demo_cpp_service/src/turtle_control.cpp:20:20:[m[K [01;36m[Knote: [m[Kto match this â€˜[01m[K([m[Kâ€™
[2.152s]    20 |                 if([01;36m[K([m[K0 > request.target_x || 0>request.target_y || request.target_x>12.0f  || request.target_ y >12.0f ))
[2.152s]       |                    [01;36m[K^[m[K
[2.152s] [01m[K/home/bayes/hssw/others/ros2project/products/cpp/service_pratice_ws/src/demo_cpp_service/src/turtle_control.cpp:24:17:[m[K [01;31m[Kerror: [m[Kexpected â€˜[01m[K)[m[Kâ€™ before â€˜[01m[Kelse[m[Kâ€™
[2.152s]    24 |                 [01;31m[Kelse[m[K
[2.152s]       |                 [01;31m[K^~~~[m[K
[2.152s] [01m[K/home/bayes/hssw/others/ros2project/products/cpp/service_pratice_ws/src/demo_cpp_service/src/turtle_control.cpp:20:19:[m[K [01;36m[Knote: [m[Kto match this â€˜[01m[K([m[Kâ€™
[2.152s]    20 |                 if[01;36m[K([m[K(0 > request.target_x || 0>request.target_y || request.target_x>12.0f  || request.target_ y >12.0f ))
[2.152s]       |                   [01;36m[K^[m[K
[2.152s] [01m[K/home/bayes/hssw/others/ros2project/products/cpp/service_pratice_ws/src/demo_cpp_service/src/turtle_control.cpp:30:13:[m[K [01;31m[Kerror: [m[Kexpected primary-expression before â€˜[01m[K}[m[Kâ€™ token
[2.152s]    30 |             [01;31m[K}[m[K
[2.152s]       |             [01;31m[K^[m[K
[2.152s] [01m[K/home/bayes/hssw/others/ros2project/products/cpp/service_pratice_ws/src/demo_cpp_service/src/turtle_control.cpp:18:107:[m[K [01;35m[Kwarning: [m[Kunused parameter â€˜[01m[Kresponse[m[Kâ€™ [[01;35m[K]8;;https://gcc.gnu.org/onlinedocs/gcc/Warning-Options.html#index-Wunused-parameter-Wunused-parameter]8;;[m[K]
[2.153s]    18 |             "patrol",[&](const std::shared_ptr<Patrol::Request> request,[01;35m[Kstd::shared_ptr<Patrol::Response> response[m[K) -> void {
[2.153s]       |                                                                         [01;35m[K~~~~~~~~~~~~~~~~~~~~~~~~~~~~~~~~~~^~~~~~~~[m[K
[2.842s] gmake[2]: *** [CMakeFiles/turtle_control.dir/build.make:76ï¼šCMakeFiles/turtle_control.dir/src/turtle_control.cpp.o] é”™è¯¯ 1
[2.843s] gmake[1]: *** [CMakeFiles/Makefile2:137ï¼šCMakeFiles/turtle_control.dir/all] é”™è¯¯ 2
[2.843s] gmake: *** [Makefile:146ï¼šall] é”™è¯¯ 2
[2.845s] Invoked command in '/home/bayes/hssw/others/ros2project/products/cpp/service_pratice_ws/src/build/demo_cpp_service' returned '2': CMAKE_PREFIX_PATH=${CMAKE_PREFIX_PATH}:/home/bayes/hssw/others/ros2project/products/cpp/service_pratice_ws/src/install/demo_python_service:/opt/ros/humble /usr/bin/cmake --build /home/bayes/hssw/others/ros2project/products/cpp/service_pratice_ws/src/build/demo_cpp_service -- -j24 -l24
