[0m/home/bayes/hssw/others/ros2project/test/cpp/bayes_workspace/src/test_cpp_demo[0m
[01m[K/home/bayes/hssw/others/ros2project/test/cpp/bayes_workspace/src/test_cpp_demo/src/WriteNode.cpp:1:10:[m[K [01;31m[Kfatal error: [m[KPersonNode.h: 没有那个文件或目录
    1 | #include [01;31m[K"PersonNode.h"[m[K
      |          [01;31m[K^~~~~~~~~~~~~~[m[K
compilation terminated.
gmake[2]: *** [CMakeFiles/WriteNode.dir/build.make:76：CMakeFiles/WriteNode.dir/src/WriteNode.cpp.o] 错误 1
gmake[1]: *** [CMakeFiles/Makefile2:193：CMakeFiles/WriteNode.dir/all] 错误 2
gmake[1]: *** 正在等待未完成的任务....
[01m[K/home/bayes/hssw/others/ros2project/test/cpp/bayes_workspace/src/test_cpp_demo/src/PersonNode.cpp:1:10:[m[K [01;31m[Kfatal error: [m[KPersonNode.h: 没有那个文件或目录
    1 | #include [01;31m[K"PersonNode.h"[m[K
      |          [01;31m[K^~~~~~~~~~~~~~[m[K
compilation terminated.
gmake[2]: *** [CMakeFiles/PersonNode.dir/build.make:76：CMakeFiles/PersonNode.dir/src/PersonNode.cpp.o] 错误 1
gmake[1]: *** [CMakeFiles/Makefile2:167：CMakeFiles/PersonNode.dir/all] 错误 2
gmake: *** [Makefile:146：all] 错误 2
