[0.010s] Invoking command in '/home/bayes/hssw/others/ros2project/test/cpp/bayes_workspace/src/build/test_cpp_demo': CMAKE_PREFIX_PATH=${CMAKE_PREFIX_PATH}:/home/bayes/hssw/others/ros2project/test/cpp/bayes_workspace/install/demo_python_pkg:/home/bayes/hssw/others/ros2project/test/python/workspace/install/demo_python_pkg:/opt/ros/humble /bin/cmake /home/bayes/hssw/others/ros2project/test/cpp/bayes_workspace/src/test_cpp_demo -DCMAKE_INSTALL_PREFIX=/home/bayes/hssw/others/ros2project/test/cpp/bayes_workspace/src/install/test_cpp_demo
[0.067s] -- The C compiler identification is GNU 11.4.0
[0.114s] -- The CXX compiler identification is GNU 11.4.0
[0.121s] -- Detecting C compiler ABI info
[0.180s] -- Detecting C compiler ABI info - done
[0.184s] -- Check for working C compiler: /bin/cc - skipped
[0.184s] -- Detecting C compile features
[0.185s] -- Detecting C compile features - done
[0.187s] -- Detecting CXX compiler ABI info
[0.253s] -- Detecting CXX compiler ABI info - done
[0.258s] -- Check for working CXX compiler: /bin/c++ - skipped
[0.258s] -- Detecting CXX compile features
[0.259s] -- Detecting CXX compile features - done
[0.261s] -- Found ament_cmake: 1.3.12 (/opt/ros/humble/share/ament_cmake/cmake)
[0.377s] -- Found Python3: /bin/python3 (found version "3.10.12") found components: Interpreter 
[0.444s] -- Found rclcpp: 16.0.14 (/opt/ros/humble/share/rclcpp/cmake)
[0.473s] -- Found rosidl_generator_c: 3.1.7 (/opt/ros/humble/share/rosidl_generator_c/cmake)
[0.477s] -- Found rosidl_adapter: 3.1.7 (/opt/ros/humble/share/rosidl_adapter/cmake)
[0.483s] -- Found rosidl_generator_cpp: 3.1.7 (/opt/ros/humble/share/rosidl_generator_cpp/cmake)
[0.492s] -- Using all available rosidl_typesupport_c: rosidl_typesupport_fastrtps_c;rosidl_typesupport_introspection_c
[0.503s] -- Using all available rosidl_typesupport_cpp: rosidl_typesupport_fastrtps_cpp;rosidl_typesupport_introspection_cpp
[0.534s] -- Found rmw_implementation_cmake: 6.1.2 (/opt/ros/humble/share/rmw_implementation_cmake/cmake)
[0.536s] -- Found rmw_fastrtps_cpp: 6.2.8 (/opt/ros/humble/share/rmw_fastrtps_cpp/cmake)
[0.606s] -- Found OpenSSL: /usr/lib/x86_64-linux-gnu/libcrypto.so (found version "3.0.2")  
[0.625s] -- Found FastRTPS: /opt/ros/humble/include  
[0.654s] -- Using RMW implementation 'rmw_fastrtps_cpp' as default
[0.661s] -- Looking for pthread.h
[0.731s] -- Looking for pthread.h - found
[0.731s] -- Performing Test CMAKE_HAVE_LIBC_PTHREAD
[0.793s] -- Performing Test CMAKE_HAVE_LIBC_PTHREAD - Success
[0.793s] -- Found Threads: TRUE  
[0.827s] [0m/home/bayes/hssw/others/ros2project/test/cpp/bayes_workspace/src/test_cpp_demo[0m
[0.829s] -- Found ament_lint_auto: 0.12.14 (/opt/ros/humble/share/ament_lint_auto/cmake)
[0.894s] -- Added test 'cppcheck' to perform static code analysis on C / C++ code
[0.894s] -- Configured cppcheck include dirs: /home/bayes/hssw/others/ros2project/test/cpp/bayes_workspace/src/test_cpp_demo/include
[0.895s] -- Configured cppcheck exclude dirs and/or files: 
[0.896s] -- Added test 'flake8' to check Python code syntax and style conventions
[0.899s] -- Added test 'lint_cmake' to check CMake code style
[0.900s] -- Added test 'pep257' to check Python code against some of the docstring style conventions in PEP 257
[0.910s] -- Added test 'uncrustify' to check C / C++ code style
[0.910s] -- Configured uncrustify additional arguments: 
[0.912s] -- Added test 'xmllint' to check XML markup files
[0.913s] -- Configuring done
[0.924s] -- Generating done
[0.927s] -- Build files have been written to: /home/bayes/hssw/others/ros2project/test/cpp/bayes_workspace/src/build/test_cpp_demo
[0.934s] Invoked command in '/home/bayes/hssw/others/ros2project/test/cpp/bayes_workspace/src/build/test_cpp_demo' returned '0': CMAKE_PREFIX_PATH=${CMAKE_PREFIX_PATH}:/home/bayes/hssw/others/ros2project/test/cpp/bayes_workspace/install/demo_python_pkg:/home/bayes/hssw/others/ros2project/test/python/workspace/install/demo_python_pkg:/opt/ros/humble /bin/cmake /home/bayes/hssw/others/ros2project/test/cpp/bayes_workspace/src/test_cpp_demo -DCMAKE_INSTALL_PREFIX=/home/bayes/hssw/others/ros2project/test/cpp/bayes_workspace/src/install/test_cpp_demo
[0.936s] Invoking command in '/home/bayes/hssw/others/ros2project/test/cpp/bayes_workspace/src/build/test_cpp_demo': CMAKE_PREFIX_PATH=${CMAKE_PREFIX_PATH}:/home/bayes/hssw/others/ros2project/test/cpp/bayes_workspace/install/demo_python_pkg:/home/bayes/hssw/others/ros2project/test/python/workspace/install/demo_python_pkg:/opt/ros/humble /bin/cmake --build /home/bayes/hssw/others/ros2project/test/cpp/bayes_workspace/src/build/test_cpp_demo -- -j24 -l24
[0.979s] [ 16%] [32mBuilding CXX object CMakeFiles/bayes_test.dir/src/bayestest.cpp.o[0m
[0.981s] [ 33%] [32mBuilding CXX object CMakeFiles/WriteNode.dir/src/WriteNode.cpp.o[0m
[0.983s] [ 50%] [32mBuilding CXX object CMakeFiles/PersonNode.dir/src/PersonNode.cpp.o[0m
[0.989s] [01m[K/home/bayes/hssw/others/ros2project/test/cpp/bayes_workspace/src/test_cpp_demo/src/WriteNode.cpp:1:10:[m[K [01;31m[Kfatal error: [m[KPersonNode.h: Ê≤°ÊúâÈÇ£‰∏™Êñá‰ª∂ÊàñÁõÆÂΩï
[0.989s]     1 | #include [01;31m[K"PersonNode.h"[m[K
[0.990s]       |          [01;31m[K^~~~~~~~~~~~~~[m[K
[0.990s] compilation terminated.
[0.991s] gmake[2]: *** [CMakeFiles/WriteNode.dir/build.make:76ÔºöCMakeFiles/WriteNode.dir/src/WriteNode.cpp.o] ÈîôËØØ 1
[0.991s] gmake[1]: *** [CMakeFiles/Makefile2:193ÔºöCMakeFiles/WriteNode.dir/all] ÈîôËØØ 2
[0.991s] gmake[1]: *** Ê≠£Âú®Á≠âÂæÖÊú™ÂÆåÊàêÁöÑ‰ªªÂä°....
[0.993s] [01m[K/home/bayes/hssw/others/ros2project/test/cpp/bayes_workspace/src/test_cpp_demo/src/PersonNode.cpp:1:10:[m[K [01;31m[Kfatal error: [m[KPersonNode.h: Ê≤°ÊúâÈÇ£‰∏™Êñá‰ª∂ÊàñÁõÆÂΩï
[0.993s]     1 | #include [01;31m[K"PersonNode.h"[m[K
[0.993s]       |          [01;31m[K^~~~~~~~~~~~~~[m[K
[0.993s] compilation terminated.
[0.994s] gmake[2]: *** [CMakeFiles/PersonNode.dir/build.make:76ÔºöCMakeFiles/PersonNode.dir/src/PersonNode.cpp.o] ÈîôËØØ 1
[0.994s] gmake[1]: *** [CMakeFiles/Makefile2:167ÔºöCMakeFiles/PersonNode.dir/all] ÈîôËØØ 2
[1.146s] [ 66%] [32m[1mLinking CXX executable bayes_test[0m
[1.202s] [ 66%] Built target bayes_test
[1.202s] gmake: *** [Makefile:146Ôºöall] ÈîôËØØ 2
[1.204s] Invoked command in '/home/bayes/hssw/others/ros2project/test/cpp/bayes_workspace/src/build/test_cpp_demo' returned '2': CMAKE_PREFIX_PATH=${CMAKE_PREFIX_PATH}:/home/bayes/hssw/others/ros2project/test/cpp/bayes_workspace/install/demo_python_pkg:/home/bayes/hssw/others/ros2project/test/python/workspace/install/demo_python_pkg:/opt/ros/humble /bin/cmake --build /home/bayes/hssw/others/ros2project/test/cpp/bayes_workspace/src/build/test_cpp_demo -- -j24 -l24
