[0.015s] Invoking command in '/home/bayes/hssw/others/ros2project/test/cpp/bayes_workspace/build/demo_cpp_topic': CMAKE_PREFIX_PATH=${CMAKE_PREFIX_PATH}:/home/bayes/hssw/others/ros2project/test/cpp/bayes_workspace/install/demo_python_pkg:/opt/ros/humble /bin/cmake --build /home/bayes/hssw/others/ros2project/test/cpp/bayes_workspace/build/demo_cpp_topic -- -j24 -l24
[0.062s] [35m[1mConsolidate compiler generated dependencies of target turtle_control[0m
[0.069s] [ 50%] Built target turtle_circle
[0.080s] [ 75%] [32mBuilding CXX object CMakeFiles/turtle_control.dir/src/turtle_control.cpp.o[0m
[3.395s] [100%] [32m[1mLinking CXX executable turtle_control[0m
[3.493s] /bin/ld: /usr/lib/gcc/x86_64-linux-gnu/11/../../../x86_64-linux-gnu/Scrt1.o: in function `_start':
[3.493s] (.text+0x1b): undefined reference to `main'
[3.496s] collect2: error: ld returned 1 exit status
[3.498s] gmake[2]: *** [CMakeFiles/turtle_control.dir/build.make:191ï¼šturtle_control] é”™è¯¯ 1
[3.498s] gmake[1]: *** [CMakeFiles/Makefile2:165ï¼šCMakeFiles/turtle_control.dir/all] é”™è¯¯ 2
[3.498s] gmake: *** [Makefile:146ï¼šall] é”™è¯¯ 2
[3.500s] Invoked command in '/home/bayes/hssw/others/ros2project/test/cpp/bayes_workspace/build/demo_cpp_topic' returned '2': CMAKE_PREFIX_PATH=${CMAKE_PREFIX_PATH}:/home/bayes/hssw/others/ros2project/test/cpp/bayes_workspace/install/demo_python_pkg:/opt/ros/humble /bin/cmake --build /home/bayes/hssw/others/ros2project/test/cpp/bayes_workspace/build/demo_cpp_topic -- -j24 -l24
