[0.013s] Invoking command in '/home/bayes/hssw/others/ros2project/products/cpp/topic_practice_ws/src/build/status_display': AMENT_PREFIX_PATH=/home/bayes/hssw/others/ros2project/products/cpp/topic_practice_ws/src/install/status_interfaces:${AMENT_PREFIX_PATH} CMAKE_PREFIX_PATH=/home/bayes/hssw/others/ros2project/products/cpp/topic_practice_ws/src/install/status_interfaces:/opt/ros/humble LD_LIBRARY_PATH=/home/bayes/hssw/others/ros2project/products/cpp/topic_practice_ws/src/install/status_interfaces/lib:${LD_LIBRARY_PATH} PYTHONPATH=/home/bayes/hssw/others/ros2project/products/cpp/topic_practice_ws/src/install/status_interfaces/local/lib/python3.10/dist-packages:${PYTHONPATH} /usr/bin/cmake --build /home/bayes/hssw/others/ros2project/products/cpp/topic_practice_ws/src/build/status_display -- -j24 -l24
[0.059s] [35m[1mConsolidate compiler generated dependencies of target StatusDisplay[0m
[0.068s] [ 50%] Built target hello_qt
[0.086s] [ 75%] [32mBuilding CXX object CMakeFiles/StatusDisplay.dir/src/sys_status_display.cpp.o[0m
[2.270s] [01m[K/home/bayes/hssw/others/ros2project/products/cpp/topic_practice_ws/src/status_display/src/sys_status_display.cpp:[m[K In constructor â€˜[01m[KStatusDisplay::StatusDisplay(std::string)[m[Kâ€™:
[2.270s] [01m[K/home/bayes/hssw/others/ros2project/products/cpp/topic_practice_ws/src/status_display/src/sys_status_display.cpp:17:59:[m[K [01;31m[Kerror: [m[Kno matching function for call to â€˜[01m[KQLabel::QLabel(<unresolved overloaded function type>)[m[Kâ€™
[2.270s]    17 |         label_ = new QLabel(std::make_shared<SystemStatus>[01;31m[K)[m[K;
[2.270s]       |                                                           [01;31m[K^[m[K
[2.270s] In file included from [01m[K/usr/include/x86_64-linux-gnu/qt5/QtWidgets/QLabel:1[m[K,
[2.270s]                  from [01m[K/home/bayes/hssw/others/ros2project/products/cpp/topic_practice_ws/src/status_display/src/sys_status_display.cpp:2[m[K:
[2.271s] [01m[K/usr/include/x86_64-linux-gnu/qt5/QtWidgets/qlabel.h:71:14:[m[K [01;36m[Knote: [m[Kcandidate: â€˜[01m[KQLabel::QLabel(const QString&, QWidget*, Qt::WindowFlags)[m[Kâ€™
[2.271s]    71 |     explicit [01;36m[KQLabel[m[K(const QString &text, QWidget *parent=nullptr, Qt::WindowFlags f=Qt::WindowFlags());
[2.271s]       |              [01;36m[K^~~~~~[m[K
[2.271s] [01m[K/usr/include/x86_64-linux-gnu/qt5/QtWidgets/qlabel.h:71:36:[m[K [01;36m[Knote: [m[K  no known conversion for argument 1 from â€˜[01m[K<unresolved overloaded function type>[m[Kâ€™ to â€˜[01m[Kconst QString&[m[Kâ€™
[2.271s]    71 |     explicit QLabel([01;36m[Kconst QString &text[m[K, QWidget *parent=nullptr, Qt::WindowFlags f=Qt::WindowFlags());
[2.271s]       |                     [01;36m[K~~~~~~~~~~~~~~~^~~~[m[K
[2.271s] [01m[K/usr/include/x86_64-linux-gnu/qt5/QtWidgets/qlabel.h:70:14:[m[K [01;36m[Knote: [m[Kcandidate: â€˜[01m[KQLabel::QLabel(QWidget*, Qt::WindowFlags)[m[Kâ€™
[2.271s]    70 |     explicit [01;36m[KQLabel[m[K(QWidget *parent=nullptr, Qt::WindowFlags f=Qt::WindowFlags());
[2.271s]       |              [01;36m[K^~~~~~[m[K
[2.271s] [01m[K/usr/include/x86_64-linux-gnu/qt5/QtWidgets/qlabel.h:70:30:[m[K [01;36m[Knote: [m[K  no known conversion for argument 1 from â€˜[01m[K<unresolved overloaded function type>[m[Kâ€™ to â€˜[01m[KQWidget*[m[Kâ€™
[2.271s]    70 |     explicit QLabel([01;36m[KQWidget *parent=nullptr[m[K, Qt::WindowFlags f=Qt::WindowFlags());
[2.271s]       |                     [01;36m[K~~~~~~~~~^~~~~~~~~~~~~~[m[K
[3.996s] gmake[2]: *** [CMakeFiles/StatusDisplay.dir/build.make:76ï¼šCMakeFiles/StatusDisplay.dir/src/sys_status_display.cpp.o] é”™è¯¯ 1
[3.997s] gmake[1]: *** [CMakeFiles/Makefile2:165ï¼šCMakeFiles/StatusDisplay.dir/all] é”™è¯¯ 2
[3.997s] gmake: *** [Makefile:146ï¼šall] é”™è¯¯ 2
[3.998s] Invoked command in '/home/bayes/hssw/others/ros2project/products/cpp/topic_practice_ws/src/build/status_display' returned '2': AMENT_PREFIX_PATH=/home/bayes/hssw/others/ros2project/products/cpp/topic_practice_ws/src/install/status_interfaces:${AMENT_PREFIX_PATH} CMAKE_PREFIX_PATH=/home/bayes/hssw/others/ros2project/products/cpp/topic_practice_ws/src/install/status_interfaces:/opt/ros/humble LD_LIBRARY_PATH=/home/bayes/hssw/others/ros2project/products/cpp/topic_practice_ws/src/install/status_interfaces/lib:${LD_LIBRARY_PATH} PYTHONPATH=/home/bayes/hssw/others/ros2project/products/cpp/topic_practice_ws/src/install/status_interfaces/local/lib/python3.10/dist-packages:${PYTHONPATH} /usr/bin/cmake --build /home/bayes/hssw/others/ros2project/products/cpp/topic_practice_ws/src/build/status_display -- -j24 -l24
