[0.018s] Invoking command in '/home/bayes/hssw/others/ros2project/products/cpp/service_pratice_ws/src/build/demo_cpp_service': CMAKE_PREFIX_PATH=${CMAKE_PREFIX_PATH}:/home/bayes/hssw/others/ros2project/products/cpp/service_pratice_ws/src/install/demo_python_service:/opt/ros/humble /usr/bin/cmake --build /home/bayes/hssw/others/ros2project/products/cpp/service_pratice_ws/src/build/demo_cpp_service -- -j24 -l24
[0.107s] [35m[1mConsolidate compiler generated dependencies of target turtle_control[0m
[0.125s] [ 50%] [32mBuilding CXX object CMakeFiles/turtle_control.dir/src/turtle_control.cpp.o[0m
[2.137s] [01m[K/home/bayes/hssw/others/ros2project/products/cpp/service_pratice_ws/src/demo_cpp_service/src/turtle_control.cpp:79:21:[m[K [01;31m[Kerror: [m[Kâ€˜[01m[KPator[m[Kâ€™ was not declared in this scope
[2.137s]    79 |     rclcpp::Service<[01;31m[KPator[m[K>::sharedPtr patrol_ser;
[2.137s]       |                     [01;31m[K^~~~~[m[K
[2.137s] [01m[K/home/bayes/hssw/others/ros2project/products/cpp/service_pratice_ws/src/demo_cpp_service/src/turtle_control.cpp:79:26:[m[K [01;31m[Kerror: [m[Ktemplate argument 1 is invalid
[2.138s]    79 |     rclcpp::Service<Pator[01;31m[K>[m[K::sharedPtr patrol_ser;
[2.138s]       |                          [01;31m[K^[m[K
[2.138s] [01m[K/home/bayes/hssw/others/ros2project/products/cpp/service_pratice_ws/src/demo_cpp_service/src/turtle_control.cpp:79:29:[m[K [01;31m[Kerror: [m[Kexpected â€˜[01m[K;[m[Kâ€™ at end of member declaration
[2.138s]    79 |     rclcpp::Service<Pator>::[01;31m[KsharedPtr[m[K patrol_ser;
[2.138s]       |                             [01;31m[K^~~~~~~~~[m[K
[2.138s]       |                                      [32m[K;[m[K
[2.139s] [01m[K/home/bayes/hssw/others/ros2project/products/cpp/service_pratice_ws/src/demo_cpp_service/src/turtle_control.cpp:79:39:[m[K [01;31m[Kerror: [m[Kâ€˜[01m[Kpatrol_ser[m[Kâ€™ does not name a type
[2.139s]    79 |     rclcpp::Service<Pator>::sharedPtr [01;31m[Kpatrol_ser[m[K;
[2.139s]       |                                       [01;31m[K^~~~~~~~~~[m[K
[2.141s] [01m[K/home/bayes/hssw/others/ros2project/products/cpp/service_pratice_ws/src/demo_cpp_service/src/turtle_control.cpp:[m[K In constructor â€˜[01m[KTurtleContorller::TurtleContorller(std::string)[m[Kâ€™:
[2.141s] [01m[K/home/bayes/hssw/others/ros2project/products/cpp/service_pratice_ws/src/demo_cpp_service/src/turtle_control.cpp:14:102:[m[K [01;31m[Kerror: [m[Kâ€˜[01m[KTurtleControl[m[Kâ€™ has not been declared
[2.141s]    14 |         velocity_sub = this->create_subscription<turtlesim::msg::Pose>("/turtle1/pose",10,std::bind(&[01;31m[KTurtleControl[m[K::on_pose_received,this,std::placeholders::_1));
[2.141s]       |                                                                                                      [01;31m[K^~~~~~~~~~~~~[m[K
[2.145s] [01m[K/home/bayes/hssw/others/ros2project/products/cpp/service_pratice_ws/src/demo_cpp_service/src/turtle_control.cpp:16:9:[m[K [01;31m[Kerror: [m[Kâ€˜[01m[Kpatrol_ser[m[Kâ€™ was not declared in this scope
[2.145s]    16 |         [01;31m[Kpatrol_ser[m[K = this->create_service<Patrol>(
[2.145s]       |         [01;31m[K^~~~~~~~~~[m[K
[2.146s] [01m[K/home/bayes/hssw/others/ros2project/products/cpp/service_pratice_ws/src/demo_cpp_service/src/turtle_control.cpp:16:43:[m[K [01;31m[Kerror: [m[Kâ€˜[01m[KPatrol[m[Kâ€™ was not declared in this scope; did you mean â€˜[01m[Kchapt4_interfaces::srv::Patrol[m[Kâ€™?
[2.146s]    16 |         patrol_ser = this->create_service<[01;31m[KPatrol[m[K>(
[2.146s]       |                                           [01;31m[K^~~~~~[m[K
[2.146s]       |                                           [32m[Kchapt4_interfaces::srv::Patrol[m[K
[2.146s] In file included from [01m[K/home/bayes/hssw/others/ros2project/products/cpp/service_pratice_ws/src/install/chapt4_interfaces/include/chapt4_interfaces/chapt4_interfaces/srv/patrol.hpp:7[m[K,
[2.146s]                  from [01m[K/home/bayes/hssw/others/ros2project/products/cpp/service_pratice_ws/src/demo_cpp_service/src/turtle_control.cpp:1[m[K:
[2.146s] [01m[K/home/bayes/hssw/others/ros2project/products/cpp/service_pratice_ws/src/install/chapt4_interfaces/include/chapt4_interfaces/chapt4_interfaces/srv/detail/patrol__struct.hpp:279:8:[m[K [01;36m[Knote: [m[Kâ€˜[01m[Kchapt4_interfaces::srv::Patrol[m[Kâ€™ declared here
[2.146s]   279 | struct [01;36m[KPatrol[m[K
[2.146s]       |        [01;36m[K^~~~~~[m[K
[2.146s] [01m[K/home/bayes/hssw/others/ros2project/products/cpp/service_pratice_ws/src/demo_cpp_service/src/turtle_control.cpp:[m[K In lambda function:
[2.147s] [01m[K/home/bayes/hssw/others/ros2project/products/cpp/service_pratice_ws/src/demo_cpp_service/src/turtle_control.cpp:19:33:[m[K [01;31m[Kerror: [m[Krequest for member â€˜[01m[Ktarget_x[m[Kâ€™ in â€˜[01m[Krequest[m[Kâ€™, which is of non-class type â€˜[01m[Kconst int[m[Kâ€™
[2.147s]    19 |                 if((0 > request.[01;31m[Ktarget_x[m[K || 0>request.target_y || request.target_x>12.0f  || request.target_ y >12.0f ))
[2.147s]       |                                 [01;31m[K^~~~~~~~[m[K
[2.147s] [01m[K/home/bayes/hssw/others/ros2project/products/cpp/service_pratice_ws/src/demo_cpp_service/src/turtle_control.cpp:19:55:[m[K [01;31m[Kerror: [m[Krequest for member â€˜[01m[Ktarget_y[m[Kâ€™ in â€˜[01m[Krequest[m[Kâ€™, which is of non-class type â€˜[01m[Kconst int[m[Kâ€™
[2.147s]    19 |                 if((0 > request.target_x || 0>request.[01;31m[Ktarget_y[m[K || request.target_x>12.0f  || request.target_ y >12.0f ))
[2.147s]       |                                                       [01;31m[K^~~~~~~~[m[K
[2.147s] [01m[K/home/bayes/hssw/others/ros2project/products/cpp/service_pratice_ws/src/demo_cpp_service/src/turtle_control.cpp:19:75:[m[K [01;31m[Kerror: [m[Krequest for member â€˜[01m[Ktarget_x[m[Kâ€™ in â€˜[01m[Krequest[m[Kâ€™, which is of non-class type â€˜[01m[Kconst int[m[Kâ€™
[2.147s]    19 |                 if((0 > request.target_x || 0>request.target_y || request.[01;31m[Ktarget_x[m[K>12.0f  || request.target_ y >12.0f ))
[2.147s]       |                                                                           [01;31m[K^~~~~~~~[m[K
[2.147s] [01m[K/home/bayes/hssw/others/ros2project/products/cpp/service_pratice_ws/src/demo_cpp_service/src/turtle_control.cpp:19:102:[m[K [01;31m[Kerror: [m[Krequest for member â€˜[01m[Ktarget_[m[Kâ€™ in â€˜[01m[Krequest[m[Kâ€™, which is of non-class type â€˜[01m[Kconst int[m[Kâ€™
[2.147s]    19 |                 if((0 > request.target_x || 0>request.target_y || request.target_x>12.0f  || request.[01;31m[Ktarget_[m[K y >12.0f ))
[2.147s]       |                                                                                                      [01;31m[K^~~~~~~[m[K
[2.147s] [01m[K/home/bayes/hssw/others/ros2project/products/cpp/service_pratice_ws/src/demo_cpp_service/src/turtle_control.cpp:19:110:[m[K [01;31m[Kerror: [m[Kexpected â€˜[01m[K)[m[Kâ€™ before â€˜[01m[Ky[m[Kâ€™
[2.147s]    19 |                 if((0 > request.target_x || 0>request.target_y || request.target_x>12.0f  || request.target_ [01;31m[Ky[m[K >12.0f ))
[2.148s]       |                                                                                                              [01;31m[K^[m[K
[2.148s] [01m[K/home/bayes/hssw/others/ros2project/products/cpp/service_pratice_ws/src/demo_cpp_service/src/turtle_control.cpp:19:20:[m[K [01;36m[Knote: [m[Kto match this â€˜[01m[K([m[Kâ€™
[2.148s]    19 |                 if([01;36m[K([m[K0 > request.target_x || 0>request.target_y || request.target_x>12.0f  || request.target_ y >12.0f ))
[2.148s]       |                    [01;36m[K^[m[K
[2.148s] [01m[K/home/bayes/hssw/others/ros2project/products/cpp/service_pratice_ws/src/demo_cpp_service/src/turtle_control.cpp:23:17:[m[K [01;31m[Kerror: [m[Kexpected â€˜[01m[K)[m[Kâ€™ before â€˜[01m[Kelse[m[Kâ€™
[2.148s]    23 |                 [01;31m[Kelse[m[K
[2.148s]       |                 [01;31m[K^~~~[m[K
[2.148s] [01m[K/home/bayes/hssw/others/ros2project/products/cpp/service_pratice_ws/src/demo_cpp_service/src/turtle_control.cpp:19:19:[m[K [01;36m[Knote: [m[Kto match this â€˜[01m[K([m[Kâ€™
[2.148s]    19 |                 if[01;36m[K([m[K(0 > request.target_x || 0>request.target_y || request.target_x>12.0f  || request.target_ y >12.0f ))
[2.148s]       |                   [01;36m[K^[m[K
[2.148s] [01m[K/home/bayes/hssw/others/ros2project/products/cpp/service_pratice_ws/src/demo_cpp_service/src/turtle_control.cpp:29:13:[m[K [01;31m[Kerror: [m[Kexpected primary-expression before â€˜[01m[K}[m[Kâ€™ token
[2.148s]    29 |             [01;31m[K}[m[K
[2.148s]       |             [01;31m[K^[m[K
[2.148s] [01m[K/home/bayes/hssw/others/ros2project/products/cpp/service_pratice_ws/src/demo_cpp_service/src/turtle_control.cpp:17:107:[m[K [01;35m[Kwarning: [m[Kunused parameter â€˜[01m[Kresponse[m[Kâ€™ [[01;35m[K]8;;https://gcc.gnu.org/onlinedocs/gcc/Warning-Options.html#index-Wunused-parameter-Wunused-parameter]8;;[m[K]
[2.148s]    17 |             "patrol",[&](const std::shared_ptr<Patrol::Request> request,[01;35m[Kstd::shared_ptr<Patrol::Response> response[m[K) -> void {
[2.148s]       |                                                                         [01;35m[K~~~~~~~~~~~~~~~~~~~~~~~~~~~~~~~~~~^~~~~~~~[m[K
[2.148s] [01m[K/home/bayes/hssw/others/ros2project/products/cpp/service_pratice_ws/src/demo_cpp_service/src/turtle_control.cpp:[m[K In constructor â€˜[01m[KTurtleContorller::TurtleContorller(std::string)[m[Kâ€™:
[2.148s] [01m[K/home/bayes/hssw/others/ros2project/products/cpp/service_pratice_ws/src/demo_cpp_service/src/turtle_control.cpp:16:50:[m[K [01;31m[Kerror: [m[Kno matching function for call to â€˜[01m[KTurtleContorller::create_service<<expression error> >(const char [7], TurtleContorller::TurtleContorller(std::string)::<lambda(int, int)>)[m[Kâ€™
[2.149s]    16 |         patrol_ser = [01;31m[Kthis->create_service<Patrol>([m[K
[2.149s]       |                      [01;31m[K~~~~~~~~~~~~~~~~~~~~~~~~~~~~^[m[K
[2.149s]    17 | [01;31m[K            "patrol",[&](const std::shared_ptr<Patrol::Request> request,std::shared_ptr<Patrol::Response> response) -> void {[m[K
[2.149s]       |             [01;31m[K~~~~~~~~~~~~~~~~~~~~~~~~~~~~~~~~~~~~~~~~~~~~~~~~~~~~~~~~~~~~~~~~~~~~~~~~~~~~~~~~~~~~~~~~~~~~~~~~~~~~~~~~~~~~~~~~~[m[K
[2.149s]    18 | [01;31m[K                //åˆ¤æ–­é€»è¾‘èŠ‚ç‚¹æ˜¯å¦åœ¨æ¨¡æ‹Ÿå™¨è¾¹ç•Œå†…éƒ¨[m[K
[2.149s]       |                 [01;31m[K~~~~~~~~~~~~~~~~~~~~~~~~~~~~~~~~~~[m[K
[2.149s]    19 | [01;31m[K                if((0 > request.target_x || 0>request.target_y || request.target_x>12.0f  || request.target_ y >12.0f ))[m[K
[2.149s]       |                 [01;31m[K~~~~~~~~~~~~~~~~~~~~~~~~~~~~~~~~~~~~~~~~~~~~~~~~~~~~~~~~~~~~~~~~~~~~~~~~~~~~~~~~~~~~~~~~~~~~~~~~~~~~~~~~[m[K
[2.149s]    20 | [01;31m[K                {[m[K
[2.149s]       |                 [01;31m[K~[m[K                                 
[2.149s]    21 | [01;31m[K                    reponse->result = Patrol::Response::FAIL;[m[K
[2.149s]       |                     [01;31m[K~~~~~~~~~~~~~~~~~~~~~~~~~~~~~~~~~~~~~~~~~[m[K
[2.149s]    22 | [01;31m[K                }[m[K
[2.149s]       |                 [01;31m[K~[m[K                                 
[2.149s]    23 | [01;31m[K                else[m[K
[2.149s]       |                 [01;31m[K~~~~[m[K                              
[2.149s]    24 | [01;31m[K                {[m[K
[2.149s]       |                 [01;31m[K~[m[K                                 
[2.149s]    25 | [01;31m[K                    target_x = request.target_x;[m[K
[2.149s]       |                     [01;31m[K~~~~~~~~~~~~~~~~~~~~~~~~~~~~[m[K  
[2.149s]    26 | [01;31m[K                    target_y = request.target_y;[m[K
[2.150s]       |                     [01;31m[K~~~~~~~~~~~~~~~~~~~~~~~~~~~~[m[K  
[2.150s]    27 | [01;31m[K                    reponse->result = Patrol::Response::SUCESS;[m[K
[2.150s]       |                     [01;31m[K~~~~~~~~~~~~~~~~~~~~~~~~~~~~~~~~~~~~~~~~~~~[m[K
[2.150s]    28 | [01;31m[K                }[m[K
[2.150s]       |                 [01;31m[K~[m[K                                 
[2.150s]    29 | [01;31m[K            }[m[K
[2.150s]       |             [01;31m[K~[m[K                                     
[2.150s]    30 | [01;31m[K        )[m[K;
[2.150s]       |         [01;31m[K~[m[K                                         
[2.150s] In file included from [01m[K/opt/ros/humble/include/rclcpp/rclcpp/executors/single_threaded_executor.hpp:28[m[K,
[2.150s]                  from [01m[K/opt/ros/humble/include/rclcpp/rclcpp/executors.hpp:22[m[K,
[2.150s]                  from [01m[K/opt/ros/humble/include/rclcpp/rclcpp/rclcpp.hpp:155[m[K,
[2.150s]                  from [01m[K/home/bayes/hssw/others/ros2project/products/cpp/service_pratice_ws/src/demo_cpp_service/src/turtle_control.cpp:2[m[K:
[2.150s] [01m[K/opt/ros/humble/include/rclcpp/rclcpp/node.hpp:267:3:[m[K [01;36m[Knote: [m[Kcandidate: â€˜[01m[Ktemplate<class ServiceT, class CallbackT> typename rclcpp::Service<ServiceT>::SharedPtr rclcpp::Node::create_service(const string&, CallbackT&&, const rmw_qos_profile_t&, rclcpp::CallbackGroup::SharedPtr)[m[Kâ€™
[2.150s]   267 |   [01;36m[Kcreate_service[m[K(
[2.150s]       |   [01;36m[K^~~~~~~~~~~~~~[m[K
[2.150s] [01m[K/opt/ros/humble/include/rclcpp/rclcpp/node.hpp:267:3:[m[K [01;36m[Knote: [m[K  template argument deduction/substitution failed:
[2.150s] [01m[K/home/bayes/hssw/others/ros2project/products/cpp/service_pratice_ws/src/demo_cpp_service/src/turtle_control.cpp:16:50:[m[K [01;31m[Kerror: [m[Ktemplate argument 1 is invalid
[2.150s]    16 |         patrol_ser = [01;31m[Kthis->create_service<Patrol>([m[K
[2.150s]       |                      [01;31m[K~~~~~~~~~~~~~~~~~~~~~~~~~~~~^[m[K
[2.150s]    17 | [01;31m[K            "patrol",[&](const std::shared_ptr<Patrol::Request> request,std::shared_ptr<Patrol::Response> response) -> void {[m[K
[2.151s]       |             [01;31m[K~~~~~~~~~~~~~~~~~~~~~~~~~~~~~~~~~~~~~~~~~~~~~~~~~~~~~~~~~~~~~~~~~~~~~~~~~~~~~~~~~~~~~~~~~~~~~~~~~~~~~~~~~~~~~~~~~[m[K
[2.151s]    18 | [01;31m[K                //åˆ¤æ–­é€»è¾‘èŠ‚ç‚¹æ˜¯å¦åœ¨æ¨¡æ‹Ÿå™¨è¾¹ç•Œå†…éƒ¨[m[K
[2.151s]       |                 [01;31m[K~~~~~~~~~~~~~~~~~~~~~~~~~~~~~~~~~~[m[K
[2.151s]    19 | [01;31m[K                if((0 > request.target_x || 0>request.target_y || request.target_x>12.0f  || request.target_ y >12.0f ))[m[K
[2.151s]       |                 [01;31m[K~~~~~~~~~~~~~~~~~~~~~~~~~~~~~~~~~~~~~~~~~~~~~~~~~~~~~~~~~~~~~~~~~~~~~~~~~~~~~~~~~~~~~~~~~~~~~~~~~~~~~~~~[m[K
[2.151s]    20 | [01;31m[K                {[m[K
[2.151s]       |                 [01;31m[K~[m[K                                 
[2.151s]    21 | [01;31m[K                    reponse->result = Patrol::Response::FAIL;[m[K
[2.151s]       |                     [01;31m[K~~~~~~~~~~~~~~~~~~~~~~~~~~~~~~~~~~~~~~~~~[m[K
[2.151s]    22 | [01;31m[K                }[m[K
[2.151s]       |                 [01;31m[K~[m[K                                 
[2.151s]    23 | [01;31m[K                else[m[K
[2.151s]       |                 [01;31m[K~~~~[m[K                              
[2.151s]    24 | [01;31m[K                {[m[K
[2.151s]       |                 [01;31m[K~[m[K                                 
[2.151s]    25 | [01;31m[K                    target_x = request.target_x;[m[K
[2.151s]       |                     [01;31m[K~~~~~~~~~~~~~~~~~~~~~~~~~~~~[m[K  
[2.151s]    26 | [01;31m[K                    target_y = request.target_y;[m[K
[2.151s]       |                     [01;31m[K~~~~~~~~~~~~~~~~~~~~~~~~~~~~[m[K  
[2.152s]    27 | [01;31m[K                    reponse->result = Patrol::Response::SUCESS;[m[K
[2.152s]       |                     [01;31m[K~~~~~~~~~~~~~~~~~~~~~~~~~~~~~~~~~~~~~~~~~~~[m[K
[2.152s]    28 | [01;31m[K                }[m[K
[2.152s]       |                 [01;31m[K~[m[K                                 
[2.152s]    29 | [01;31m[K            }[m[K
[2.152s]       |             [01;31m[K~[m[K                                     
[2.152s]    30 | [01;31m[K        )[m[K;
[2.152s]       |         [01;31m[K~[m[K                                         
[2.716s] gmake[2]: *** [CMakeFiles/turtle_control.dir/build.make:76ï¼šCMakeFiles/turtle_control.dir/src/turtle_control.cpp.o] é”™è¯¯ 1
[2.716s] gmake[1]: *** [CMakeFiles/Makefile2:137ï¼šCMakeFiles/turtle_control.dir/all] é”™è¯¯ 2
[2.717s] gmake: *** [Makefile:146ï¼šall] é”™è¯¯ 2
[2.719s] Invoked command in '/home/bayes/hssw/others/ros2project/products/cpp/service_pratice_ws/src/build/demo_cpp_service' returned '2': CMAKE_PREFIX_PATH=${CMAKE_PREFIX_PATH}:/home/bayes/hssw/others/ros2project/products/cpp/service_pratice_ws/src/install/demo_python_service:/opt/ros/humble /usr/bin/cmake --build /home/bayes/hssw/others/ros2project/products/cpp/service_pratice_ws/src/build/demo_cpp_service -- -j24 -l24
