[0.009s] Invoking command in '/home/bayes/hssw/others/ros2project/test/cpp/bayes_workspace/build/test_cpp_demo': CMAKE_PREFIX_PATH=/home/bayes/hssw/others/ros2project/test/python/workspace/install/demo_python_pkg:/opt/ros/humble /bin/cmake --build /home/bayes/hssw/others/ros2project/test/cpp/bayes_workspace/build/test_cpp_demo -- -j24 -l24
[0.049s] [35m[1mConsolidate compiler generated dependencies of target PersonNode[0m
[0.053s] [35m[1mConsolidate compiler generated dependencies of target WriteNode[0m
[0.054s] [ 33%] Built target bayes_test
[0.068s] [ 50%] [32mBuilding CXX object CMakeFiles/PersonNode.dir/src/PersonNode.cpp.o[0m
[0.071s] [ 66%] [32mBuilding CXX object CMakeFiles/WriteNode.dir/src/WriteNode.cpp.o[0m
[1.750s] [01m[K/home/bayes/hssw/others/ros2project/test/cpp/bayes_workspace/src/test_cpp_demo/src/WriteNode.cpp:[m[K In member function â€˜[01m[Kvirtual void WriteNode::eatfood(std::string)[m[Kâ€™:
[1.750s] [01m[K/home/bayes/hssw/others/ros2project/test/cpp/bayes_workspace/src/test_cpp_demo/src/WriteNode.cpp:10:33:[m[K [01;35m[Kwarning: [m[Kunused parameter â€˜[01m[Kfoodname[m[Kâ€™ [[01;35m[K]8;;https://gcc.gnu.org/onlinedocs/gcc/Warning-Options.html#index-Wunused-parameter-Wunused-parameter]8;;[m[K]
[1.750s]    10 |     virtual void eatfood([01;35m[Kstring foodname[m[K)
[1.750s]       |                          [01;35m[K~~~~~~~^~~~~~~~[m[K
[2.088s] [ 83%] [32m[1mLinking CXX executable WriteNode[0m
[2.117s] [100%] [32m[1mLinking CXX executable PersonNode[0m
[2.173s] /bin/ld: CMakeFiles/WriteNode.dir/src/WriteNode.cpp.o: in function `void __gnu_cxx::new_allocator<PersonNode>::construct<PersonNode, char const (&) [7], int>(PersonNode*, char const (&) [7], int&&)':
[2.173s] WriteNode.cpp:(.text._ZN9__gnu_cxx13new_allocatorI10PersonNodeE9constructIS1_JRA7_KciEEEvPT_DpOT0_[_ZN9__gnu_cxx13new_allocatorI10PersonNodeE9constructIS1_JRA7_KciEEEvPT_DpOT0_]+0x91): undefined reference to `PersonNode::PersonNode(std::__cxx11::basic_string<char, std::char_traits<char>, std::allocator<char> >, int)'
[2.176s] collect2: error: ld returned 1 exit status
[2.178s] gmake[2]: *** [CMakeFiles/WriteNode.dir/build.make:151ï¼šWriteNode] é”™è¯¯ 1
[2.178s] gmake[1]: *** [CMakeFiles/Makefile2:193ï¼šCMakeFiles/WriteNode.dir/all] é”™è¯¯ 2
[2.178s] gmake[1]: *** æ­£åœ¨ç­‰å¾…æœªå®Œæˆçš„ä»»åŠ¡....
[2.201s] [100%] Built target PersonNode
[2.202s] gmake: *** [Makefile:146ï¼šall] é”™è¯¯ 2
[2.204s] Invoked command in '/home/bayes/hssw/others/ros2project/test/cpp/bayes_workspace/build/test_cpp_demo' returned '2': CMAKE_PREFIX_PATH=/home/bayes/hssw/others/ros2project/test/python/workspace/install/demo_python_pkg:/opt/ros/humble /bin/cmake --build /home/bayes/hssw/others/ros2project/test/cpp/bayes_workspace/build/test_cpp_demo -- -j24 -l24
