[0.010s] Invoking command in '/home/bayes/hssw/others/ros2project/test/cpp/bayes_workspace/src/build/test_cpp_demo': CMAKE_PREFIX_PATH=${CMAKE_PREFIX_PATH}:/home/bayes/hssw/others/ros2project/test/cpp/bayes_workspace/install/demo_python_pkg:/home/bayes/hssw/others/ros2project/test/python/workspace/install/demo_python_pkg:/opt/ros/humble /bin/cmake --build /home/bayes/hssw/others/ros2project/test/cpp/bayes_workspace/src/build/test_cpp_demo -- -j24 -l24
[0.050s] [35m[1mConsolidate compiler generated dependencies of target WriteNode[0m
[0.060s] [ 33%] Built target bayes_test
[0.065s] [ 66%] Built target PersonNode
[0.066s] [ 83%] [32mBuilding CXX object CMakeFiles/WriteNode.dir/src/WriteNode.cpp.o[0m
[1.794s] [01m[K/home/bayes/hssw/others/ros2project/test/cpp/bayes_workspace/src/test_cpp_demo/src/WriteNode.cpp:[m[K In member function â€˜[01m[Kvirtual void WriteNode::eatfood(std::string)[m[Kâ€™:
[1.794s] [01m[K/home/bayes/hssw/others/ros2project/test/cpp/bayes_workspace/src/test_cpp_demo/src/WriteNode.cpp:10:33:[m[K [01;35m[Kwarning: [m[Kunused parameter â€˜[01m[Kfoodname[m[Kâ€™ [[01;35m[K]8;;https://gcc.gnu.org/onlinedocs/gcc/Warning-Options.html#index-Wunused-parameter-Wunused-parameter]8;;[m[K]
[1.794s]    10 |     virtual void eatfood([01;35m[Kstring foodname[m[K)
[1.794s]       |                          [01;35m[K~~~~~~~^~~~~~~~[m[K
[2.137s] [100%] [32m[1mLinking CXX executable WriteNode[0m
[2.201s] /bin/ld: CMakeFiles/WriteNode.dir/src/WriteNode.cpp.o: warning: relocation against `_ZTV10PersonNode' in read-only section `.text._ZN10PersonNodeD2Ev[_ZN10PersonNodeD5Ev]'
[2.207s] /bin/ld: CMakeFiles/WriteNode.dir/src/WriteNode.cpp.o: in function `PersonNode::~PersonNode()':
[2.207s] WriteNode.cpp:(.text._ZN10PersonNodeD2Ev[_ZN10PersonNodeD5Ev]+0x13): undefined reference to `vtable for PersonNode'
[2.207s] /bin/ld: CMakeFiles/WriteNode.dir/src/WriteNode.cpp.o: in function `WriteNode::WriteNode(std::__cxx11::basic_string<char, std::char_traits<char>, std::allocator<char> >, int)':
[2.207s] WriteNode.cpp:(.text._ZN9WriteNodeC2ENSt7__cxx1112basic_stringIcSt11char_traitsIcESaIcEEEi[_ZN9WriteNodeC5ENSt7__cxx1112basic_stringIcSt11char_traitsIcESaIcEEEi]+0x4c): undefined reference to `PersonNode::PersonNode(std::__cxx11::basic_string<char, std::char_traits<char>, std::allocator<char> >, int)'
[2.208s] /bin/ld: CMakeFiles/WriteNode.dir/src/WriteNode.cpp.o:(.data.rel.ro._ZTI9WriteNode[_ZTI9WriteNode]+0x10): undefined reference to `typeinfo for PersonNode'
[2.209s] /bin/ld: warning: creating DT_TEXTREL in a PIE
[2.211s] collect2: error: ld returned 1 exit status
[2.212s] gmake[2]: *** [CMakeFiles/WriteNode.dir/build.make:151ï¼šWriteNode] é”™è¯¯ 1
[2.212s] gmake[1]: *** [CMakeFiles/Makefile2:193ï¼šCMakeFiles/WriteNode.dir/all] é”™è¯¯ 2
[2.213s] gmake: *** [Makefile:146ï¼šall] é”™è¯¯ 2
[2.215s] Invoked command in '/home/bayes/hssw/others/ros2project/test/cpp/bayes_workspace/src/build/test_cpp_demo' returned '2': CMAKE_PREFIX_PATH=${CMAKE_PREFIX_PATH}:/home/bayes/hssw/others/ros2project/test/cpp/bayes_workspace/install/demo_python_pkg:/home/bayes/hssw/others/ros2project/test/python/workspace/install/demo_python_pkg:/opt/ros/humble /bin/cmake --build /home/bayes/hssw/others/ros2project/test/cpp/bayes_workspace/src/build/test_cpp_demo -- -j24 -l24
