[0.012s] Invoking command in '/home/bayes/hssw/others/ros2project/products/cpp/topic_practice_ws/src/build/status_display': CMAKE_PREFIX_PATH=/home/bayes/hssw/others/ros2project/products/cpp/topic_practice_ws/src/install/status_interfaces:/home/bayes/hssw/others/ros2project/products/cpp/topic_practice_ws/src/install/status_display:/home/bayes/hssw/others/ros2project/products/cpp/topic_practice_ws/src/install/status_publisher:/opt/ros/humble /bin/cmake --build /home/bayes/hssw/others/ros2project/products/cpp/topic_practice_ws/src/build/status_display -- -j24 -l24
[0.056s] -- Found ament_cmake: 1.3.12 (/opt/ros/humble/share/ament_cmake/cmake)
[0.176s] -- Found rclcpp: 16.0.14 (/opt/ros/humble/share/rclcpp/cmake)
[0.218s] -- Found rosidl_generator_c: 3.1.7 (/opt/ros/humble/share/rosidl_generator_c/cmake)
[0.221s] -- Found rosidl_adapter: 3.1.7 (/opt/ros/humble/share/rosidl_adapter/cmake)
[0.229s] -- Found rosidl_generator_cpp: 3.1.7 (/opt/ros/humble/share/rosidl_generator_cpp/cmake)
[0.241s] -- Using all available rosidl_typesupport_c: rosidl_typesupport_fastrtps_c;rosidl_typesupport_introspection_c
[0.258s] -- Using all available rosidl_typesupport_cpp: rosidl_typesupport_fastrtps_cpp;rosidl_typesupport_introspection_cpp
[0.297s] -- Found rmw_implementation_cmake: 6.1.2 (/opt/ros/humble/share/rmw_implementation_cmake/cmake)
[0.299s] -- Found rmw_fastrtps_cpp: 6.2.8 (/opt/ros/humble/share/rmw_fastrtps_cpp/cmake)
[0.380s] -- Using RMW implementation 'rmw_fastrtps_cpp' as default
[0.429s] -- Found status_interfaces: 0.0.0 (/home/bayes/hssw/others/ros2project/products/cpp/topic_practice_ws/src/install/status_interfaces/share/status_interfaces/cmake)
[0.455s] -- Found ament_lint_auto: 0.12.14 (/opt/ros/humble/share/ament_lint_auto/cmake)
[0.515s] -- Added test 'cppcheck' to perform static code analysis on C / C++ code
[0.515s] -- Configured cppcheck include dirs: 
[0.515s] -- Configured cppcheck exclude dirs and/or files: 
[0.516s] -- Added test 'lint_cmake' to check CMake code style
[0.518s] -- Added test 'uncrustify' to check C / C++ code style
[0.518s] -- Configured uncrustify additional arguments: 
[0.518s] -- Added test 'xmllint' to check XML markup files
[0.520s] -- Configuring done
[0.536s] -- Generating done
[0.540s] -- Build files have been written to: /home/bayes/hssw/others/ros2project/products/cpp/topic_practice_ws/src/build/status_display
[0.564s] [35m[1mConsolidate compiler generated dependencies of target hello_qt[0m
[0.578s] [ 25%] [32mBuilding CXX object CMakeFiles/StatusDisplay.dir/src/sys_status_display.cpp.o[0m
[0.578s] [ 75%] Built target hello_qt
[2.783s] [01m[K/home/bayes/hssw/others/ros2project/products/cpp/topic_practice_ws/src/status_display/src/sys_status_display.cpp:10:25:[m[K [01;31m[Kerror: [m[Kexpected ‘[01m[K)[m[K’ before ‘[01m[Knodename[m[K’
[2.784s]    10 |     StatusDisplay[34m[K([m[Kstring[01;31m[K [m[K[32m[Knodename[m[K):rclcpp::Node(nodename)
[2.784s]       |                  [34m[K~[m[K      [01;31m[K^[m[K[32m[K~~~~~~~~[m[K
[2.784s]       |                         [32m[K)[m[K
[2.817s] [01m[K/home/bayes/hssw/others/ros2project/products/cpp/topic_practice_ws/src/status_display/src/sys_status_display.cpp:[m[K In member function ‘[01m[KQString StatusDisplay::get_qstr_form_msg(status_interfaces::msg::SystemStatus_<std::allocator<void> >::SharedPtr)[m[K’:
[2.817s] [01m[K/home/bayes/hssw/others/ros2project/products/cpp/topic_practice_ws/src/status_display/src/sys_status_display.cpp:26:13:[m[K [01;31m[Kerror: [m[Kexpected primary-expression before ‘[01m[K<<[m[K’ token
[2.817s]    26 |             [01;31m[K<<[m[K "用户名：\t" <<msg->hostname <<"\ts\n";
[2.817s]       |             [01;31m[K^~[m[K
[2.817s] [01m[K/home/bayes/hssw/others/ros2project/products/cpp/topic_practice_ws/src/status_display/src/sys_status_display.cpp:27:13:[m[K [01;31m[Kerror: [m[Kexpected primary-expression before ‘[01m[K<<[m[K’ token
[2.817s]    27 |             [01;31m[K<<[m[K "cpu使用率：\t" <<msg->cpu_percent <<"\ts\n";
[2.818s]       |             [01;31m[K^~[m[K
[2.818s] [01m[K/home/bayes/hssw/others/ros2project/products/cpp/topic_practice_ws/src/status_display/src/sys_status_display.cpp:28:13:[m[K [01;31m[Kerror: [m[Kexpected primary-expression before ‘[01m[K<<[m[K’ token
[2.818s]    28 |             [01;31m[K<<[m[K "内存使用率：\t" <<msg->memory_percent<<"\ts\n";
[2.818s]       |             [01;31m[K^~[m[K
[2.818s] [01m[K/home/bayes/hssw/others/ros2project/products/cpp/topic_practice_ws/src/status_display/src/sys_status_display.cpp:29:13:[m[K [01;31m[Kerror: [m[Kexpected primary-expression before ‘[01m[K<<[m[K’ token
[2.818s]    29 |             [01;31m[K<<[m[K "内存总大小：\t" <<msg->memory_total <<"\ts\n";
[2.818s]       |             [01;31m[K^~[m[K
[2.818s] [01m[K/home/bayes/hssw/others/ros2project/products/cpp/topic_practice_ws/src/status_display/src/sys_status_display.cpp:30:13:[m[K [01;31m[Kerror: [m[Kexpected primary-expression before ‘[01m[K<<[m[K’ token
[2.818s]    30 |             [01;31m[K<<[m[K "剩余有效内存：\t" <<msg->memory_avaliable<<"\ts\n";
[2.818s]       |             [01;31m[K^~[m[K
[2.818s] [01m[K/home/bayes/hssw/others/ros2project/products/cpp/topic_practice_ws/src/status_display/src/sys_status_display.cpp:31:13:[m[K [01;31m[Kerror: [m[Kexpected primary-expression before ‘[01m[K<<[m[K’ token
[2.818s]    31 |             [01;31m[K<<[m[K "网络发送量:\t" <<msg->net_sent <<"\ts\n";
[2.818s]       |             [01;31m[K^~[m[K
[2.818s] [01m[K/home/bayes/hssw/others/ros2project/products/cpp/topic_practice_ws/src/status_display/src/sys_status_display.cpp:32:13:[m[K [01;31m[Kerror: [m[Kexpected primary-expression before ‘[01m[K<<[m[K’ token
[2.818s]    32 |             [01;31m[K<<[m[K "网络接受量：\t" <<msg->net_recv<<"\ts\n";
[2.818s]       |             [01;31m[K^~[m[K
[2.818s] [01m[K/home/bayes/hssw/others/ros2project/products/cpp/topic_practice_ws/src/status_display/src/sys_status_display.cpp:33:13:[m[K [01;31m[Kerror: [m[Kexpected primary-expression before ‘[01m[K<<[m[K’ token
[2.818s]    33 |             [01;31m[K<<[m[K "=================================================== \n";
[2.818s]       |             [01;31m[K^~[m[K
[3.371s] In file included from [01m[K/usr/include/x86_64-linux-gnu/c++/11/bits/c++allocator.h:33[m[K,
[3.371s]                  from [01m[K/usr/include/c++/11/bits/allocator.h:46[m[K,
[3.371s]                  from [01m[K/usr/include/c++/11/unordered_map:40[m[K,
[3.372s]                  from [01m[K/usr/include/c++/11/functional:61[m[K,
[3.372s]                  from [01m[K/usr/include/c++/11/pstl/glue_algorithm_defs.h:13[m[K,
[3.372s]                  from [01m[K/usr/include/c++/11/algorithm:74[m[K,
[3.372s]                  from [01m[K/usr/include/x86_64-linux-gnu/qt5/QtCore/qglobal.h:142[m[K,
[3.372s]                  from [01m[K/usr/include/x86_64-linux-gnu/qt5/QtGui/qtguiglobal.h:43[m[K,
[3.372s]                  from [01m[K/usr/include/x86_64-linux-gnu/qt5/QtWidgets/qtwidgetsglobal.h:43[m[K,
[3.372s]                  from [01m[K/usr/include/x86_64-linux-gnu/qt5/QtWidgets/qapplication.h:43[m[K,
[3.372s]                  from [01m[K/usr/include/x86_64-linux-gnu/qt5/QtWidgets/QApplication:1[m[K,
[3.372s]                  from [01m[K/home/bayes/hssw/others/ros2project/products/cpp/topic_practice_ws/src/status_display/src/sys_status_display.cpp:1[m[K:
[3.372s] /usr/include/c++/11/ext/new_allocator.h: In instantiation of ‘[01m[Kvoid __gnu_cxx::new_allocator<_Tp>::construct(_Up*, _Args&& ...) [with _Up = StatusDisplay; _Args = {const char (&)[14]}; _Tp = StatusDisplay][m[K’:
[3.372s] [01m[K/usr/include/c++/11/bits/alloc_traits.h:516:17:[m[K   required from ‘[01m[Kstatic void std::allocator_traits<std::allocator<_Tp1> >::construct(std::allocator_traits<std::allocator<_Tp1> >::allocator_type&, _Up*, _Args&& ...) [with _Up = StatusDisplay; _Args = {const char (&)[14]}; _Tp = StatusDisplay; std::allocator_traits<std::allocator<_Tp1> >::allocator_type = std::allocator<StatusDisplay>][m[K’
[3.372s] [01m[K/usr/include/c++/11/bits/shared_ptr_base.h:519:39:[m[K   required from ‘[01m[Kstd::_Sp_counted_ptr_inplace<_Tp, _Alloc, _Lp>::_Sp_counted_ptr_inplace(_Alloc, _Args&& ...) [with _Args = {const char (&)[14]}; _Tp = StatusDisplay; _Alloc = std::allocator<StatusDisplay>; __gnu_cxx::_Lock_policy _Lp = __gnu_cxx::_S_atomic][m[K’
[3.372s] [01m[K/usr/include/c++/11/bits/shared_ptr_base.h:650:16:[m[K   required from ‘[01m[Kstd::__shared_count<_Lp>::__shared_count(_Tp*&, std::_Sp_alloc_shared_tag<_Alloc>, _Args&& ...) [with _Tp = StatusDisplay; _Alloc = std::allocator<StatusDisplay>; _Args = {const char (&)[14]}; __gnu_cxx::_Lock_policy _Lp = __gnu_cxx::_S_atomic][m[K’
[3.372s] [01m[K/usr/include/c++/11/bits/shared_ptr_base.h:1342:14:[m[K   required from ‘[01m[Kstd::__shared_ptr<_Tp, _Lp>::__shared_ptr(std::_Sp_alloc_shared_tag<_Tp>, _Args&& ...) [with _Alloc = std::allocator<StatusDisplay>; _Args = {const char (&)[14]}; _Tp = StatusDisplay; __gnu_cxx::_Lock_policy _Lp = __gnu_cxx::_S_atomic][m[K’
[3.373s] [01m[K/usr/include/c++/11/bits/shared_ptr.h:409:59:[m[K   required from ‘[01m[Kstd::shared_ptr<_Tp>::shared_ptr(std::_Sp_alloc_shared_tag<_Tp>, _Args&& ...) [with _Alloc = std::allocator<StatusDisplay>; _Args = {const char (&)[14]}; _Tp = StatusDisplay][m[K’
[3.373s] [01m[K/usr/include/c++/11/bits/shared_ptr.h:862:14:[m[K   required from ‘[01m[Kstd::shared_ptr<_Tp> std::allocate_shared(const _Alloc&, _Args&& ...) [with _Tp = StatusDisplay; _Alloc = std::allocator<StatusDisplay>; _Args = {const char (&)[14]}][m[K’
[3.373s] [01m[K/usr/include/c++/11/bits/shared_ptr.h:878:39:[m[K   required from ‘[01m[Kstd::shared_ptr<_Tp> std::make_shared(_Args&& ...) [with _Tp = StatusDisplay; _Args = {const char (&)[14]}][m[K’
[3.373s] [01m[K/home/bayes/hssw/others/ros2project/products/cpp/topic_practice_ws/src/status_display/src/sys_status_display.cpp:47:48:[m[K   required from here
[3.373s] [01m[K/usr/include/c++/11/ext/new_allocator.h:162:11:[m[K [01;31m[Kerror: [m[Kno matching function for call to ‘[01m[KStatusDisplay::StatusDisplay(const char [14])[m[K’
[3.373s]   162 |         { [01;31m[K::new((void *)__p) _Up(std::forward<_Args>(__args)...)[m[K; }
[3.373s]       |           [01;31m[K^~~~~~~~~~~~~~~~~~~~~~~~~~~~~~~~~~~~~~~~~~~~~~~~~~~~~~[m[K
[3.373s] [01m[K/home/bayes/hssw/others/ros2project/products/cpp/topic_practice_ws/src/status_display/src/sys_status_display.cpp:7:7:[m[K [01;36m[Knote: [m[Kcandidate: ‘[01m[KStatusDisplay::StatusDisplay()[m[K’ (deleted)
[3.373s]     7 | class [01;36m[KStatusDisplay[m[K:public rclcpp::Node
[3.373s]       |       [01;36m[K^~~~~~~~~~~~~[m[K
[3.373s] [01m[K/home/bayes/hssw/others/ros2project/products/cpp/topic_practice_ws/src/status_display/src/sys_status_display.cpp:7:7:[m[K [01;36m[Knote: [m[K  candidate expects 0 arguments, 1 provided
[3.373s] [01m[K/home/bayes/hssw/others/ros2project/products/cpp/topic_practice_ws/src/status_display/src/sys_status_display.cpp:7:7:[m[K [01;36m[Knote: [m[Kcandidate: ‘[01m[KStatusDisplay::StatusDisplay(const StatusDisplay&)[m[K’ (deleted)
[3.373s] [01m[K/home/bayes/hssw/others/ros2project/products/cpp/topic_practice_ws/src/status_display/src/sys_status_display.cpp:7:7:[m[K [01;36m[Knote: [m[K  no known conversion for argument 1 from ‘[01m[Kconst char [14][m[K’ to ‘[01m[Kconst StatusDisplay&[m[K’
[3.373s] [01m[K/home/bayes/hssw/others/ros2project/products/cpp/topic_practice_ws/src/status_display/src/sys_status_display.cpp:7:7:[m[K [01;36m[Knote: [m[Kcandidate: ‘[01m[KStatusDisplay::StatusDisplay(StatusDisplay&&)[m[K’ (deleted)
[3.373s] [01m[K/home/bayes/hssw/others/ros2project/products/cpp/topic_practice_ws/src/status_display/src/sys_status_display.cpp:7:7:[m[K [01;36m[Knote: [m[K  no known conversion for argument 1 from ‘[01m[Kconst char [14][m[K’ to ‘[01m[KStatusDisplay&&[m[K’
[3.434s] gmake[2]: *** [CMakeFiles/StatusDisplay.dir/build.make:76：CMakeFiles/StatusDisplay.dir/src/sys_status_display.cpp.o] 错误 1
[3.434s] gmake[1]: *** [CMakeFiles/Makefile2:165：CMakeFiles/StatusDisplay.dir/all] 错误 2
[3.434s] gmake: *** [Makefile:146：all] 错误 2
[3.437s] Invoked command in '/home/bayes/hssw/others/ros2project/products/cpp/topic_practice_ws/src/build/status_display' returned '2': CMAKE_PREFIX_PATH=/home/bayes/hssw/others/ros2project/products/cpp/topic_practice_ws/src/install/status_interfaces:/home/bayes/hssw/others/ros2project/products/cpp/topic_practice_ws/src/install/status_display:/home/bayes/hssw/others/ros2project/products/cpp/topic_practice_ws/src/install/status_publisher:/opt/ros/humble /bin/cmake --build /home/bayes/hssw/others/ros2project/products/cpp/topic_practice_ws/src/build/status_display -- -j24 -l24
