[0.017s] Invoking command in '/home/bayes/hssw/others/ros2project/test/cpp/bayes_workspace/build/test_cpp_demo': CMAKE_PREFIX_PATH=/home/bayes/hssw/others/ros2project/test/python/workspace/install/demo_python_pkg:/opt/ros/humble /bin/cmake --build /home/bayes/hssw/others/ros2project/test/cpp/bayes_workspace/build/test_cpp_demo -- -j24 -l24
[0.034s] -- Found ament_cmake: 1.3.12 (/opt/ros/humble/share/ament_cmake/cmake)
[0.129s] -- Found rclcpp: 16.0.14 (/opt/ros/humble/share/rclcpp/cmake)
[0.148s] -- Found rosidl_generator_c: 3.1.7 (/opt/ros/humble/share/rosidl_generator_c/cmake)
[0.150s] -- Found rosidl_adapter: 3.1.7 (/opt/ros/humble/share/rosidl_adapter/cmake)
[0.154s] -- Found rosidl_generator_cpp: 3.1.7 (/opt/ros/humble/share/rosidl_generator_cpp/cmake)
[0.161s] -- Using all available rosidl_typesupport_c: rosidl_typesupport_fastrtps_c;rosidl_typesupport_introspection_c
[0.170s] -- Using all available rosidl_typesupport_cpp: rosidl_typesupport_fastrtps_cpp;rosidl_typesupport_introspection_cpp
[0.191s] -- Found rmw_implementation_cmake: 6.1.2 (/opt/ros/humble/share/rmw_implementation_cmake/cmake)
[0.192s] -- Found rmw_fastrtps_cpp: 6.2.8 (/opt/ros/humble/share/rmw_fastrtps_cpp/cmake)
[0.259s] -- Using RMW implementation 'rmw_fastrtps_cpp' as default
[0.291s] -- Found ament_lint_auto: 0.12.14 (/opt/ros/humble/share/ament_lint_auto/cmake)
[0.358s] -- Added test 'cppcheck' to perform static code analysis on C / C++ code
[0.358s] -- Configured cppcheck include dirs: /home/bayes/hssw/others/ros2project/test/cpp/bayes_workspace/src/test_cpp_demo/include/test_cpp_demo/
[0.358s] -- Configured cppcheck exclude dirs and/or files: 
[0.360s] -- Added test 'flake8' to check Python code syntax and style conventions
[0.363s] -- Added test 'lint_cmake' to check CMake code style
[0.365s] -- Added test 'pep257' to check Python code against some of the docstring style conventions in PEP 257
[0.374s] -- Added test 'uncrustify' to check C / C++ code style
[0.375s] -- Configured uncrustify additional arguments: 
[0.376s] -- Added test 'xmllint' to check XML markup files
[0.378s] -- Configuring done
[0.391s] -- Generating done
[0.395s] -- Build files have been written to: /home/bayes/hssw/others/ros2project/test/cpp/bayes_workspace/build/test_cpp_demo
[0.418s] [35m[1mConsolidate compiler generated dependencies of target bayes_test[0m
[0.428s] [ 16%] [32mBuilding CXX object CMakeFiles/PersonNode.dir/src/PersonNode.cpp.o[0m
[0.428s] [ 33%] [32mBuilding CXX object CMakeFiles/WriteNode.dir/src/WriteNode.cpp.o[0m
[0.430s] [ 66%] Built target bayes_test
[2.147s] [01m[K/home/bayes/hssw/others/ros2project/test/cpp/bayes_workspace/src/test_cpp_demo/src/WriteNode.cpp:[m[K In member function ‚Äò[01m[Kvirtual void WriteNode::eat(std::string)[m[K‚Äô:
[2.147s] [01m[K/home/bayes/hssw/others/ros2project/test/cpp/bayes_workspace/src/test_cpp_demo/src/WriteNode.cpp:10:29:[m[K [01;35m[Kwarning: [m[Kunused parameter ‚Äò[01m[Kfoodname[m[K‚Äô [[01;35m[K]8;;https://gcc.gnu.org/onlinedocs/gcc/Warning-Options.html#index-Wunused-parameter-Wunused-parameter]8;;[m[K]
[2.147s]    10 |     virtual void eat([01;35m[Kstring foodname[m[K)
[2.147s]       |                      [01;35m[K~~~~~~~^~~~~~~~[m[K
[2.148s] [01m[K/home/bayes/hssw/others/ros2project/test/cpp/bayes_workspace/src/test_cpp_demo/src/PersonNode.cpp:[m[K In function ‚Äò[01m[Kint main(int, char**)[m[K‚Äô:
[2.149s] [01m[K/home/bayes/hssw/others/ros2project/test/cpp/bayes_workspace/src/test_cpp_demo/src/PersonNode.cpp:18:51:[m[K [01;31m[Kerror: [m[Kconversion from ‚Äò[01m[Kstd::shared_ptr<PersonNode>[m[K‚Äô to non-scalar type ‚Äò[01m[KPersonNode[m[K‚Äô requested
[2.149s]    18 |     PersonNode node = [01;31m[Kstd::make_shared<PersonNode>("bayes0",30)[m[K;
[2.149s]       |                       [01;31m[K~~~~~~~~~~~~~~~~~~~~~~~~~~~~^~~~~~~~~~~~~[m[K
[2.149s] [01m[K/home/bayes/hssw/others/ros2project/test/cpp/bayes_workspace/src/test_cpp_demo/src/PersonNode.cpp:19:9:[m[K [01;31m[Kerror: [m[Kbase operand of ‚Äò[01m[K->[m[K‚Äô has non-pointer type ‚Äò[01m[KPersonNode[m[K‚Äô
[2.149s]    19 |     node[01;31m[K->[m[Keat("Â∞ñÊ§íËÇâ‰∏ù");
[2.149s]       |         [01;31m[K^~[m[K
[2.149s] [01m[K/home/bayes/hssw/others/ros2project/test/cpp/bayes_workspace/src/test_cpp_demo/src/PersonNode.cpp:20:17:[m[K [01;31m[Kerror: [m[Kno matching function for call to ‚Äò[01m[Kspin(PersonNode&)[m[K‚Äô
[2.149s]    20 |     [01;31m[Krclcpp::spin(node)[m[K;
[2.149s]       |     [01;31m[K~~~~~~~~~~~~^~~~~~[m[K
[2.149s] In file included from [01m[K/opt/ros/humble/include/rclcpp/rclcpp/rclcpp.hpp:155[m[K,
[2.149s]                  from [01m[K/home/bayes/hssw/others/ros2project/test/cpp/bayes_workspace/src/test_cpp_demo/include/test_cpp_demo/PersonNode.h:1[m[K,
[2.149s]                  from [01m[K/home/bayes/hssw/others/ros2project/test/cpp/bayes_workspace/src/test_cpp_demo/src/PersonNode.cpp:1[m[K:
[2.149s] [01m[K/opt/ros/humble/include/rclcpp/rclcpp/executors.hpp:45:1:[m[K [01;36m[Knote: [m[Kcandidate: ‚Äò[01m[Kvoid rclcpp::spin(rclcpp::node_interfaces::NodeBaseInterface::SharedPtr)[m[K‚Äô
[2.149s]    45 | [01;36m[Kspin[m[K(rclcpp::node_interfaces::NodeBaseInterface::SharedPtr node_ptr);
[2.149s]       | [01;36m[K^~~~[m[K
[2.149s] [01m[K/opt/ros/humble/include/rclcpp/rclcpp/executors.hpp:45:60:[m[K [01;36m[Knote: [m[K  no known conversion for argument 1 from ‚Äò[01m[KPersonNode[m[K‚Äô to ‚Äò[01m[Krclcpp::node_interfaces::NodeBaseInterface::SharedPtr[m[K‚Äô {aka ‚Äò[01m[Kstd::shared_ptr<rclcpp::node_interfaces::NodeBaseInterface>[m[K‚Äô}
[2.149s]    45 | spin([01;36m[Krclcpp::node_interfaces::NodeBaseInterface::SharedPtr node_ptr[m[K);
[2.150s]       |      [01;36m[K~~~~~~~~~~~~~~~~~~~~~~~~~~~~~~~~~~~~~~~~~~~~~~~~~~~~~~^~~~~~~~[m[K
[2.150s] [01m[K/opt/ros/humble/include/rclcpp/rclcpp/executors.hpp:49:1:[m[K [01;36m[Knote: [m[Kcandidate: ‚Äò[01m[Kvoid rclcpp::spin(rclcpp::Node::SharedPtr)[m[K‚Äô
[2.150s]    49 | [01;36m[Kspin[m[K(rclcpp::Node::SharedPtr node_ptr);
[2.150s]       | [01;36m[K^~~~[m[K
[2.150s] [01m[K/opt/ros/humble/include/rclcpp/rclcpp/executors.hpp:49:30:[m[K [01;36m[Knote: [m[K  no known conversion for argument 1 from ‚Äò[01m[KPersonNode[m[K‚Äô to ‚Äò[01m[Krclcpp::Node::SharedPtr[m[K‚Äô {aka ‚Äò[01m[Kstd::shared_ptr<rclcpp::Node>[m[K‚Äô}
[2.150s]    49 | spin([01;36m[Krclcpp::Node::SharedPtr node_ptr[m[K);
[2.150s]       |      [01;36m[K~~~~~~~~~~~~~~~~~~~~~~~~^~~~~~~~[m[K
[2.150s] [01m[K/home/bayes/hssw/others/ros2project/test/cpp/bayes_workspace/src/test_cpp_demo/src/WriteNode.cpp:[m[K In function ‚Äò[01m[Kint main(int, char**)[m[K‚Äô:
[2.150s] [01m[K/home/bayes/hssw/others/ros2project/test/cpp/bayes_workspace/src/test_cpp_demo/src/WriteNode.cpp:19:50:[m[K [01;31m[Kerror: [m[Kconversion from ‚Äò[01m[Kstd::shared_ptr<PersonNode>[m[K‚Äô to non-scalar type ‚Äò[01m[KWriteNode[m[K‚Äô requested
[2.150s]    19 |     WriteNode node = [01;31m[Kstd::make_shared<PersonNode>("bayes0",30)[m[K;
[2.150s]       |                      [01;31m[K~~~~~~~~~~~~~~~~~~~~~~~~~~~~^~~~~~~~~~~~~[m[K
[2.150s] [01m[K/home/bayes/hssw/others/ros2project/test/cpp/bayes_workspace/src/test_cpp_demo/src/WriteNode.cpp:20:9:[m[K [01;31m[Kerror: [m[Kbase operand of ‚Äò[01m[K->[m[K‚Äô has non-pointer type ‚Äò[01m[KWriteNode[m[K‚Äô
[2.150s]    20 |     node[01;31m[K->[m[Keat("Â∞ñÊ§íËÇâ‰∏ù");
[2.150s]       |         [01;31m[K^~[m[K
[2.150s] [01m[K/home/bayes/hssw/others/ros2project/test/cpp/bayes_workspace/src/test_cpp_demo/src/WriteNode.cpp:21:17:[m[K [01;31m[Kerror: [m[Kno matching function for call to ‚Äò[01m[Kspin(WriteNode&)[m[K‚Äô
[2.150s]    21 |     [01;31m[Krclcpp::spin(node)[m[K;
[2.150s]       |     [01;31m[K~~~~~~~~~~~~^~~~~~[m[K
[2.150s] In file included from [01m[K/opt/ros/humble/include/rclcpp/rclcpp/rclcpp.hpp:155[m[K,
[2.150s]                  from [01m[K/home/bayes/hssw/others/ros2project/test/cpp/bayes_workspace/src/test_cpp_demo/include/test_cpp_demo/PersonNode.h:1[m[K,
[2.150s]                  from [01m[K/home/bayes/hssw/others/ros2project/test/cpp/bayes_workspace/src/test_cpp_demo/src/WriteNode.cpp:1[m[K:
[2.150s] [01m[K/opt/ros/humble/include/rclcpp/rclcpp/executors.hpp:45:1:[m[K [01;36m[Knote: [m[Kcandidate: ‚Äò[01m[Kvoid rclcpp::spin(rclcpp::node_interfaces::NodeBaseInterface::SharedPtr)[m[K‚Äô
[2.151s]    45 | [01;36m[Kspin[m[K(rclcpp::node_interfaces::NodeBaseInterface::SharedPtr node_ptr);
[2.151s]       | [01;36m[K^~~~[m[K
[2.151s] [01m[K/opt/ros/humble/include/rclcpp/rclcpp/executors.hpp:45:60:[m[K [01;36m[Knote: [m[K  no known conversion for argument 1 from ‚Äò[01m[KWriteNode[m[K‚Äô to ‚Äò[01m[Krclcpp::node_interfaces::NodeBaseInterface::SharedPtr[m[K‚Äô {aka ‚Äò[01m[Kstd::shared_ptr<rclcpp::node_interfaces::NodeBaseInterface>[m[K‚Äô}
[2.151s]    45 | spin([01;36m[Krclcpp::node_interfaces::NodeBaseInterface::SharedPtr node_ptr[m[K);
[2.151s]       |      [01;36m[K~~~~~~~~~~~~~~~~~~~~~~~~~~~~~~~~~~~~~~~~~~~~~~~~~~~~~~^~~~~~~~[m[K
[2.151s] [01m[K/opt/ros/humble/include/rclcpp/rclcpp/executors.hpp:49:1:[m[K [01;36m[Knote: [m[Kcandidate: ‚Äò[01m[Kvoid rclcpp::spin(rclcpp::Node::SharedPtr)[m[K‚Äô
[2.151s]    49 | [01;36m[Kspin[m[K(rclcpp::Node::SharedPtr node_ptr);
[2.151s]       | [01;36m[K^~~~[m[K
[2.151s] [01m[K/opt/ros/humble/include/rclcpp/rclcpp/executors.hpp:49:30:[m[K [01;36m[Knote: [m[K  no known conversion for argument 1 from ‚Äò[01m[KWriteNode[m[K‚Äô to ‚Äò[01m[Krclcpp::Node::SharedPtr[m[K‚Äô {aka ‚Äò[01m[Kstd::shared_ptr<rclcpp::Node>[m[K‚Äô}
[2.151s]    49 | spin([01;36m[Krclcpp::Node::SharedPtr node_ptr[m[K);
[2.151s]       |      [01;36m[K~~~~~~~~~~~~~~~~~~~~~~~~^~~~~~~~[m[K
[2.441s] gmake[2]: *** [CMakeFiles/WriteNode.dir/build.make:76ÔºöCMakeFiles/WriteNode.dir/src/WriteNode.cpp.o] ÈîôËØØ 1
[2.441s] gmake[1]: *** [CMakeFiles/Makefile2:193ÔºöCMakeFiles/WriteNode.dir/all] ÈîôËØØ 2
[2.441s] gmake[1]: *** Ê≠£Âú®Á≠âÂæÖÊú™ÂÆåÊàêÁöÑ‰ªªÂä°....
[2.441s] gmake[2]: *** [CMakeFiles/PersonNode.dir/build.make:76ÔºöCMakeFiles/PersonNode.dir/src/PersonNode.cpp.o] ÈîôËØØ 1
[2.442s] gmake[1]: *** [CMakeFiles/Makefile2:167ÔºöCMakeFiles/PersonNode.dir/all] ÈîôËØØ 2
[2.442s] gmake: *** [Makefile:146Ôºöall] ÈîôËØØ 2
[2.444s] Invoked command in '/home/bayes/hssw/others/ros2project/test/cpp/bayes_workspace/build/test_cpp_demo' returned '2': CMAKE_PREFIX_PATH=/home/bayes/hssw/others/ros2project/test/python/workspace/install/demo_python_pkg:/opt/ros/humble /bin/cmake --build /home/bayes/hssw/others/ros2project/test/cpp/bayes_workspace/build/test_cpp_demo -- -j24 -l24
